<?xml version="1.0" encoding="UTF-8"?>
<testsuite xmlns:xsi="http://www.w3.org/2001/XMLSchema-instance" xsi:noNamespaceSchemaLocation="https://maven.apache.org/surefire/maven-surefire-plugin/xsd/surefire-test-report-3.0.xsd" version="3.0" name="com.example.WebPageTest" time="17.144" tests="1" errors="0" skipped="0" failures="0">
  <properties>
    <property name="java.specification.version" value="21"/>
    <property name="webdriver.chrome.driver" value="C:.\chromedriver-win64\chromedriver.exe"/>
    <property name="sun.cpu.isalist" value="amd64"/>
    <property name="sun.jnu.encoding" value="Cp1252"/>
    <property name="java.class.path" value="C:\Users\lucas.armenio\Documents\projetoJunit-main\projetoJunit\junit5-maven\target\test-classes;C:\Users\lucas.armenio\Documents\projetoJunit-main\projetoJunit\junit5-maven\target\classes;C:\Users\lucas.armenio\.m2\repository\org\junit\jupiter\junit-jupiter-engine\5.9.0\junit-jupiter-engine-5.9.0.jar;C:\Users\lucas.armenio\.m2\repository\org\junit\platform\junit-platform-engine\1.9.0\junit-platform-engine-1.9.0.jar;C:\Users\lucas.armenio\.m2\repository\org\opentest4j\opentest4j\1.2.0\opentest4j-1.2.0.jar;C:\Users\lucas.armenio\.m2\repository\org\junit\platform\junit-platform-commons\1.9.0\junit-platform-commons-1.9.0.jar;C:\Users\lucas.armenio\.m2\repository\org\junit\jupiter\junit-jupiter-api\5.9.0\junit-jupiter-api-5.9.0.jar;C:\Users\lucas.armenio\.m2\repository\org\apiguardian\apiguardian-api\1.1.2\apiguardian-api-1.1.2.jar;C:\Users\lucas.armenio\.m2\repository\org\seleniumhq\selenium\selenium-java\4.5.0\selenium-java-4.5.0.jar;C:\Users\lucas.armenio\.m2\repository\org\seleniumhq\selenium\selenium-api\4.5.0\selenium-api-4.5.0.jar;C:\Users\lucas.armenio\.m2\repository\org\seleniumhq\selenium\selenium-chrome-driver\4.5.0\selenium-chrome-driver-4.5.0.jar;C:\Users\lucas.armenio\.m2\repository\com\google\auto\service\auto-service-annotations\1.0.1\auto-service-annotations-1.0.1.jar;C:\Users\lucas.armenio\.m2\repository\com\google\auto\service\auto-service\1.0.1\auto-service-1.0.1.jar;C:\Users\lucas.armenio\.m2\repository\com\google\auto\auto-common\1.2\auto-common-1.2.jar;C:\Users\lucas.armenio\.m2\repository\com\google\guava\guava\31.1-jre\guava-31.1-jre.jar;C:\Users\lucas.armenio\.m2\repository\com\google\guava\failureaccess\1.0.1\failureaccess-1.0.1.jar;C:\Users\lucas.armenio\.m2\repository\com\google\guava\listenablefuture\9999.0-empty-to-avoid-conflict-with-guava\listenablefuture-9999.0-empty-to-avoid-conflict-with-guava.jar;C:\Users\lucas.armenio\.m2\repository\com\google\code\findbugs\jsr305\3.0.2\jsr305-3.0.2.jar;C:\Users\lucas.armenio\.m2\repository\org\checkerframework\checker-qual\3.12.0\checker-qual-3.12.0.jar;C:\Users\lucas.armenio\.m2\repository\com\google\errorprone\error_prone_annotations\2.11.0\error_prone_annotations-2.11.0.jar;C:\Users\lucas.armenio\.m2\repository\com\google\j2objc\j2objc-annotations\1.3\j2objc-annotations-1.3.jar;C:\Users\lucas.armenio\.m2\repository\org\seleniumhq\selenium\selenium-chromium-driver\4.5.0\selenium-chromium-driver-4.5.0.jar;C:\Users\lucas.armenio\.m2\repository\org\seleniumhq\selenium\selenium-json\4.5.0\selenium-json-4.5.0.jar;C:\Users\lucas.armenio\.m2\repository\org\seleniumhq\selenium\selenium-devtools-v104\4.5.0\selenium-devtools-v104-4.5.0.jar;C:\Users\lucas.armenio\.m2\repository\org\seleniumhq\selenium\selenium-devtools-v105\4.5.0\selenium-devtools-v105-4.5.0.jar;C:\Users\lucas.armenio\.m2\repository\org\seleniumhq\selenium\selenium-devtools-v106\4.5.0\selenium-devtools-v106-4.5.0.jar;C:\Users\lucas.armenio\.m2\repository\org\seleniumhq\selenium\selenium-devtools-v85\4.5.0\selenium-devtools-v85-4.5.0.jar;C:\Users\lucas.armenio\.m2\repository\org\seleniumhq\selenium\selenium-edge-driver\4.5.0\selenium-edge-driver-4.5.0.jar;C:\Users\lucas.armenio\.m2\repository\org\seleniumhq\selenium\selenium-firefox-driver\4.5.0\selenium-firefox-driver-4.5.0.jar;C:\Users\lucas.armenio\.m2\repository\org\seleniumhq\selenium\selenium-ie-driver\4.5.0\selenium-ie-driver-4.5.0.jar;C:\Users\lucas.armenio\.m2\repository\org\seleniumhq\selenium\selenium-remote-driver\4.5.0\selenium-remote-driver-4.5.0.jar;C:\Users\lucas.armenio\.m2\repository\com\beust\jcommander\1.82\jcommander-1.82.jar;C:\Users\lucas.armenio\.m2\repository\io\netty\netty-buffer\4.1.79.Final\netty-buffer-4.1.79.Final.jar;C:\Users\lucas.armenio\.m2\repository\io\netty\netty-codec-http\4.1.79.Final\netty-codec-http-4.1.79.Final.jar;C:\Users\lucas.armenio\.m2\repository\io\netty\netty-codec\4.1.79.Final\netty-codec-4.1.79.Final.jar;C:\Users\lucas.armenio\.m2\repository\io\netty\netty-handler\4.1.79.Final\netty-handler-4.1.79.Final.jar;C:\Users\lucas.armenio\.m2\repository\io\netty\netty-common\4.1.79.Final\netty-common-4.1.79.Final.jar;C:\Users\lucas.armenio\.m2\repository\io\netty\netty-transport-classes-epoll\4.1.79.Final\netty-transport-classes-epoll-4.1.79.Final.jar;C:\Users\lucas.armenio\.m2\repository\io\netty\netty-transport-classes-kqueue\4.1.79.Final\netty-transport-classes-kqueue-4.1.79.Final.jar;C:\Users\lucas.armenio\.m2\repository\io\netty\netty-transport-native-epoll\4.1.79.Final\netty-transport-native-epoll-4.1.79.Final.jar;C:\Users\lucas.armenio\.m2\repository\io\netty\netty-transport-native-kqueue\4.1.79.Final\netty-transport-native-kqueue-4.1.79.Final.jar;C:\Users\lucas.armenio\.m2\repository\io\netty\netty-transport-native-unix-common\4.1.79.Final\netty-transport-native-unix-common-4.1.79.Final.jar;C:\Users\lucas.armenio\.m2\repository\io\netty\netty-transport\4.1.79.Final\netty-transport-4.1.79.Final.jar;C:\Users\lucas.armenio\.m2\repository\io\netty\netty-resolver\4.1.79.Final\netty-resolver-4.1.79.Final.jar;C:\Users\lucas.armenio\.m2\repository\io\opentelemetry\opentelemetry-api\1.17.0\opentelemetry-api-1.17.0.jar;C:\Users\lucas.armenio\.m2\repository\io\opentelemetry\opentelemetry-context\1.17.0\opentelemetry-context-1.17.0.jar;C:\Users\lucas.armenio\.m2\repository\io\opentelemetry\opentelemetry-exporter-logging\1.17.0\opentelemetry-exporter-logging-1.17.0.jar;C:\Users\lucas.armenio\.m2\repository\io\opentelemetry\opentelemetry-sdk-metrics\1.17.0\opentelemetry-sdk-metrics-1.17.0.jar;C:\Users\lucas.armenio\.m2\repository\io\opentelemetry\opentelemetry-sdk-logs\1.17.0-alpha\opentelemetry-sdk-logs-1.17.0-alpha.jar;C:\Users\lucas.armenio\.m2\repository\io\opentelemetry\opentelemetry-sdk-common\1.17.0\opentelemetry-sdk-common-1.17.0.jar;C:\Users\lucas.armenio\.m2\repository\io\opentelemetry\opentelemetry-sdk-extension-autoconfigure-spi\1.17.0\opentelemetry-sdk-extension-autoconfigure-spi-1.17.0.jar;C:\Users\lucas.armenio\.m2\repository\io\opentelemetry\opentelemetry-sdk-extension-autoconfigure\1.17.0-alpha\opentelemetry-sdk-extension-autoconfigure-1.17.0-alpha.jar;C:\Users\lucas.armenio\.m2\repository\io\opentelemetry\opentelemetry-exporter-common\1.17.0\opentelemetry-exporter-common-1.17.0.jar;C:\Users\lucas.armenio\.m2\repository\io\opentelemetry\opentelemetry-sdk-trace\1.17.0\opentelemetry-sdk-trace-1.17.0.jar;C:\Users\lucas.armenio\.m2\repository\io\opentelemetry\opentelemetry-sdk\1.17.0\opentelemetry-sdk-1.17.0.jar;C:\Users\lucas.armenio\.m2\repository\io\opentelemetry\opentelemetry-semconv\1.17.0-alpha\opentelemetry-semconv-1.17.0-alpha.jar;C:\Users\lucas.armenio\.m2\repository\io\ous\jtoml\2.0.0\jtoml-2.0.0.jar;C:\Users\lucas.armenio\.m2\repository\net\bytebuddy\byte-buddy\1.12.14\byte-buddy-1.12.14.jar;C:\Users\lucas.armenio\.m2\repository\org\apache\commons\commons-exec\1.3\commons-exec-1.3.jar;C:\Users\lucas.armenio\.m2\repository\org\asynchttpclient\async-http-client\2.12.3\async-http-client-2.12.3.jar;C:\Users\lucas.armenio\.m2\repository\org\asynchttpclient\async-http-client-netty-utils\2.12.3\async-http-client-netty-utils-2.12.3.jar;C:\Users\lucas.armenio\.m2\repository\io\netty\netty-codec-socks\4.1.60.Final\netty-codec-socks-4.1.60.Final.jar;C:\Users\lucas.armenio\.m2\repository\io\netty\netty-handler-proxy\4.1.60.Final\netty-handler-proxy-4.1.60.Final.jar;C:\Users\lucas.armenio\.m2\repository\io\netty\netty-transport-native-epoll\4.1.60.Final\netty-transport-native-epoll-4.1.60.Final-linux-x86_64.jar;C:\Users\lucas.armenio\.m2\repository\io\netty\netty-transport-native-kqueue\4.1.60.Final\netty-transport-native-kqueue-4.1.60.Final-osx-x86_64.jar;C:\Users\lucas.armenio\.m2\repository\org\reactivestreams\reactive-streams\1.0.3\reactive-streams-1.0.3.jar;C:\Users\lucas.armenio\.m2\repository\com\typesafe\netty\netty-reactive-streams\2.0.4\netty-reactive-streams-2.0.4.jar;C:\Users\lucas.armenio\.m2\repository\com\sun\activation\jakarta.activation\1.2.2\jakarta.activation-1.2.2.jar;C:\Users\lucas.armenio\.m2\repository\org\seleniumhq\selenium\selenium-http\4.5.0\selenium-http-4.5.0.jar;C:\Users\lucas.armenio\.m2\repository\dev\failsafe\failsafe\3.2.4\failsafe-3.2.4.jar;C:\Users\lucas.armenio\.m2\repository\org\seleniumhq\selenium\selenium-safari-driver\4.5.0\selenium-safari-driver-4.5.0.jar;C:\Users\lucas.armenio\.m2\repository\org\seleniumhq\selenium\selenium-support\4.5.0\selenium-support-4.5.0.jar;C:\Users\lucas.armenio\.m2\repository\org\assertj\assertj-core\3.17.2\assertj-core-3.17.2.jar;C:\Users\lucas.armenio\.m2\repository\io\github\hakky54\logcaptor\2.3.1\logcaptor-2.3.1.jar;C:\Users\lucas.armenio\.m2\repository\ch\qos\logback\logback-classic\1.2.3\logback-classic-1.2.3.jar;C:\Users\lucas.armenio\.m2\repository\ch\qos\logback\logback-core\1.2.3\logback-core-1.2.3.jar;C:\Users\lucas.armenio\.m2\repository\org\slf4j\slf4j-api\1.7.25\slf4j-api-1.7.25.jar;C:\Users\lucas.armenio\.m2\repository\org\apache\logging\log4j\log4j-to-slf4j\2.14.0\log4j-to-slf4j-2.14.0.jar;C:\Users\lucas.armenio\.m2\repository\org\apache\logging\log4j\log4j-api\2.14.0\log4j-api-2.14.0.jar;"/>
    <property name="java.vm.vendor" value="Oracle Corporation"/>
    <property name="sun.arch.data.model" value="64"/>
    <property name="user.variant" value=""/>
    <property name="java.vendor.url" value="https://java.oracle.com/"/>
    <property name="user.timezone" value="America/Sao_Paulo"/>
    <property name="os.name" value="Windows 10"/>
    <property name="java.vm.specification.version" value="21"/>
    <property name="sun.java.launcher" value="SUN_STANDARD"/>
    <property name="user.country" value="US"/>
    <property name="sun.boot.library.path" value="C:\Program Files\Java\jdk-21\bin"/>
    <property name="sun.java.command" value="C:\Users\lucas.armenio\AppData\Local\Temp\surefire1256256217448525140\surefirebooter-20241114110050019_3.jar C:\Users\lucas.armenio\AppData\Local\Temp\surefire1256256217448525140 2024-11-14T11-00-49_776-jvmRun1 surefire-20241114110050019_1tmp surefire_0-20241114110050019_2tmp"/>
    <property name="jdk.debug" value="release"/>
    <property name="surefire.test.class.path" value="C:\Users\lucas.armenio\Documents\projetoJunit-main\projetoJunit\junit5-maven\target\test-classes;C:\Users\lucas.armenio\Documents\projetoJunit-main\projetoJunit\junit5-maven\target\classes;C:\Users\lucas.armenio\.m2\repository\org\junit\jupiter\junit-jupiter-engine\5.9.0\junit-jupiter-engine-5.9.0.jar;C:\Users\lucas.armenio\.m2\repository\org\junit\platform\junit-platform-engine\1.9.0\junit-platform-engine-1.9.0.jar;C:\Users\lucas.armenio\.m2\repository\org\opentest4j\opentest4j\1.2.0\opentest4j-1.2.0.jar;C:\Users\lucas.armenio\.m2\repository\org\junit\platform\junit-platform-commons\1.9.0\junit-platform-commons-1.9.0.jar;C:\Users\lucas.armenio\.m2\repository\org\junit\jupiter\junit-jupiter-api\5.9.0\junit-jupiter-api-5.9.0.jar;C:\Users\lucas.armenio\.m2\repository\org\apiguardian\apiguardian-api\1.1.2\apiguardian-api-1.1.2.jar;C:\Users\lucas.armenio\.m2\repository\org\seleniumhq\selenium\selenium-java\4.5.0\selenium-java-4.5.0.jar;C:\Users\lucas.armenio\.m2\repository\org\seleniumhq\selenium\selenium-api\4.5.0\selenium-api-4.5.0.jar;C:\Users\lucas.armenio\.m2\repository\org\seleniumhq\selenium\selenium-chrome-driver\4.5.0\selenium-chrome-driver-4.5.0.jar;C:\Users\lucas.armenio\.m2\repository\com\google\auto\service\auto-service-annotations\1.0.1\auto-service-annotations-1.0.1.jar;C:\Users\lucas.armenio\.m2\repository\com\google\auto\service\auto-service\1.0.1\auto-service-1.0.1.jar;C:\Users\lucas.armenio\.m2\repository\com\google\auto\auto-common\1.2\auto-common-1.2.jar;C:\Users\lucas.armenio\.m2\repository\com\google\guava\guava\31.1-jre\guava-31.1-jre.jar;C:\Users\lucas.armenio\.m2\repository\com\google\guava\failureaccess\1.0.1\failureaccess-1.0.1.jar;C:\Users\lucas.armenio\.m2\repository\com\google\guava\listenablefuture\9999.0-empty-to-avoid-conflict-with-guava\listenablefuture-9999.0-empty-to-avoid-conflict-with-guava.jar;C:\Users\lucas.armenio\.m2\repository\com\google\code\findbugs\jsr305\3.0.2\jsr305-3.0.2.jar;C:\Users\lucas.armenio\.m2\repository\org\checkerframework\checker-qual\3.12.0\checker-qual-3.12.0.jar;C:\Users\lucas.armenio\.m2\repository\com\google\errorprone\error_prone_annotations\2.11.0\error_prone_annotations-2.11.0.jar;C:\Users\lucas.armenio\.m2\repository\com\google\j2objc\j2objc-annotations\1.3\j2objc-annotations-1.3.jar;C:\Users\lucas.armenio\.m2\repository\org\seleniumhq\selenium\selenium-chromium-driver\4.5.0\selenium-chromium-driver-4.5.0.jar;C:\Users\lucas.armenio\.m2\repository\org\seleniumhq\selenium\selenium-json\4.5.0\selenium-json-4.5.0.jar;C:\Users\lucas.armenio\.m2\repository\org\seleniumhq\selenium\selenium-devtools-v104\4.5.0\selenium-devtools-v104-4.5.0.jar;C:\Users\lucas.armenio\.m2\repository\org\seleniumhq\selenium\selenium-devtools-v105\4.5.0\selenium-devtools-v105-4.5.0.jar;C:\Users\lucas.armenio\.m2\repository\org\seleniumhq\selenium\selenium-devtools-v106\4.5.0\selenium-devtools-v106-4.5.0.jar;C:\Users\lucas.armenio\.m2\repository\org\seleniumhq\selenium\selenium-devtools-v85\4.5.0\selenium-devtools-v85-4.5.0.jar;C:\Users\lucas.armenio\.m2\repository\org\seleniumhq\selenium\selenium-edge-driver\4.5.0\selenium-edge-driver-4.5.0.jar;C:\Users\lucas.armenio\.m2\repository\org\seleniumhq\selenium\selenium-firefox-driver\4.5.0\selenium-firefox-driver-4.5.0.jar;C:\Users\lucas.armenio\.m2\repository\org\seleniumhq\selenium\selenium-ie-driver\4.5.0\selenium-ie-driver-4.5.0.jar;C:\Users\lucas.armenio\.m2\repository\org\seleniumhq\selenium\selenium-remote-driver\4.5.0\selenium-remote-driver-4.5.0.jar;C:\Users\lucas.armenio\.m2\repository\com\beust\jcommander\1.82\jcommander-1.82.jar;C:\Users\lucas.armenio\.m2\repository\io\netty\netty-buffer\4.1.79.Final\netty-buffer-4.1.79.Final.jar;C:\Users\lucas.armenio\.m2\repository\io\netty\netty-codec-http\4.1.79.Final\netty-codec-http-4.1.79.Final.jar;C:\Users\lucas.armenio\.m2\repository\io\netty\netty-codec\4.1.79.Final\netty-codec-4.1.79.Final.jar;C:\Users\lucas.armenio\.m2\repository\io\netty\netty-handler\4.1.79.Final\netty-handler-4.1.79.Final.jar;C:\Users\lucas.armenio\.m2\repository\io\netty\netty-common\4.1.79.Final\netty-common-4.1.79.Final.jar;C:\Users\lucas.armenio\.m2\repository\io\netty\netty-transport-classes-epoll\4.1.79.Final\netty-transport-classes-epoll-4.1.79.Final.jar;C:\Users\lucas.armenio\.m2\repository\io\netty\netty-transport-classes-kqueue\4.1.79.Final\netty-transport-classes-kqueue-4.1.79.Final.jar;C:\Users\lucas.armenio\.m2\repository\io\netty\netty-transport-native-epoll\4.1.79.Final\netty-transport-native-epoll-4.1.79.Final.jar;C:\Users\lucas.armenio\.m2\repository\io\netty\netty-transport-native-kqueue\4.1.79.Final\netty-transport-native-kqueue-4.1.79.Final.jar;C:\Users\lucas.armenio\.m2\repository\io\netty\netty-transport-native-unix-common\4.1.79.Final\netty-transport-native-unix-common-4.1.79.Final.jar;C:\Users\lucas.armenio\.m2\repository\io\netty\netty-transport\4.1.79.Final\netty-transport-4.1.79.Final.jar;C:\Users\lucas.armenio\.m2\repository\io\netty\netty-resolver\4.1.79.Final\netty-resolver-4.1.79.Final.jar;C:\Users\lucas.armenio\.m2\repository\io\opentelemetry\opentelemetry-api\1.17.0\opentelemetry-api-1.17.0.jar;C:\Users\lucas.armenio\.m2\repository\io\opentelemetry\opentelemetry-context\1.17.0\opentelemetry-context-1.17.0.jar;C:\Users\lucas.armenio\.m2\repository\io\opentelemetry\opentelemetry-exporter-logging\1.17.0\opentelemetry-exporter-logging-1.17.0.jar;C:\Users\lucas.armenio\.m2\repository\io\opentelemetry\opentelemetry-sdk-metrics\1.17.0\opentelemetry-sdk-metrics-1.17.0.jar;C:\Users\lucas.armenio\.m2\repository\io\opentelemetry\opentelemetry-sdk-logs\1.17.0-alpha\opentelemetry-sdk-logs-1.17.0-alpha.jar;C:\Users\lucas.armenio\.m2\repository\io\opentelemetry\opentelemetry-sdk-common\1.17.0\opentelemetry-sdk-common-1.17.0.jar;C:\Users\lucas.armenio\.m2\repository\io\opentelemetry\opentelemetry-sdk-extension-autoconfigure-spi\1.17.0\opentelemetry-sdk-extension-autoconfigure-spi-1.17.0.jar;C:\Users\lucas.armenio\.m2\repository\io\opentelemetry\opentelemetry-sdk-extension-autoconfigure\1.17.0-alpha\opentelemetry-sdk-extension-autoconfigure-1.17.0-alpha.jar;C:\Users\lucas.armenio\.m2\repository\io\opentelemetry\opentelemetry-exporter-common\1.17.0\opentelemetry-exporter-common-1.17.0.jar;C:\Users\lucas.armenio\.m2\repository\io\opentelemetry\opentelemetry-sdk-trace\1.17.0\opentelemetry-sdk-trace-1.17.0.jar;C:\Users\lucas.armenio\.m2\repository\io\opentelemetry\opentelemetry-sdk\1.17.0\opentelemetry-sdk-1.17.0.jar;C:\Users\lucas.armenio\.m2\repository\io\opentelemetry\opentelemetry-semconv\1.17.0-alpha\opentelemetry-semconv-1.17.0-alpha.jar;C:\Users\lucas.armenio\.m2\repository\io\ous\jtoml\2.0.0\jtoml-2.0.0.jar;C:\Users\lucas.armenio\.m2\repository\net\bytebuddy\byte-buddy\1.12.14\byte-buddy-1.12.14.jar;C:\Users\lucas.armenio\.m2\repository\org\apache\commons\commons-exec\1.3\commons-exec-1.3.jar;C:\Users\lucas.armenio\.m2\repository\org\asynchttpclient\async-http-client\2.12.3\async-http-client-2.12.3.jar;C:\Users\lucas.armenio\.m2\repository\org\asynchttpclient\async-http-client-netty-utils\2.12.3\async-http-client-netty-utils-2.12.3.jar;C:\Users\lucas.armenio\.m2\repository\io\netty\netty-codec-socks\4.1.60.Final\netty-codec-socks-4.1.60.Final.jar;C:\Users\lucas.armenio\.m2\repository\io\netty\netty-handler-proxy\4.1.60.Final\netty-handler-proxy-4.1.60.Final.jar;C:\Users\lucas.armenio\.m2\repository\io\netty\netty-transport-native-epoll\4.1.60.Final\netty-transport-native-epoll-4.1.60.Final-linux-x86_64.jar;C:\Users\lucas.armenio\.m2\repository\io\netty\netty-transport-native-kqueue\4.1.60.Final\netty-transport-native-kqueue-4.1.60.Final-osx-x86_64.jar;C:\Users\lucas.armenio\.m2\repository\org\reactivestreams\reactive-streams\1.0.3\reactive-streams-1.0.3.jar;C:\Users\lucas.armenio\.m2\repository\com\typesafe\netty\netty-reactive-streams\2.0.4\netty-reactive-streams-2.0.4.jar;C:\Users\lucas.armenio\.m2\repository\com\sun\activation\jakarta.activation\1.2.2\jakarta.activation-1.2.2.jar;C:\Users\lucas.armenio\.m2\repository\org\seleniumhq\selenium\selenium-http\4.5.0\selenium-http-4.5.0.jar;C:\Users\lucas.armenio\.m2\repository\dev\failsafe\failsafe\3.2.4\failsafe-3.2.4.jar;C:\Users\lucas.armenio\.m2\repository\org\seleniumhq\selenium\selenium-safari-driver\4.5.0\selenium-safari-driver-4.5.0.jar;C:\Users\lucas.armenio\.m2\repository\org\seleniumhq\selenium\selenium-support\4.5.0\selenium-support-4.5.0.jar;C:\Users\lucas.armenio\.m2\repository\org\assertj\assertj-core\3.17.2\assertj-core-3.17.2.jar;C:\Users\lucas.armenio\.m2\repository\io\github\hakky54\logcaptor\2.3.1\logcaptor-2.3.1.jar;C:\Users\lucas.armenio\.m2\repository\ch\qos\logback\logback-classic\1.2.3\logback-classic-1.2.3.jar;C:\Users\lucas.armenio\.m2\repository\ch\qos\logback\logback-core\1.2.3\logback-core-1.2.3.jar;C:\Users\lucas.armenio\.m2\repository\org\slf4j\slf4j-api\1.7.25\slf4j-api-1.7.25.jar;C:\Users\lucas.armenio\.m2\repository\org\apache\logging\log4j\log4j-to-slf4j\2.14.0\log4j-to-slf4j-2.14.0.jar;C:\Users\lucas.armenio\.m2\repository\org\apache\logging\log4j\log4j-api\2.14.0\log4j-api-2.14.0.jar;"/>
    <property name="sun.cpu.endian" value="little"/>
    <property name="user.home" value="C:\Users\lucas.armenio"/>
    <property name="user.language" value="en"/>
    <property name="java.specification.vendor" value="Oracle Corporation"/>
    <property name="java.version.date" value="2024-10-15"/>
    <property name="java.home" value="C:\Program Files\Java\jdk-21"/>
    <property name="file.separator" value="\"/>
    <property name="basedir" value="C:\Users\lucas.armenio\Documents\projetoJunit-main\projetoJunit\junit5-maven"/>
    <property name="java.vm.compressedOopsMode" value="Zero based"/>
    <property name="line.separator" value="&#10;"/>
    <property name="java.vm.specification.vendor" value="Oracle Corporation"/>
    <property name="java.specification.name" value="Java Platform API Specification"/>
    <property name="surefire.real.class.path" value="C:\Users\lucas.armenio\AppData\Local\Temp\surefire1256256217448525140\surefirebooter-20241114110050019_3.jar"/>
    <property name="user.script" value=""/>
    <property name="sun.management.compiler" value="HotSpot 64-Bit Tiered Compilers"/>
    <property name="java.runtime.version" value="21.0.5+9-LTS-239"/>
    <property name="user.name" value="lucas.armenio"/>
    <property name="stdout.encoding" value="Cp1252"/>
    <property name="path.separator" value=";"/>
    <property name="os.version" value="10.0"/>
    <property name="java.runtime.name" value="Java(TM) SE Runtime Environment"/>
    <property name="file.encoding" value="UTF-8"/>
    <property name="java.vm.name" value="Java HotSpot(TM) 64-Bit Server VM"/>
    <property name="localRepository" value="C:\Users\lucas.armenio\.m2\repository"/>
    <property name="java.vendor.url.bug" value="https://bugreport.java.com/bugreport/"/>
    <property name="java.io.tmpdir" value="C:\Users\LUCAS~1.ARM\AppData\Local\Temp\"/>
    <property name="java.version" value="21.0.5"/>
    <property name="user.dir" value="C:\Users\lucas.armenio\Documents\projetoJunit-main\projetoJunit\junit5-maven"/>
    <property name="os.arch" value="amd64"/>
    <property name="java.vm.specification.name" value="Java Virtual Machine Specification"/>
    <property name="sun.os.patch.level" value=""/>
    <property name="native.encoding" value="Cp1252"/>
    <property name="java.library.path" value="C:\Program Files\Java\jdk-21\bin;C:\Windows\Sun\Java\bin;C:\Windows\system32;C:\Windows;C:\Program Files\Common Files\Oracle\Java\javapath;C:\Program Files (x86)\Common Files\Oracle\Java\javapath;C:\Windows\system32;C:\Windows;C:\Windows\System32\Wbem;C:\Windows\System32\WindowsPowerShell\v1.0\;C:\Windows\System32\OpenSSH\;c:\bin;C:\Program Files\Java\jdk-21;C:\Program Files (x86)\Lua\5.1;C:\Program Files (x86)\Lua\5.1\clibs;C:\PHP\;C:\Program Files\Git\cmd;C:\Users\lucas.armenio\AppData\Roaming\Microsoft\Windows\Start Menu\Programs\python;C:\Program Files\apache-maven-3.9.9\bin;C:\Users\lucas.armenio\AppData\Local\Programs\Python\Python313\Scripts\;C:\Users\lucas.armenio\AppData\Local\Programs\Python\Python313\;C:\Users\lucas.armenio\AppData\Local\Programs\Python\Launcher\;C:\Users\lucas.armenio\AppData\Local\Microsoft\WindowsApps;C:\Users\lucas.armenio\AppData\Local\Programs\Microsoft VS Code\bin;."/>
    <property name="java.vm.info" value="mixed mode, sharing"/>
    <property name="stderr.encoding" value="Cp1252"/>
    <property name="java.vendor" value="Oracle Corporation"/>
    <property name="java.vm.version" value="21.0.5+9-LTS-239"/>
    <property name="sun.io.unicode.encoding" value="UnicodeLittle"/>
    <property name="java.class.version" value="65.0"/>
  </properties>
  <testcase name="testLoginInPage" classname="com.example.WebPageTest" time="16.625">
    <system-out><![CDATA[11:00:51.356 [main] INFO com.example.WebPageTest - --- Testing Login Process For All Users Available In The List ---
11:00:51.362 [main] INFO com.example.WebPageTest - ------------------Starting Test---------------------
11:00:51.593 [main] DEBUG io.netty.util.internal.logging.InternalLoggerFactory - Using SLF4J as the default logging framework
11:00:51.598 [main] DEBUG io.netty.util.ResourceLeakDetector - -Dio.netty.leakDetection.level: simple
11:00:51.599 [main] DEBUG io.netty.util.ResourceLeakDetector - -Dio.netty.leakDetection.targetRecords: 4
11:00:51.608 [main] DEBUG io.netty.util.ResourceLeakDetectorFactory - Loaded default ResourceLeakDetector: io.netty.util.ResourceLeakDetector@7dfb0c0f
11:00:51.632 [main] DEBUG io.netty.util.internal.PlatformDependent0 - -Dio.netty.noUnsafe: false
11:00:51.632 [main] DEBUG io.netty.util.internal.PlatformDependent0 - Java version: 21
11:00:51.635 [main] DEBUG io.netty.util.internal.PlatformDependent0 - sun.misc.Unsafe.theUnsafe: available
11:00:51.636 [main] DEBUG io.netty.util.internal.PlatformDependent0 - sun.misc.Unsafe.copyMemory: available
11:00:51.637 [main] DEBUG io.netty.util.internal.PlatformDependent0 - sun.misc.Unsafe.storeFence: available
11:00:51.638 [main] DEBUG io.netty.util.internal.PlatformDependent0 - java.nio.Buffer.address: available
11:00:51.639 [main] DEBUG io.netty.util.internal.PlatformDependent0 - direct buffer constructor: unavailable: java.nio.DirectByteBuffer.<init>(long,int)
11:00:51.640 [main] DEBUG io.netty.util.internal.PlatformDependent0 - java.nio.Bits.unaligned: available, true
11:00:51.642 [main] DEBUG io.netty.util.internal.PlatformDependent0 - jdk.internal.misc.Unsafe.allocateUninitializedArray(int): unavailable: class io.netty.util.internal.PlatformDependent0$7 cannot access class jdk.internal.misc.Unsafe (in module java.base) because module java.base does not export jdk.internal.misc to unnamed module @2eda0940
11:00:51.649 [main] DEBUG io.netty.util.internal.PlatformDependent0 - java.nio.DirectByteBuffer.<init>(long, int): unavailable
11:00:51.650 [main] DEBUG io.netty.util.internal.PlatformDependent - sun.misc.Unsafe: available
11:00:51.652 [main] DEBUG io.netty.util.internal.PlatformDependent - maxDirectMemory: 3210739712 bytes (maybe)
11:00:51.652 [main] DEBUG io.netty.util.internal.PlatformDependent - -Dio.netty.tmpdir: C:\Users\LUCAS~1.ARM\AppData\Local\Temp (java.io.tmpdir)
11:00:51.652 [main] DEBUG io.netty.util.internal.PlatformDependent - -Dio.netty.bitMode: 64 (sun.arch.data.model)
11:00:51.653 [main] DEBUG io.netty.util.internal.PlatformDependent - Platform: Windows
11:00:51.655 [main] DEBUG io.netty.util.internal.PlatformDependent - -Dio.netty.maxDirectMemory: -1 bytes
11:00:51.655 [main] DEBUG io.netty.util.internal.PlatformDependent - -Dio.netty.uninitializedArrayAllocationThreshold: -1
11:00:51.668 [main] DEBUG io.netty.util.internal.CleanerJava9 - java.nio.ByteBuffer.cleaner(): available
11:00:51.668 [main] DEBUG io.netty.util.internal.PlatformDependent - -Dio.netty.noPreferDirect: false
11:00:51.702 [main] DEBUG io.netty.util.internal.PlatformDependent - org.jctools-core.MpscChunkedArrayQueue: available
11:00:51.759 [main] DEBUG io.netty.util.internal.InternalThreadLocalMap - -Dio.netty.threadLocalMap.stringBuilder.initialSize: 1024
11:00:51.759 [main] DEBUG io.netty.util.internal.InternalThreadLocalMap - -Dio.netty.threadLocalMap.stringBuilder.maxSize: 4096
11:00:52.109 [main] DEBUG io.netty.handler.ssl.JdkSslContext - Default protocols (JDK): [TLSv1.3, TLSv1.2] 
11:00:52.109 [main] DEBUG io.netty.handler.ssl.JdkSslContext - Default cipher suites (JDK): [TLS_ECDHE_ECDSA_WITH_AES_256_GCM_SHA384, TLS_ECDHE_ECDSA_WITH_AES_128_GCM_SHA256, TLS_ECDHE_RSA_WITH_AES_128_GCM_SHA256, TLS_ECDHE_RSA_WITH_AES_256_GCM_SHA384, TLS_ECDHE_RSA_WITH_AES_128_CBC_SHA, TLS_ECDHE_RSA_WITH_AES_256_CBC_SHA, TLS_RSA_WITH_AES_128_GCM_SHA256, TLS_RSA_WITH_AES_128_CBC_SHA, TLS_RSA_WITH_AES_256_CBC_SHA, TLS_AES_128_GCM_SHA256, TLS_AES_256_GCM_SHA384]
11:00:52.145 [main] DEBUG io.netty.channel.MultithreadEventLoopGroup - -Dio.netty.eventLoopThreads: 8
11:00:52.162 [main] DEBUG io.netty.channel.nio.NioEventLoop - -Dio.netty.noKeySetOptimization: false
11:00:52.162 [main] DEBUG io.netty.channel.nio.NioEventLoop - -Dio.netty.selectorAutoRebuildThreshold: 512
11:00:52.238 [main] DEBUG io.netty.buffer.PooledByteBufAllocator - -Dio.netty.allocator.numHeapArenas: 8
11:00:52.238 [main] DEBUG io.netty.buffer.PooledByteBufAllocator - -Dio.netty.allocator.numDirectArenas: 8
11:00:52.238 [main] DEBUG io.netty.buffer.PooledByteBufAllocator - -Dio.netty.allocator.pageSize: 8192
11:00:52.238 [main] DEBUG io.netty.buffer.PooledByteBufAllocator - -Dio.netty.allocator.maxOrder: 9
11:00:52.239 [main] DEBUG io.netty.buffer.PooledByteBufAllocator - -Dio.netty.allocator.chunkSize: 4194304
11:00:52.239 [main] DEBUG io.netty.buffer.PooledByteBufAllocator - -Dio.netty.allocator.smallCacheSize: 256
11:00:52.239 [main] DEBUG io.netty.buffer.PooledByteBufAllocator - -Dio.netty.allocator.normalCacheSize: 64
11:00:52.240 [main] DEBUG io.netty.buffer.PooledByteBufAllocator - -Dio.netty.allocator.maxCachedBufferCapacity: 32768
11:00:52.240 [main] DEBUG io.netty.buffer.PooledByteBufAllocator - -Dio.netty.allocator.cacheTrimInterval: 8192
11:00:52.240 [main] DEBUG io.netty.buffer.PooledByteBufAllocator - -Dio.netty.allocator.cacheTrimIntervalMillis: 0
11:00:52.241 [main] DEBUG io.netty.buffer.PooledByteBufAllocator - -Dio.netty.allocator.useCacheForAllThreads: false
11:00:52.241 [main] DEBUG io.netty.buffer.PooledByteBufAllocator - -Dio.netty.allocator.maxCachedByteBuffersPerChunk: 1023
11:00:52.253 [main] DEBUG io.netty.buffer.ByteBufUtil - -Dio.netty.allocator.type: pooled
11:00:52.253 [main] DEBUG io.netty.buffer.ByteBufUtil - -Dio.netty.threadLocalDirectBufferSize: 0
11:00:52.253 [main] DEBUG io.netty.buffer.ByteBufUtil - -Dio.netty.maxThreadLocalCharBufferSize: 16384
11:00:53.286 [Forwarding newSession on session null to remote] DEBUG io.netty.channel.DefaultChannelId - -Dio.netty.processId: 14624 (auto-detected)
11:00:53.293 [Forwarding newSession on session null to remote] DEBUG io.netty.util.NetUtil - -Djava.net.preferIPv4Stack: false
11:00:53.293 [Forwarding newSession on session null to remote] DEBUG io.netty.util.NetUtil - -Djava.net.preferIPv6Addresses: false
11:00:53.297 [Forwarding newSession on session null to remote] DEBUG io.netty.util.NetUtilInitializations - Loopback interface: loopback_0 (Software Loopback Interface 1, 0:0:0:0:0:0:0:1)
11:00:53.299 [Forwarding newSession on session null to remote] DEBUG io.netty.util.NetUtil - Failed to get SOMAXCONN from sysctl and file \proc\sys\net\core\somaxconn. Default: 200
11:00:53.302 [Forwarding newSession on session null to remote] DEBUG io.netty.channel.DefaultChannelId - -Dio.netty.machineId: f0:4d:a2:ff:fe:e5:3a:46 (auto-detected)
11:00:53.364 [AsyncHttpClient-1-2] DEBUG io.netty.buffer.AbstractByteBuf - -Dio.netty.buffer.checkAccessible: true
11:00:53.364 [AsyncHttpClient-1-2] DEBUG io.netty.buffer.AbstractByteBuf - -Dio.netty.buffer.checkBounds: true
11:00:53.364 [AsyncHttpClient-1-2] DEBUG io.netty.util.ResourceLeakDetectorFactory - Loaded default ResourceLeakDetector: io.netty.util.ResourceLeakDetector@3deab5ba
11:00:53.379 [AsyncHttpClient-1-2] DEBUG org.asynchttpclient.netty.channel.NettyConnectListener - Using new Channel '[id: 0x8f4cb30b, L:/127.0.0.1:52805 - R:localhost/127.0.0.1:62844]' for 'POST' to '/session'
11:00:53.404 [AsyncHttpClient-1-2] DEBUG io.netty.util.Recycler - -Dio.netty.recycler.maxCapacityPerThread: 4096
11:00:53.404 [AsyncHttpClient-1-2] DEBUG io.netty.util.Recycler - -Dio.netty.recycler.ratio: 8
11:00:53.404 [AsyncHttpClient-1-2] DEBUG io.netty.util.Recycler - -Dio.netty.recycler.chunkSize: 32
11:00:53.404 [AsyncHttpClient-1-2] DEBUG io.netty.util.Recycler - -Dio.netty.recycler.blocking: false
11:00:55.301 [AsyncHttpClient-1-2] DEBUG io.netty.handler.codec.compression.Brotli - brotli4j not in the classpath; Brotli support will be unavailable.
11:00:55.301 [AsyncHttpClient-1-2] DEBUG org.asynchttpclient.netty.handler.HttpHandler - 

Request DefaultHttpRequest(decodeResult: success, version: HTTP/1.1)
POST /session HTTP/1.1
User-Agent: selenium/4.5.0 (java windows)
Content-Length: 703
Content-Type: application/json; charset=utf-8
host: localhost:62844
accept: */*

Response DefaultHttpResponse(decodeResult: success, version: HTTP/1.1)
HTTP/1.1 200 OK
Content-Type: application/json; charset=utf-8
cache-control: no-cache
content-length: 884

11:00:55.311 [AsyncHttpClient-1-2] DEBUG org.asynchttpclient.netty.channel.ChannelManager - Adding key: http://localhost:62844 for channel [id: 0x8f4cb30b, L:/127.0.0.1:52805 - R:localhost/127.0.0.1:62844]
11:00:55.449 [AsyncHttpClient-1-1] DEBUG org.asynchttpclient.netty.channel.DefaultChannelPool - Entry count for : http://localhost:62844 : 1
11:00:55.698 [AsyncHttpClient-1-3] DEBUG org.asynchttpclient.netty.channel.NettyConnectListener - Using new Channel '[id: 0x0533ae10, L:/127.0.0.1:52815 - R:localhost/127.0.0.1:9222]' for 'GET' to '/json/version'
11:00:55.706 [AsyncHttpClient-1-3] DEBUG org.asynchttpclient.netty.handler.HttpHandler - 

Request DefaultFullHttpRequest(decodeResult: success, version: HTTP/1.1, content: EmptyByteBufBE)
GET /json/version HTTP/1.1
User-Agent: selenium/4.5.0 (java windows)
host: localhost:9222
accept: */*

Response DefaultHttpResponse(decodeResult: success, version: HTTP/1.1)
HTTP/1.1 200 OK
Content-Security-Policy: frame-ancestors 'none'
Content-Type: application/json; charset=UTF-8
content-length: 421

11:00:55.709 [AsyncHttpClient-1-3] DEBUG org.asynchttpclient.netty.channel.ChannelManager - Adding key: http://localhost:9222 for channel [id: 0x0533ae10, L:/127.0.0.1:52815 - R:localhost/127.0.0.1:9222]
11:00:55.721 [main] DEBUG io.netty.util.internal.ThreadLocalRandom - -Dio.netty.initialSeedUniquifier: 0x6a80d50770324a75
11:00:55.753 [AsyncHttpClient-1-4] DEBUG org.asynchttpclient.netty.channel.NettyConnectListener - Using new Channel '[id: 0x0fd9b0c3, L:/127.0.0.1:52816 - R:localhost/127.0.0.1:9222]' for 'GET' to '/devtools/browser/06c8be7a-36a9-4710-af70-adb72c562b1e'
11:00:55.761 [AsyncHttpClient-1-4] DEBUG org.asynchttpclient.netty.handler.WebSocketHandler - 

Request DefaultFullHttpRequest(decodeResult: success, version: HTTP/1.1, content: EmptyByteBufBE)
GET /devtools/browser/06c8be7a-36a9-4710-af70-adb72c562b1e HTTP/1.1
upgrade: websocket
connection: upgrade
sec-websocket-key: a+jrn7fFCkyyj7LtrOAyVA==
sec-websocket-version: 13
origin: http://localhost:9222
host: localhost:9222
accept: */*
user-agent: AHC/2.1

Response DefaultHttpResponse(decodeResult: success, version: HTTP/1.1)
HTTP/1.1 101 WebSocket Protocol Handshake
Upgrade: WebSocket
Connection: Upgrade
Sec-WebSocket-Accept: inKlCGY4V3bMuF5iSLw28lRS9z4=

11:00:55.813 [Forwarding get on session e2016208e47ec014ebafadf7331fb42c to remote] DEBUG org.asynchttpclient.netty.request.NettyRequestSender - Using pooled Channel '[id: 0x8f4cb30b, L:/127.0.0.1:52805 - R:localhost/127.0.0.1:62844]' for 'POST' to 'http://localhost:62844/session/e2016208e47ec014ebafadf7331fb42c/url'
11:00:55.814 [Forwarding get on session e2016208e47ec014ebafadf7331fb42c to remote] DEBUG org.asynchttpclient.netty.request.NettyRequestSender - Using open Channel [id: 0x8f4cb30b, L:/127.0.0.1:52805 - R:localhost/127.0.0.1:62844] for POST '/session/e2016208e47ec014ebafadf7331fb42c/url'
11:00:56.514 [AsyncHttpClient-1-1] DEBUG org.asynchttpclient.netty.channel.DefaultChannelPool - Entry count for : http://localhost:9222 : 1
11:00:57.620 [AsyncHttpClient-1-1] DEBUG org.asynchttpclient.netty.channel.DefaultChannelPool - Entry count for : http://localhost:9222 : 1
11:00:58.718 [AsyncHttpClient-1-1] DEBUG org.asynchttpclient.netty.channel.DefaultChannelPool - Entry count for : http://localhost:9222 : 1
11:00:59.821 [AsyncHttpClient-1-1] DEBUG org.asynchttpclient.netty.channel.DefaultChannelPool - Entry count for : http://localhost:9222 : 1
11:01:00.309 [AsyncHttpClient-1-2] DEBUG org.asynchttpclient.netty.handler.HttpHandler - 

Request DefaultHttpRequest(decodeResult: success, version: HTTP/1.1)
POST /session/e2016208e47ec014ebafadf7331fb42c/url HTTP/1.1
User-Agent: selenium/4.5.0 (java windows)
Content-Length: 56
Content-Type: application/json; charset=utf-8
host: localhost:62844
accept: */*

Response DefaultHttpResponse(decodeResult: success, version: HTTP/1.1)
HTTP/1.1 200 OK
Content-Type: application/json; charset=utf-8
cache-control: no-cache
content-length: 14

11:01:00.309 [AsyncHttpClient-1-2] DEBUG org.asynchttpclient.netty.channel.ChannelManager - Adding key: http://localhost:62844 for channel [id: 0x8f4cb30b, L:/127.0.0.1:52805 - R:localhost/127.0.0.1:62844]
11:01:00.314 [Forwarding getTitle on session e2016208e47ec014ebafadf7331fb42c to remote] DEBUG org.asynchttpclient.netty.request.NettyRequestSender - Using pooled Channel '[id: 0x8f4cb30b, L:/127.0.0.1:52805 - R:localhost/127.0.0.1:62844]' for 'GET' to 'http://localhost:62844/session/e2016208e47ec014ebafadf7331fb42c/title'
11:01:00.314 [Forwarding getTitle on session e2016208e47ec014ebafadf7331fb42c to remote] DEBUG org.asynchttpclient.netty.request.NettyRequestSender - Using open Channel [id: 0x8f4cb30b, L:/127.0.0.1:52805 - R:localhost/127.0.0.1:62844] for GET '/session/e2016208e47ec014ebafadf7331fb42c/title'
11:01:00.328 [AsyncHttpClient-1-2] DEBUG org.asynchttpclient.netty.handler.HttpHandler - 

Request DefaultFullHttpRequest(decodeResult: success, version: HTTP/1.1, content: EmptyByteBufBE)
GET /session/e2016208e47ec014ebafadf7331fb42c/title HTTP/1.1
User-Agent: selenium/4.5.0 (java windows)
Cache-Control: no-cache
Content-Type: application/json; charset=utf-8
host: localhost:62844
accept: */*

Response DefaultHttpResponse(decodeResult: success, version: HTTP/1.1)
HTTP/1.1 200 OK
Content-Type: application/json; charset=utf-8
cache-control: no-cache
content-length: 21

11:01:00.328 [AsyncHttpClient-1-2] DEBUG org.asynchttpclient.netty.channel.ChannelManager - Adding key: http://localhost:62844 for channel [id: 0x8f4cb30b, L:/127.0.0.1:52805 - R:localhost/127.0.0.1:62844]
11:01:00.329 [main] INFO com.example.WebPageTest - Swag Labs
11:01:00.329 [main] INFO com.example.WebPageTest - --------------------------Starting Login Process---------------------------
11:01:00.334 [Forwarding findElement on session e2016208e47ec014ebafadf7331fb42c to remote] DEBUG org.asynchttpclient.netty.request.NettyRequestSender - Using pooled Channel '[id: 0x8f4cb30b, L:/127.0.0.1:52805 - R:localhost/127.0.0.1:62844]' for 'POST' to 'http://localhost:62844/session/e2016208e47ec014ebafadf7331fb42c/element'
11:01:00.335 [Forwarding findElement on session e2016208e47ec014ebafadf7331fb42c to remote] DEBUG org.asynchttpclient.netty.request.NettyRequestSender - Using open Channel [id: 0x8f4cb30b, L:/127.0.0.1:52805 - R:localhost/127.0.0.1:62844] for POST '/session/e2016208e47ec014ebafadf7331fb42c/element'
11:01:00.350 [AsyncHttpClient-1-2] DEBUG org.asynchttpclient.netty.handler.HttpHandler - 

Request DefaultHttpRequest(decodeResult: success, version: HTTP/1.1)
POST /session/e2016208e47ec014ebafadf7331fb42c/element HTTP/1.1
User-Agent: selenium/4.5.0 (java windows)
Content-Length: 62
Content-Type: application/json; charset=utf-8
host: localhost:62844
accept: */*

Response DefaultHttpResponse(decodeResult: success, version: HTTP/1.1)
HTTP/1.1 200 OK
Content-Type: application/json; charset=utf-8
cache-control: no-cache
content-length: 126

11:01:00.350 [AsyncHttpClient-1-2] DEBUG org.asynchttpclient.netty.channel.ChannelManager - Adding key: http://localhost:62844 for channel [id: 0x8f4cb30b, L:/127.0.0.1:52805 - R:localhost/127.0.0.1:62844]
11:01:00.355 [Forwarding getElementText on session e2016208e47ec014ebafadf7331fb42c to remote] DEBUG org.asynchttpclient.netty.request.NettyRequestSender - Using pooled Channel '[id: 0x8f4cb30b, L:/127.0.0.1:52805 - R:localhost/127.0.0.1:62844]' for 'GET' to 'http://localhost:62844/session/e2016208e47ec014ebafadf7331fb42c/element/f.CD1A5C13505F5ED048AAF7E5699F2AB1.d.8DCC548CD569A7B0D55BDA7792112E1F.e.12/text'
11:01:00.355 [Forwarding getElementText on session e2016208e47ec014ebafadf7331fb42c to remote] DEBUG org.asynchttpclient.netty.request.NettyRequestSender - Using open Channel [id: 0x8f4cb30b, L:/127.0.0.1:52805 - R:localhost/127.0.0.1:62844] for GET '/session/e2016208e47ec014ebafadf7331fb42c/element/f.CD1A5C13505F5ED048AAF7E5699F2AB1.d.8DCC548CD569A7B0D55BDA7792112E1F.e.12/text'
11:01:00.374 [AsyncHttpClient-1-2] DEBUG org.asynchttpclient.netty.handler.HttpHandler - 

Request DefaultFullHttpRequest(decodeResult: success, version: HTTP/1.1, content: EmptyByteBufBE)
GET /session/e2016208e47ec014ebafadf7331fb42c/element/f.CD1A5C13505F5ED048AAF7E5699F2AB1.d.8DCC548CD569A7B0D55BDA7792112E1F.e.12/text HTTP/1.1
User-Agent: selenium/4.5.0 (java windows)
Cache-Control: no-cache
Content-Type: application/json; charset=utf-8
host: localhost:62844
accept: */*

Response DefaultHttpResponse(decodeResult: success, version: HTTP/1.1)
HTTP/1.1 200 OK
Content-Type: application/json; charset=utf-8
cache-control: no-cache
content-length: 131

11:01:00.375 [AsyncHttpClient-1-2] DEBUG org.asynchttpclient.netty.channel.ChannelManager - Adding key: http://localhost:62844 for channel [id: 0x8f4cb30b, L:/127.0.0.1:52805 - R:localhost/127.0.0.1:62844]
11:01:00.376 [main] INFO com.example.WebPageTest - =========> Username: standard_user <============
11:01:00.377 [Forwarding findElement on session e2016208e47ec014ebafadf7331fb42c to remote] DEBUG org.asynchttpclient.netty.request.NettyRequestSender - Using pooled Channel '[id: 0x8f4cb30b, L:/127.0.0.1:52805 - R:localhost/127.0.0.1:62844]' for 'POST' to 'http://localhost:62844/session/e2016208e47ec014ebafadf7331fb42c/element'
11:01:00.377 [Forwarding findElement on session e2016208e47ec014ebafadf7331fb42c to remote] DEBUG org.asynchttpclient.netty.request.NettyRequestSender - Using open Channel [id: 0x8f4cb30b, L:/127.0.0.1:52805 - R:localhost/127.0.0.1:62844] for POST '/session/e2016208e47ec014ebafadf7331fb42c/element'
11:01:00.391 [AsyncHttpClient-1-2] DEBUG org.asynchttpclient.netty.handler.HttpHandler - 

Request DefaultHttpRequest(decodeResult: success, version: HTTP/1.1)
POST /session/e2016208e47ec014ebafadf7331fb42c/element HTTP/1.1
User-Agent: selenium/4.5.0 (java windows)
Content-Length: 116
Content-Type: application/json; charset=utf-8
host: localhost:62844
accept: */*

Response DefaultHttpResponse(decodeResult: success, version: HTTP/1.1)
HTTP/1.1 200 OK
Content-Type: application/json; charset=utf-8
cache-control: no-cache
content-length: 125

11:01:00.392 [AsyncHttpClient-1-2] DEBUG org.asynchttpclient.netty.channel.ChannelManager - Adding key: http://localhost:62844 for channel [id: 0x8f4cb30b, L:/127.0.0.1:52805 - R:localhost/127.0.0.1:62844]
11:01:00.394 [Forwarding getElementText on session e2016208e47ec014ebafadf7331fb42c to remote] DEBUG org.asynchttpclient.netty.request.NettyRequestSender - Using pooled Channel '[id: 0x8f4cb30b, L:/127.0.0.1:52805 - R:localhost/127.0.0.1:62844]' for 'GET' to 'http://localhost:62844/session/e2016208e47ec014ebafadf7331fb42c/element/f.CD1A5C13505F5ED048AAF7E5699F2AB1.d.8DCC548CD569A7B0D55BDA7792112E1F.e.6/text'
11:01:00.394 [Forwarding getElementText on session e2016208e47ec014ebafadf7331fb42c to remote] DEBUG org.asynchttpclient.netty.request.NettyRequestSender - Using open Channel [id: 0x8f4cb30b, L:/127.0.0.1:52805 - R:localhost/127.0.0.1:62844] for GET '/session/e2016208e47ec014ebafadf7331fb42c/element/f.CD1A5C13505F5ED048AAF7E5699F2AB1.d.8DCC548CD569A7B0D55BDA7792112E1F.e.6/text'
11:01:00.405 [AsyncHttpClient-1-2] DEBUG org.asynchttpclient.netty.handler.HttpHandler - 

Request DefaultFullHttpRequest(decodeResult: success, version: HTTP/1.1, content: EmptyByteBufBE)
GET /session/e2016208e47ec014ebafadf7331fb42c/element/f.CD1A5C13505F5ED048AAF7E5699F2AB1.d.8DCC548CD569A7B0D55BDA7792112E1F.e.6/text HTTP/1.1
User-Agent: selenium/4.5.0 (java windows)
Cache-Control: no-cache
Content-Type: application/json; charset=utf-8
host: localhost:62844
accept: */*

Response DefaultHttpResponse(decodeResult: success, version: HTTP/1.1)
HTTP/1.1 200 OK
Content-Type: application/json; charset=utf-8
cache-control: no-cache
content-length: 49

11:01:00.406 [AsyncHttpClient-1-2] DEBUG org.asynchttpclient.netty.channel.ChannelManager - Adding key: http://localhost:62844 for channel [id: 0x8f4cb30b, L:/127.0.0.1:52805 - R:localhost/127.0.0.1:62844]
11:01:00.407 [main] INFO com.example.WebPageTest - =========> Password: secret_sauce <============
11:01:00.408 [Forwarding findElement on session e2016208e47ec014ebafadf7331fb42c to remote] DEBUG org.asynchttpclient.netty.request.NettyRequestSender - Using pooled Channel '[id: 0x8f4cb30b, L:/127.0.0.1:52805 - R:localhost/127.0.0.1:62844]' for 'POST' to 'http://localhost:62844/session/e2016208e47ec014ebafadf7331fb42c/element'
11:01:00.409 [Forwarding findElement on session e2016208e47ec014ebafadf7331fb42c to remote] DEBUG org.asynchttpclient.netty.request.NettyRequestSender - Using open Channel [id: 0x8f4cb30b, L:/127.0.0.1:52805 - R:localhost/127.0.0.1:62844] for POST '/session/e2016208e47ec014ebafadf7331fb42c/element'
11:01:00.422 [AsyncHttpClient-1-2] DEBUG org.asynchttpclient.netty.handler.HttpHandler - 

Request DefaultHttpRequest(decodeResult: success, version: HTTP/1.1)
POST /session/e2016208e47ec014ebafadf7331fb42c/element HTTP/1.1
User-Agent: selenium/4.5.0 (java windows)
Content-Length: 56
Content-Type: application/json; charset=utf-8
host: localhost:62844
accept: */*

Response DefaultHttpResponse(decodeResult: success, version: HTTP/1.1)
HTTP/1.1 200 OK
Content-Type: application/json; charset=utf-8
cache-control: no-cache
content-length: 125

11:01:00.422 [AsyncHttpClient-1-2] DEBUG org.asynchttpclient.netty.channel.ChannelManager - Adding key: http://localhost:62844 for channel [id: 0x8f4cb30b, L:/127.0.0.1:52805 - R:localhost/127.0.0.1:62844]
11:01:00.428 [Forwarding sendKeysToElement on session e2016208e47ec014ebafadf7331fb42c to remote] DEBUG org.asynchttpclient.netty.request.NettyRequestSender - Using pooled Channel '[id: 0x8f4cb30b, L:/127.0.0.1:52805 - R:localhost/127.0.0.1:62844]' for 'POST' to 'http://localhost:62844/session/e2016208e47ec014ebafadf7331fb42c/element/f.CD1A5C13505F5ED048AAF7E5699F2AB1.d.8DCC548CD569A7B0D55BDA7792112E1F.e.2/value'
11:01:00.428 [Forwarding sendKeysToElement on session e2016208e47ec014ebafadf7331fb42c to remote] DEBUG org.asynchttpclient.netty.request.NettyRequestSender - Using open Channel [id: 0x8f4cb30b, L:/127.0.0.1:52805 - R:localhost/127.0.0.1:62844] for POST '/session/e2016208e47ec014ebafadf7331fb42c/element/f.CD1A5C13505F5ED048AAF7E5699F2AB1.d.8DCC548CD569A7B0D55BDA7792112E1F.e.2/value'
11:01:00.532 [AsyncHttpClient-1-2] DEBUG org.asynchttpclient.netty.handler.HttpHandler - 

Request DefaultHttpRequest(decodeResult: success, version: HTTP/1.1)
POST /session/e2016208e47ec014ebafadf7331fb42c/element/f.CD1A5C13505F5ED048AAF7E5699F2AB1.d.8DCC548CD569A7B0D55BDA7792112E1F.e.2/value HTTP/1.1
User-Agent: selenium/4.5.0 (java windows)
Content-Length: 248
Content-Type: application/json; charset=utf-8
host: localhost:62844
accept: */*

Response DefaultHttpResponse(decodeResult: success, version: HTTP/1.1)
HTTP/1.1 200 OK
Content-Type: application/json; charset=utf-8
cache-control: no-cache
content-length: 14

11:01:00.532 [AsyncHttpClient-1-2] DEBUG org.asynchttpclient.netty.channel.ChannelManager - Adding key: http://localhost:62844 for channel [id: 0x8f4cb30b, L:/127.0.0.1:52805 - R:localhost/127.0.0.1:62844]
11:01:00.534 [Forwarding findElement on session e2016208e47ec014ebafadf7331fb42c to remote] DEBUG org.asynchttpclient.netty.request.NettyRequestSender - Using pooled Channel '[id: 0x8f4cb30b, L:/127.0.0.1:52805 - R:localhost/127.0.0.1:62844]' for 'POST' to 'http://localhost:62844/session/e2016208e47ec014ebafadf7331fb42c/element'
11:01:00.535 [Forwarding findElement on session e2016208e47ec014ebafadf7331fb42c to remote] DEBUG org.asynchttpclient.netty.request.NettyRequestSender - Using open Channel [id: 0x8f4cb30b, L:/127.0.0.1:52805 - R:localhost/127.0.0.1:62844] for POST '/session/e2016208e47ec014ebafadf7331fb42c/element'
11:01:00.550 [AsyncHttpClient-1-2] DEBUG org.asynchttpclient.netty.handler.HttpHandler - 

Request DefaultHttpRequest(decodeResult: success, version: HTTP/1.1)
POST /session/e2016208e47ec014ebafadf7331fb42c/element HTTP/1.1
User-Agent: selenium/4.5.0 (java windows)
Content-Length: 53
Content-Type: application/json; charset=utf-8
host: localhost:62844
accept: */*

Response DefaultHttpResponse(decodeResult: success, version: HTTP/1.1)
HTTP/1.1 200 OK
Content-Type: application/json; charset=utf-8
cache-control: no-cache
content-length: 125

11:01:00.550 [AsyncHttpClient-1-2] DEBUG org.asynchttpclient.netty.channel.ChannelManager - Adding key: http://localhost:62844 for channel [id: 0x8f4cb30b, L:/127.0.0.1:52805 - R:localhost/127.0.0.1:62844]
11:01:00.553 [Forwarding sendKeysToElement on session e2016208e47ec014ebafadf7331fb42c to remote] DEBUG org.asynchttpclient.netty.request.NettyRequestSender - Using pooled Channel '[id: 0x8f4cb30b, L:/127.0.0.1:52805 - R:localhost/127.0.0.1:62844]' for 'POST' to 'http://localhost:62844/session/e2016208e47ec014ebafadf7331fb42c/element/f.CD1A5C13505F5ED048AAF7E5699F2AB1.d.8DCC548CD569A7B0D55BDA7792112E1F.e.4/value'
11:01:00.553 [Forwarding sendKeysToElement on session e2016208e47ec014ebafadf7331fb42c to remote] DEBUG org.asynchttpclient.netty.request.NettyRequestSender - Using open Channel [id: 0x8f4cb30b, L:/127.0.0.1:52805 - R:localhost/127.0.0.1:62844] for POST '/session/e2016208e47ec014ebafadf7331fb42c/element/f.CD1A5C13505F5ED048AAF7E5699F2AB1.d.8DCC548CD569A7B0D55BDA7792112E1F.e.4/value'
11:01:00.629 [AsyncHttpClient-1-2] DEBUG org.asynchttpclient.netty.handler.HttpHandler - 

Request DefaultHttpRequest(decodeResult: success, version: HTTP/1.1)
POST /session/e2016208e47ec014ebafadf7331fb42c/element/f.CD1A5C13505F5ED048AAF7E5699F2AB1.d.8DCC548CD569A7B0D55BDA7792112E1F.e.4/value HTTP/1.1
User-Agent: selenium/4.5.0 (java windows)
Content-Length: 238
Content-Type: application/json; charset=utf-8
host: localhost:62844
accept: */*

Response DefaultHttpResponse(decodeResult: success, version: HTTP/1.1)
HTTP/1.1 200 OK
Content-Type: application/json; charset=utf-8
cache-control: no-cache
content-length: 14

11:01:00.630 [AsyncHttpClient-1-2] DEBUG org.asynchttpclient.netty.channel.ChannelManager - Adding key: http://localhost:62844 for channel [id: 0x8f4cb30b, L:/127.0.0.1:52805 - R:localhost/127.0.0.1:62844]
11:01:00.632 [Forwarding findElement on session e2016208e47ec014ebafadf7331fb42c to remote] DEBUG org.asynchttpclient.netty.request.NettyRequestSender - Using pooled Channel '[id: 0x8f4cb30b, L:/127.0.0.1:52805 - R:localhost/127.0.0.1:62844]' for 'POST' to 'http://localhost:62844/session/e2016208e47ec014ebafadf7331fb42c/element'
11:01:00.632 [Forwarding findElement on session e2016208e47ec014ebafadf7331fb42c to remote] DEBUG org.asynchttpclient.netty.request.NettyRequestSender - Using open Channel [id: 0x8f4cb30b, L:/127.0.0.1:52805 - R:localhost/127.0.0.1:62844] for POST '/session/e2016208e47ec014ebafadf7331fb42c/element'
11:01:00.645 [AsyncHttpClient-1-2] DEBUG org.asynchttpclient.netty.handler.HttpHandler - 

Request DefaultHttpRequest(decodeResult: success, version: HTTP/1.1)
POST /session/e2016208e47ec014ebafadf7331fb42c/element HTTP/1.1
User-Agent: selenium/4.5.0 (java windows)
Content-Length: 59
Content-Type: application/json; charset=utf-8
host: localhost:62844
accept: */*

Response DefaultHttpResponse(decodeResult: success, version: HTTP/1.1)
HTTP/1.1 200 OK
Content-Type: application/json; charset=utf-8
cache-control: no-cache
content-length: 125

11:01:00.645 [AsyncHttpClient-1-2] DEBUG org.asynchttpclient.netty.channel.ChannelManager - Adding key: http://localhost:62844 for channel [id: 0x8f4cb30b, L:/127.0.0.1:52805 - R:localhost/127.0.0.1:62844]
11:01:00.648 [Forwarding clickElement on session e2016208e47ec014ebafadf7331fb42c to remote] DEBUG org.asynchttpclient.netty.request.NettyRequestSender - Using pooled Channel '[id: 0x8f4cb30b, L:/127.0.0.1:52805 - R:localhost/127.0.0.1:62844]' for 'POST' to 'http://localhost:62844/session/e2016208e47ec014ebafadf7331fb42c/element/f.CD1A5C13505F5ED048AAF7E5699F2AB1.d.8DCC548CD569A7B0D55BDA7792112E1F.e.5/click'
11:01:00.648 [Forwarding clickElement on session e2016208e47ec014ebafadf7331fb42c to remote] DEBUG org.asynchttpclient.netty.request.NettyRequestSender - Using open Channel [id: 0x8f4cb30b, L:/127.0.0.1:52805 - R:localhost/127.0.0.1:62844] for POST '/session/e2016208e47ec014ebafadf7331fb42c/element/f.CD1A5C13505F5ED048AAF7E5699F2AB1.d.8DCC548CD569A7B0D55BDA7792112E1F.e.5/click'
11:01:00.776 [AsyncHttpClient-1-2] DEBUG org.asynchttpclient.netty.handler.HttpHandler - 

Request DefaultHttpRequest(decodeResult: success, version: HTTP/1.1)
POST /session/e2016208e47ec014ebafadf7331fb42c/element/f.CD1A5C13505F5ED048AAF7E5699F2AB1.d.8DCC548CD569A7B0D55BDA7792112E1F.e.5/click HTTP/1.1
User-Agent: selenium/4.5.0 (java windows)
Content-Length: 87
Content-Type: application/json; charset=utf-8
host: localhost:62844
accept: */*

Response DefaultHttpResponse(decodeResult: success, version: HTTP/1.1)
HTTP/1.1 200 OK
Content-Type: application/json; charset=utf-8
cache-control: no-cache
content-length: 14

11:01:00.777 [AsyncHttpClient-1-2] DEBUG org.asynchttpclient.netty.channel.ChannelManager - Adding key: http://localhost:62844 for channel [id: 0x8f4cb30b, L:/127.0.0.1:52805 - R:localhost/127.0.0.1:62844]
11:01:00.786 [Forwarding findElements on session e2016208e47ec014ebafadf7331fb42c to remote] DEBUG org.asynchttpclient.netty.request.NettyRequestSender - Using pooled Channel '[id: 0x8f4cb30b, L:/127.0.0.1:52805 - R:localhost/127.0.0.1:62844]' for 'POST' to 'http://localhost:62844/session/e2016208e47ec014ebafadf7331fb42c/elements'
11:01:00.787 [Forwarding findElements on session e2016208e47ec014ebafadf7331fb42c to remote] DEBUG org.asynchttpclient.netty.request.NettyRequestSender - Using open Channel [id: 0x8f4cb30b, L:/127.0.0.1:52805 - R:localhost/127.0.0.1:62844] for POST '/session/e2016208e47ec014ebafadf7331fb42c/elements'
11:01:00.811 [AsyncHttpClient-1-2] DEBUG org.asynchttpclient.netty.handler.HttpHandler - 

Request DefaultHttpRequest(decodeResult: success, version: HTTP/1.1)
POST /session/e2016208e47ec014ebafadf7331fb42c/elements HTTP/1.1
User-Agent: selenium/4.5.0 (java windows)
Content-Length: 72
Content-Type: application/json; charset=utf-8
host: localhost:62844
accept: */*

Response DefaultHttpResponse(decodeResult: success, version: HTTP/1.1)
HTTP/1.1 200 OK
Content-Type: application/json; charset=utf-8
cache-control: no-cache
content-length: 128

11:01:00.811 [AsyncHttpClient-1-2] DEBUG org.asynchttpclient.netty.channel.ChannelManager - Adding key: http://localhost:62844 for channel [id: 0x8f4cb30b, L:/127.0.0.1:52805 - R:localhost/127.0.0.1:62844]
11:01:00.816 [main] INFO com.example.WebPageTest - User: standard_useris loging correctly.
11:01:00.820 [Forwarding get on session e2016208e47ec014ebafadf7331fb42c to remote] DEBUG org.asynchttpclient.netty.request.NettyRequestSender - Using pooled Channel '[id: 0x8f4cb30b, L:/127.0.0.1:52805 - R:localhost/127.0.0.1:62844]' for 'POST' to 'http://localhost:62844/session/e2016208e47ec014ebafadf7331fb42c/url'
11:01:00.820 [Forwarding get on session e2016208e47ec014ebafadf7331fb42c to remote] DEBUG org.asynchttpclient.netty.request.NettyRequestSender - Using open Channel [id: 0x8f4cb30b, L:/127.0.0.1:52805 - R:localhost/127.0.0.1:62844] for POST '/session/e2016208e47ec014ebafadf7331fb42c/url'
11:01:00.906 [AsyncHttpClient-1-2] DEBUG org.asynchttpclient.netty.handler.HttpHandler - 

Request DefaultHttpRequest(decodeResult: success, version: HTTP/1.1)
POST /session/e2016208e47ec014ebafadf7331fb42c/url HTTP/1.1
User-Agent: selenium/4.5.0 (java windows)
Content-Length: 56
Content-Type: application/json; charset=utf-8
host: localhost:62844
accept: */*

Response DefaultHttpResponse(decodeResult: success, version: HTTP/1.1)
HTTP/1.1 200 OK
Content-Type: application/json; charset=utf-8
cache-control: no-cache
content-length: 14

11:01:00.907 [AsyncHttpClient-1-2] DEBUG org.asynchttpclient.netty.channel.ChannelManager - Adding key: http://localhost:62844 for channel [id: 0x8f4cb30b, L:/127.0.0.1:52805 - R:localhost/127.0.0.1:62844]
11:01:00.907 [main] INFO com.example.WebPageTest - =========> Username: locked_out_user <============
11:01:00.907 [Forwarding findElement on session e2016208e47ec014ebafadf7331fb42c to remote] DEBUG org.asynchttpclient.netty.request.NettyRequestSender - Using pooled Channel '[id: 0x8f4cb30b, L:/127.0.0.1:52805 - R:localhost/127.0.0.1:62844]' for 'POST' to 'http://localhost:62844/session/e2016208e47ec014ebafadf7331fb42c/element'
11:01:00.907 [Forwarding findElement on session e2016208e47ec014ebafadf7331fb42c to remote] DEBUG org.asynchttpclient.netty.request.NettyRequestSender - Using open Channel [id: 0x8f4cb30b, L:/127.0.0.1:52805 - R:localhost/127.0.0.1:62844] for POST '/session/e2016208e47ec014ebafadf7331fb42c/element'
11:01:00.920 [AsyncHttpClient-1-2] DEBUG org.asynchttpclient.netty.handler.HttpHandler - 

Request DefaultHttpRequest(decodeResult: success, version: HTTP/1.1)
POST /session/e2016208e47ec014ebafadf7331fb42c/element HTTP/1.1
User-Agent: selenium/4.5.0 (java windows)
Content-Length: 116
Content-Type: application/json; charset=utf-8
host: localhost:62844
accept: */*

Response DefaultHttpResponse(decodeResult: success, version: HTTP/1.1)
HTTP/1.1 200 OK
Content-Type: application/json; charset=utf-8
cache-control: no-cache
content-length: 126

11:01:00.920 [AsyncHttpClient-1-2] DEBUG org.asynchttpclient.netty.channel.ChannelManager - Adding key: http://localhost:62844 for channel [id: 0x8f4cb30b, L:/127.0.0.1:52805 - R:localhost/127.0.0.1:62844]
11:01:00.923 [Forwarding getElementText on session e2016208e47ec014ebafadf7331fb42c to remote] DEBUG org.asynchttpclient.netty.request.NettyRequestSender - Using pooled Channel '[id: 0x8f4cb30b, L:/127.0.0.1:52805 - R:localhost/127.0.0.1:62844]' for 'GET' to 'http://localhost:62844/session/e2016208e47ec014ebafadf7331fb42c/element/f.CD1A5C13505F5ED048AAF7E5699F2AB1.d.798EF801DEE8D72C3F1E175D0DA26D6F.e.26/text'
11:01:00.924 [Forwarding getElementText on session e2016208e47ec014ebafadf7331fb42c to remote] DEBUG org.asynchttpclient.netty.request.NettyRequestSender - Using open Channel [id: 0x8f4cb30b, L:/127.0.0.1:52805 - R:localhost/127.0.0.1:62844] for GET '/session/e2016208e47ec014ebafadf7331fb42c/element/f.CD1A5C13505F5ED048AAF7E5699F2AB1.d.798EF801DEE8D72C3F1E175D0DA26D6F.e.26/text'
11:01:00.927 [AsyncHttpClient-1-1] DEBUG org.asynchttpclient.netty.channel.DefaultChannelPool - Entry count for : http://localhost:9222 : 1
11:01:00.944 [AsyncHttpClient-1-2] DEBUG org.asynchttpclient.netty.handler.HttpHandler - 

Request DefaultFullHttpRequest(decodeResult: success, version: HTTP/1.1, content: EmptyByteBufBE)
GET /session/e2016208e47ec014ebafadf7331fb42c/element/f.CD1A5C13505F5ED048AAF7E5699F2AB1.d.798EF801DEE8D72C3F1E175D0DA26D6F.e.26/text HTTP/1.1
User-Agent: selenium/4.5.0 (java windows)
Cache-Control: no-cache
Content-Type: application/json; charset=utf-8
host: localhost:62844
accept: */*

Response DefaultHttpResponse(decodeResult: success, version: HTTP/1.1)
HTTP/1.1 200 OK
Content-Type: application/json; charset=utf-8
cache-control: no-cache
content-length: 49

11:01:00.944 [AsyncHttpClient-1-2] DEBUG org.asynchttpclient.netty.channel.ChannelManager - Adding key: http://localhost:62844 for channel [id: 0x8f4cb30b, L:/127.0.0.1:52805 - R:localhost/127.0.0.1:62844]
11:01:00.945 [main] INFO com.example.WebPageTest - =========> Password: secret_sauce <============
11:01:00.946 [Forwarding findElement on session e2016208e47ec014ebafadf7331fb42c to remote] DEBUG org.asynchttpclient.netty.request.NettyRequestSender - Using pooled Channel '[id: 0x8f4cb30b, L:/127.0.0.1:52805 - R:localhost/127.0.0.1:62844]' for 'POST' to 'http://localhost:62844/session/e2016208e47ec014ebafadf7331fb42c/element'
11:01:00.946 [Forwarding findElement on session e2016208e47ec014ebafadf7331fb42c to remote] DEBUG org.asynchttpclient.netty.request.NettyRequestSender - Using open Channel [id: 0x8f4cb30b, L:/127.0.0.1:52805 - R:localhost/127.0.0.1:62844] for POST '/session/e2016208e47ec014ebafadf7331fb42c/element'
11:01:00.954 [AsyncHttpClient-1-2] DEBUG org.asynchttpclient.netty.handler.HttpHandler - 

Request DefaultHttpRequest(decodeResult: success, version: HTTP/1.1)
POST /session/e2016208e47ec014ebafadf7331fb42c/element HTTP/1.1
User-Agent: selenium/4.5.0 (java windows)
Content-Length: 56
Content-Type: application/json; charset=utf-8
host: localhost:62844
accept: */*

Response DefaultHttpResponse(decodeResult: success, version: HTTP/1.1)
HTTP/1.1 200 OK
Content-Type: application/json; charset=utf-8
cache-control: no-cache
content-length: 126

11:01:00.955 [AsyncHttpClient-1-2] DEBUG org.asynchttpclient.netty.channel.ChannelManager - Adding key: http://localhost:62844 for channel [id: 0x8f4cb30b, L:/127.0.0.1:52805 - R:localhost/127.0.0.1:62844]
11:01:00.957 [Forwarding sendKeysToElement on session e2016208e47ec014ebafadf7331fb42c to remote] DEBUG org.asynchttpclient.netty.request.NettyRequestSender - Using pooled Channel '[id: 0x8f4cb30b, L:/127.0.0.1:52805 - R:localhost/127.0.0.1:62844]' for 'POST' to 'http://localhost:62844/session/e2016208e47ec014ebafadf7331fb42c/element/f.CD1A5C13505F5ED048AAF7E5699F2AB1.d.798EF801DEE8D72C3F1E175D0DA26D6F.e.20/value'
11:01:00.958 [Forwarding sendKeysToElement on session e2016208e47ec014ebafadf7331fb42c to remote] DEBUG org.asynchttpclient.netty.request.NettyRequestSender - Using open Channel [id: 0x8f4cb30b, L:/127.0.0.1:52805 - R:localhost/127.0.0.1:62844] for POST '/session/e2016208e47ec014ebafadf7331fb42c/element/f.CD1A5C13505F5ED048AAF7E5699F2AB1.d.798EF801DEE8D72C3F1E175D0DA26D6F.e.20/value'
11:01:01.032 [AsyncHttpClient-1-2] DEBUG org.asynchttpclient.netty.handler.HttpHandler - 

Request DefaultHttpRequest(decodeResult: success, version: HTTP/1.1)
POST /session/e2016208e47ec014ebafadf7331fb42c/element/f.CD1A5C13505F5ED048AAF7E5699F2AB1.d.798EF801DEE8D72C3F1E175D0DA26D6F.e.20/value HTTP/1.1
User-Agent: selenium/4.5.0 (java windows)
Content-Length: 269
Content-Type: application/json; charset=utf-8
host: localhost:62844
accept: */*

Response DefaultHttpResponse(decodeResult: success, version: HTTP/1.1)
HTTP/1.1 200 OK
Content-Type: application/json; charset=utf-8
cache-control: no-cache
content-length: 14

11:01:01.033 [AsyncHttpClient-1-2] DEBUG org.asynchttpclient.netty.channel.ChannelManager - Adding key: http://localhost:62844 for channel [id: 0x8f4cb30b, L:/127.0.0.1:52805 - R:localhost/127.0.0.1:62844]
11:01:01.035 [Forwarding findElement on session e2016208e47ec014ebafadf7331fb42c to remote] DEBUG org.asynchttpclient.netty.request.NettyRequestSender - Using pooled Channel '[id: 0x8f4cb30b, L:/127.0.0.1:52805 - R:localhost/127.0.0.1:62844]' for 'POST' to 'http://localhost:62844/session/e2016208e47ec014ebafadf7331fb42c/element'
11:01:01.035 [Forwarding findElement on session e2016208e47ec014ebafadf7331fb42c to remote] DEBUG org.asynchttpclient.netty.request.NettyRequestSender - Using open Channel [id: 0x8f4cb30b, L:/127.0.0.1:52805 - R:localhost/127.0.0.1:62844] for POST '/session/e2016208e47ec014ebafadf7331fb42c/element'
11:01:01.044 [AsyncHttpClient-1-2] DEBUG org.asynchttpclient.netty.handler.HttpHandler - 

Request DefaultHttpRequest(decodeResult: success, version: HTTP/1.1)
POST /session/e2016208e47ec014ebafadf7331fb42c/element HTTP/1.1
User-Agent: selenium/4.5.0 (java windows)
Content-Length: 53
Content-Type: application/json; charset=utf-8
host: localhost:62844
accept: */*

Response DefaultHttpResponse(decodeResult: success, version: HTTP/1.1)
HTTP/1.1 200 OK
Content-Type: application/json; charset=utf-8
cache-control: no-cache
content-length: 126

11:01:01.044 [AsyncHttpClient-1-2] DEBUG org.asynchttpclient.netty.channel.ChannelManager - Adding key: http://localhost:62844 for channel [id: 0x8f4cb30b, L:/127.0.0.1:52805 - R:localhost/127.0.0.1:62844]
11:01:01.047 [Forwarding sendKeysToElement on session e2016208e47ec014ebafadf7331fb42c to remote] DEBUG org.asynchttpclient.netty.request.NettyRequestSender - Using pooled Channel '[id: 0x8f4cb30b, L:/127.0.0.1:52805 - R:localhost/127.0.0.1:62844]' for 'POST' to 'http://localhost:62844/session/e2016208e47ec014ebafadf7331fb42c/element/f.CD1A5C13505F5ED048AAF7E5699F2AB1.d.798EF801DEE8D72C3F1E175D0DA26D6F.e.22/value'
11:01:01.047 [Forwarding sendKeysToElement on session e2016208e47ec014ebafadf7331fb42c to remote] DEBUG org.asynchttpclient.netty.request.NettyRequestSender - Using open Channel [id: 0x8f4cb30b, L:/127.0.0.1:52805 - R:localhost/127.0.0.1:62844] for POST '/session/e2016208e47ec014ebafadf7331fb42c/element/f.CD1A5C13505F5ED048AAF7E5699F2AB1.d.798EF801DEE8D72C3F1E175D0DA26D6F.e.22/value'
11:01:01.119 [AsyncHttpClient-1-2] DEBUG org.asynchttpclient.netty.handler.HttpHandler - 

Request DefaultHttpRequest(decodeResult: success, version: HTTP/1.1)
POST /session/e2016208e47ec014ebafadf7331fb42c/element/f.CD1A5C13505F5ED048AAF7E5699F2AB1.d.798EF801DEE8D72C3F1E175D0DA26D6F.e.22/value HTTP/1.1
User-Agent: selenium/4.5.0 (java windows)
Content-Length: 239
Content-Type: application/json; charset=utf-8
host: localhost:62844
accept: */*

Response DefaultHttpResponse(decodeResult: success, version: HTTP/1.1)
HTTP/1.1 200 OK
Content-Type: application/json; charset=utf-8
cache-control: no-cache
content-length: 14

11:01:01.119 [AsyncHttpClient-1-2] DEBUG org.asynchttpclient.netty.channel.ChannelManager - Adding key: http://localhost:62844 for channel [id: 0x8f4cb30b, L:/127.0.0.1:52805 - R:localhost/127.0.0.1:62844]
11:01:01.121 [Forwarding findElement on session e2016208e47ec014ebafadf7331fb42c to remote] DEBUG org.asynchttpclient.netty.request.NettyRequestSender - Using pooled Channel '[id: 0x8f4cb30b, L:/127.0.0.1:52805 - R:localhost/127.0.0.1:62844]' for 'POST' to 'http://localhost:62844/session/e2016208e47ec014ebafadf7331fb42c/element'
11:01:01.121 [Forwarding findElement on session e2016208e47ec014ebafadf7331fb42c to remote] DEBUG org.asynchttpclient.netty.request.NettyRequestSender - Using open Channel [id: 0x8f4cb30b, L:/127.0.0.1:52805 - R:localhost/127.0.0.1:62844] for POST '/session/e2016208e47ec014ebafadf7331fb42c/element'
11:01:01.130 [AsyncHttpClient-1-2] DEBUG org.asynchttpclient.netty.handler.HttpHandler - 

Request DefaultHttpRequest(decodeResult: success, version: HTTP/1.1)
POST /session/e2016208e47ec014ebafadf7331fb42c/element HTTP/1.1
User-Agent: selenium/4.5.0 (java windows)
Content-Length: 59
Content-Type: application/json; charset=utf-8
host: localhost:62844
accept: */*

Response DefaultHttpResponse(decodeResult: success, version: HTTP/1.1)
HTTP/1.1 200 OK
Content-Type: application/json; charset=utf-8
cache-control: no-cache
content-length: 126

11:01:01.130 [AsyncHttpClient-1-2] DEBUG org.asynchttpclient.netty.channel.ChannelManager - Adding key: http://localhost:62844 for channel [id: 0x8f4cb30b, L:/127.0.0.1:52805 - R:localhost/127.0.0.1:62844]
11:01:01.132 [Forwarding clickElement on session e2016208e47ec014ebafadf7331fb42c to remote] DEBUG org.asynchttpclient.netty.request.NettyRequestSender - Using pooled Channel '[id: 0x8f4cb30b, L:/127.0.0.1:52805 - R:localhost/127.0.0.1:62844]' for 'POST' to 'http://localhost:62844/session/e2016208e47ec014ebafadf7331fb42c/element/f.CD1A5C13505F5ED048AAF7E5699F2AB1.d.798EF801DEE8D72C3F1E175D0DA26D6F.e.23/click'
11:01:01.132 [Forwarding clickElement on session e2016208e47ec014ebafadf7331fb42c to remote] DEBUG org.asynchttpclient.netty.request.NettyRequestSender - Using open Channel [id: 0x8f4cb30b, L:/127.0.0.1:52805 - R:localhost/127.0.0.1:62844] for POST '/session/e2016208e47ec014ebafadf7331fb42c/element/f.CD1A5C13505F5ED048AAF7E5699F2AB1.d.798EF801DEE8D72C3F1E175D0DA26D6F.e.23/click'
11:01:01.214 [AsyncHttpClient-1-2] DEBUG org.asynchttpclient.netty.handler.HttpHandler - 

Request DefaultHttpRequest(decodeResult: success, version: HTTP/1.1)
POST /session/e2016208e47ec014ebafadf7331fb42c/element/f.CD1A5C13505F5ED048AAF7E5699F2AB1.d.798EF801DEE8D72C3F1E175D0DA26D6F.e.23/click HTTP/1.1
User-Agent: selenium/4.5.0 (java windows)
Content-Length: 88
Content-Type: application/json; charset=utf-8
host: localhost:62844
accept: */*

Response DefaultHttpResponse(decodeResult: success, version: HTTP/1.1)
HTTP/1.1 200 OK
Content-Type: application/json; charset=utf-8
cache-control: no-cache
content-length: 14

11:01:01.214 [AsyncHttpClient-1-2] DEBUG org.asynchttpclient.netty.channel.ChannelManager - Adding key: http://localhost:62844 for channel [id: 0x8f4cb30b, L:/127.0.0.1:52805 - R:localhost/127.0.0.1:62844]
11:01:01.216 [Forwarding findElements on session e2016208e47ec014ebafadf7331fb42c to remote] DEBUG org.asynchttpclient.netty.request.NettyRequestSender - Using pooled Channel '[id: 0x8f4cb30b, L:/127.0.0.1:52805 - R:localhost/127.0.0.1:62844]' for 'POST' to 'http://localhost:62844/session/e2016208e47ec014ebafadf7331fb42c/elements'
11:01:01.216 [Forwarding findElements on session e2016208e47ec014ebafadf7331fb42c to remote] DEBUG org.asynchttpclient.netty.request.NettyRequestSender - Using open Channel [id: 0x8f4cb30b, L:/127.0.0.1:52805 - R:localhost/127.0.0.1:62844] for POST '/session/e2016208e47ec014ebafadf7331fb42c/elements'
11:01:01.231 [AsyncHttpClient-1-2] DEBUG org.asynchttpclient.netty.handler.HttpHandler - 

Request DefaultHttpRequest(decodeResult: success, version: HTTP/1.1)
POST /session/e2016208e47ec014ebafadf7331fb42c/elements HTTP/1.1
User-Agent: selenium/4.5.0 (java windows)
Content-Length: 72
Content-Type: application/json; charset=utf-8
host: localhost:62844
accept: */*

Response DefaultHttpResponse(decodeResult: success, version: HTTP/1.1)
HTTP/1.1 200 OK
Content-Type: application/json; charset=utf-8
cache-control: no-cache
content-length: 12

11:01:01.231 [AsyncHttpClient-1-2] DEBUG org.asynchttpclient.netty.channel.ChannelManager - Adding key: http://localhost:62844 for channel [id: 0x8f4cb30b, L:/127.0.0.1:52805 - R:localhost/127.0.0.1:62844]
11:01:01.232 [main] INFO com.example.WebPageTest - User: locked_out_useris blocked correctly.
11:01:01.234 [Forwarding get on session e2016208e47ec014ebafadf7331fb42c to remote] DEBUG org.asynchttpclient.netty.request.NettyRequestSender - Using pooled Channel '[id: 0x8f4cb30b, L:/127.0.0.1:52805 - R:localhost/127.0.0.1:62844]' for 'POST' to 'http://localhost:62844/session/e2016208e47ec014ebafadf7331fb42c/url'
11:01:01.235 [Forwarding get on session e2016208e47ec014ebafadf7331fb42c to remote] DEBUG org.asynchttpclient.netty.request.NettyRequestSender - Using open Channel [id: 0x8f4cb30b, L:/127.0.0.1:52805 - R:localhost/127.0.0.1:62844] for POST '/session/e2016208e47ec014ebafadf7331fb42c/url'
11:01:01.285 [AsyncHttpClient-1-2] DEBUG org.asynchttpclient.netty.handler.HttpHandler - 

Request DefaultHttpRequest(decodeResult: success, version: HTTP/1.1)
POST /session/e2016208e47ec014ebafadf7331fb42c/url HTTP/1.1
User-Agent: selenium/4.5.0 (java windows)
Content-Length: 56
Content-Type: application/json; charset=utf-8
host: localhost:62844
accept: */*

Response DefaultHttpResponse(decodeResult: success, version: HTTP/1.1)
HTTP/1.1 200 OK
Content-Type: application/json; charset=utf-8
cache-control: no-cache
content-length: 14

11:01:01.285 [AsyncHttpClient-1-2] DEBUG org.asynchttpclient.netty.channel.ChannelManager - Adding key: http://localhost:62844 for channel [id: 0x8f4cb30b, L:/127.0.0.1:52805 - R:localhost/127.0.0.1:62844]
11:01:01.293 [main] INFO com.example.WebPageTest - =========> Username: problem_user <============
11:01:01.294 [Forwarding findElement on session e2016208e47ec014ebafadf7331fb42c to remote] DEBUG org.asynchttpclient.netty.request.NettyRequestSender - Using pooled Channel '[id: 0x8f4cb30b, L:/127.0.0.1:52805 - R:localhost/127.0.0.1:62844]' for 'POST' to 'http://localhost:62844/session/e2016208e47ec014ebafadf7331fb42c/element'
11:01:01.294 [Forwarding findElement on session e2016208e47ec014ebafadf7331fb42c to remote] DEBUG org.asynchttpclient.netty.request.NettyRequestSender - Using open Channel [id: 0x8f4cb30b, L:/127.0.0.1:52805 - R:localhost/127.0.0.1:62844] for POST '/session/e2016208e47ec014ebafadf7331fb42c/element'
11:01:01.306 [AsyncHttpClient-1-2] DEBUG org.asynchttpclient.netty.handler.HttpHandler - 

Request DefaultHttpRequest(decodeResult: success, version: HTTP/1.1)
POST /session/e2016208e47ec014ebafadf7331fb42c/element HTTP/1.1
User-Agent: selenium/4.5.0 (java windows)
Content-Length: 116
Content-Type: application/json; charset=utf-8
host: localhost:62844
accept: */*

Response DefaultHttpResponse(decodeResult: success, version: HTTP/1.1)
HTTP/1.1 200 OK
Content-Type: application/json; charset=utf-8
cache-control: no-cache
content-length: 126

11:01:01.307 [AsyncHttpClient-1-2] DEBUG org.asynchttpclient.netty.channel.ChannelManager - Adding key: http://localhost:62844 for channel [id: 0x8f4cb30b, L:/127.0.0.1:52805 - R:localhost/127.0.0.1:62844]
11:01:01.308 [Forwarding getElementText on session e2016208e47ec014ebafadf7331fb42c to remote] DEBUG org.asynchttpclient.netty.request.NettyRequestSender - Using pooled Channel '[id: 0x8f4cb30b, L:/127.0.0.1:52805 - R:localhost/127.0.0.1:62844]' for 'GET' to 'http://localhost:62844/session/e2016208e47ec014ebafadf7331fb42c/element/f.CD1A5C13505F5ED048AAF7E5699F2AB1.d.603D30B85CB237A5BE9DE2298063F867.e.38/text'
11:01:01.308 [Forwarding getElementText on session e2016208e47ec014ebafadf7331fb42c to remote] DEBUG org.asynchttpclient.netty.request.NettyRequestSender - Using open Channel [id: 0x8f4cb30b, L:/127.0.0.1:52805 - R:localhost/127.0.0.1:62844] for GET '/session/e2016208e47ec014ebafadf7331fb42c/element/f.CD1A5C13505F5ED048AAF7E5699F2AB1.d.603D30B85CB237A5BE9DE2298063F867.e.38/text'
11:01:01.318 [AsyncHttpClient-1-2] DEBUG org.asynchttpclient.netty.handler.HttpHandler - 

Request DefaultFullHttpRequest(decodeResult: success, version: HTTP/1.1, content: EmptyByteBufBE)
GET /session/e2016208e47ec014ebafadf7331fb42c/element/f.CD1A5C13505F5ED048AAF7E5699F2AB1.d.603D30B85CB237A5BE9DE2298063F867.e.38/text HTTP/1.1
User-Agent: selenium/4.5.0 (java windows)
Cache-Control: no-cache
Content-Type: application/json; charset=utf-8
host: localhost:62844
accept: */*

Response DefaultHttpResponse(decodeResult: success, version: HTTP/1.1)
HTTP/1.1 200 OK
Content-Type: application/json; charset=utf-8
cache-control: no-cache
content-length: 49

11:01:01.319 [AsyncHttpClient-1-2] DEBUG org.asynchttpclient.netty.channel.ChannelManager - Adding key: http://localhost:62844 for channel [id: 0x8f4cb30b, L:/127.0.0.1:52805 - R:localhost/127.0.0.1:62844]
11:01:01.321 [main] INFO com.example.WebPageTest - =========> Password: secret_sauce <============
11:01:01.322 [Forwarding findElement on session e2016208e47ec014ebafadf7331fb42c to remote] DEBUG org.asynchttpclient.netty.request.NettyRequestSender - Using pooled Channel '[id: 0x8f4cb30b, L:/127.0.0.1:52805 - R:localhost/127.0.0.1:62844]' for 'POST' to 'http://localhost:62844/session/e2016208e47ec014ebafadf7331fb42c/element'
11:01:01.322 [Forwarding findElement on session e2016208e47ec014ebafadf7331fb42c to remote] DEBUG org.asynchttpclient.netty.request.NettyRequestSender - Using open Channel [id: 0x8f4cb30b, L:/127.0.0.1:52805 - R:localhost/127.0.0.1:62844] for POST '/session/e2016208e47ec014ebafadf7331fb42c/element'
11:01:01.330 [AsyncHttpClient-1-2] DEBUG org.asynchttpclient.netty.handler.HttpHandler - 

Request DefaultHttpRequest(decodeResult: success, version: HTTP/1.1)
POST /session/e2016208e47ec014ebafadf7331fb42c/element HTTP/1.1
User-Agent: selenium/4.5.0 (java windows)
Content-Length: 56
Content-Type: application/json; charset=utf-8
host: localhost:62844
accept: */*

Response DefaultHttpResponse(decodeResult: success, version: HTTP/1.1)
HTTP/1.1 200 OK
Content-Type: application/json; charset=utf-8
cache-control: no-cache
content-length: 126

11:01:01.331 [AsyncHttpClient-1-2] DEBUG org.asynchttpclient.netty.channel.ChannelManager - Adding key: http://localhost:62844 for channel [id: 0x8f4cb30b, L:/127.0.0.1:52805 - R:localhost/127.0.0.1:62844]
11:01:01.333 [Forwarding sendKeysToElement on session e2016208e47ec014ebafadf7331fb42c to remote] DEBUG org.asynchttpclient.netty.request.NettyRequestSender - Using pooled Channel '[id: 0x8f4cb30b, L:/127.0.0.1:52805 - R:localhost/127.0.0.1:62844]' for 'POST' to 'http://localhost:62844/session/e2016208e47ec014ebafadf7331fb42c/element/f.CD1A5C13505F5ED048AAF7E5699F2AB1.d.603D30B85CB237A5BE9DE2298063F867.e.32/value'
11:01:01.333 [Forwarding sendKeysToElement on session e2016208e47ec014ebafadf7331fb42c to remote] DEBUG org.asynchttpclient.netty.request.NettyRequestSender - Using open Channel [id: 0x8f4cb30b, L:/127.0.0.1:52805 - R:localhost/127.0.0.1:62844] for POST '/session/e2016208e47ec014ebafadf7331fb42c/element/f.CD1A5C13505F5ED048AAF7E5699F2AB1.d.603D30B85CB237A5BE9DE2298063F867.e.32/value'
11:01:01.425 [AsyncHttpClient-1-2] DEBUG org.asynchttpclient.netty.handler.HttpHandler - 

Request DefaultHttpRequest(decodeResult: success, version: HTTP/1.1)
POST /session/e2016208e47ec014ebafadf7331fb42c/element/f.CD1A5C13505F5ED048AAF7E5699F2AB1.d.603D30B85CB237A5BE9DE2298063F867.e.32/value HTTP/1.1
User-Agent: selenium/4.5.0 (java windows)
Content-Length: 239
Content-Type: application/json; charset=utf-8
host: localhost:62844
accept: */*

Response DefaultHttpResponse(decodeResult: success, version: HTTP/1.1)
HTTP/1.1 200 OK
Content-Type: application/json; charset=utf-8
cache-control: no-cache
content-length: 14

11:01:01.426 [AsyncHttpClient-1-2] DEBUG org.asynchttpclient.netty.channel.ChannelManager - Adding key: http://localhost:62844 for channel [id: 0x8f4cb30b, L:/127.0.0.1:52805 - R:localhost/127.0.0.1:62844]
11:01:01.428 [Forwarding findElement on session e2016208e47ec014ebafadf7331fb42c to remote] DEBUG org.asynchttpclient.netty.request.NettyRequestSender - Using pooled Channel '[id: 0x8f4cb30b, L:/127.0.0.1:52805 - R:localhost/127.0.0.1:62844]' for 'POST' to 'http://localhost:62844/session/e2016208e47ec014ebafadf7331fb42c/element'
11:01:01.428 [Forwarding findElement on session e2016208e47ec014ebafadf7331fb42c to remote] DEBUG org.asynchttpclient.netty.request.NettyRequestSender - Using open Channel [id: 0x8f4cb30b, L:/127.0.0.1:52805 - R:localhost/127.0.0.1:62844] for POST '/session/e2016208e47ec014ebafadf7331fb42c/element'
11:01:01.449 [AsyncHttpClient-1-2] DEBUG org.asynchttpclient.netty.handler.HttpHandler - 

Request DefaultHttpRequest(decodeResult: success, version: HTTP/1.1)
POST /session/e2016208e47ec014ebafadf7331fb42c/element HTTP/1.1
User-Agent: selenium/4.5.0 (java windows)
Content-Length: 53
Content-Type: application/json; charset=utf-8
host: localhost:62844
accept: */*

Response DefaultHttpResponse(decodeResult: success, version: HTTP/1.1)
HTTP/1.1 200 OK
Content-Type: application/json; charset=utf-8
cache-control: no-cache
content-length: 126

11:01:01.449 [AsyncHttpClient-1-2] DEBUG org.asynchttpclient.netty.channel.ChannelManager - Adding key: http://localhost:62844 for channel [id: 0x8f4cb30b, L:/127.0.0.1:52805 - R:localhost/127.0.0.1:62844]
11:01:01.452 [Forwarding sendKeysToElement on session e2016208e47ec014ebafadf7331fb42c to remote] DEBUG org.asynchttpclient.netty.request.NettyRequestSender - Using pooled Channel '[id: 0x8f4cb30b, L:/127.0.0.1:52805 - R:localhost/127.0.0.1:62844]' for 'POST' to 'http://localhost:62844/session/e2016208e47ec014ebafadf7331fb42c/element/f.CD1A5C13505F5ED048AAF7E5699F2AB1.d.603D30B85CB237A5BE9DE2298063F867.e.34/value'
11:01:01.452 [Forwarding sendKeysToElement on session e2016208e47ec014ebafadf7331fb42c to remote] DEBUG org.asynchttpclient.netty.request.NettyRequestSender - Using open Channel [id: 0x8f4cb30b, L:/127.0.0.1:52805 - R:localhost/127.0.0.1:62844] for POST '/session/e2016208e47ec014ebafadf7331fb42c/element/f.CD1A5C13505F5ED048AAF7E5699F2AB1.d.603D30B85CB237A5BE9DE2298063F867.e.34/value'
11:01:01.530 [AsyncHttpClient-1-2] DEBUG org.asynchttpclient.netty.handler.HttpHandler - 

Request DefaultHttpRequest(decodeResult: success, version: HTTP/1.1)
POST /session/e2016208e47ec014ebafadf7331fb42c/element/f.CD1A5C13505F5ED048AAF7E5699F2AB1.d.603D30B85CB237A5BE9DE2298063F867.e.34/value HTTP/1.1
User-Agent: selenium/4.5.0 (java windows)
Content-Length: 239
Content-Type: application/json; charset=utf-8
host: localhost:62844
accept: */*

Response DefaultHttpResponse(decodeResult: success, version: HTTP/1.1)
HTTP/1.1 200 OK
Content-Type: application/json; charset=utf-8
cache-control: no-cache
content-length: 14

11:01:01.531 [AsyncHttpClient-1-2] DEBUG org.asynchttpclient.netty.channel.ChannelManager - Adding key: http://localhost:62844 for channel [id: 0x8f4cb30b, L:/127.0.0.1:52805 - R:localhost/127.0.0.1:62844]
11:01:01.532 [Forwarding findElement on session e2016208e47ec014ebafadf7331fb42c to remote] DEBUG org.asynchttpclient.netty.request.NettyRequestSender - Using pooled Channel '[id: 0x8f4cb30b, L:/127.0.0.1:52805 - R:localhost/127.0.0.1:62844]' for 'POST' to 'http://localhost:62844/session/e2016208e47ec014ebafadf7331fb42c/element'
11:01:01.533 [Forwarding findElement on session e2016208e47ec014ebafadf7331fb42c to remote] DEBUG org.asynchttpclient.netty.request.NettyRequestSender - Using open Channel [id: 0x8f4cb30b, L:/127.0.0.1:52805 - R:localhost/127.0.0.1:62844] for POST '/session/e2016208e47ec014ebafadf7331fb42c/element'
11:01:01.542 [AsyncHttpClient-1-2] DEBUG org.asynchttpclient.netty.handler.HttpHandler - 

Request DefaultHttpRequest(decodeResult: success, version: HTTP/1.1)
POST /session/e2016208e47ec014ebafadf7331fb42c/element HTTP/1.1
User-Agent: selenium/4.5.0 (java windows)
Content-Length: 59
Content-Type: application/json; charset=utf-8
host: localhost:62844
accept: */*

Response DefaultHttpResponse(decodeResult: success, version: HTTP/1.1)
HTTP/1.1 200 OK
Content-Type: application/json; charset=utf-8
cache-control: no-cache
content-length: 126

11:01:01.543 [AsyncHttpClient-1-2] DEBUG org.asynchttpclient.netty.channel.ChannelManager - Adding key: http://localhost:62844 for channel [id: 0x8f4cb30b, L:/127.0.0.1:52805 - R:localhost/127.0.0.1:62844]
11:01:01.545 [Forwarding clickElement on session e2016208e47ec014ebafadf7331fb42c to remote] DEBUG org.asynchttpclient.netty.request.NettyRequestSender - Using pooled Channel '[id: 0x8f4cb30b, L:/127.0.0.1:52805 - R:localhost/127.0.0.1:62844]' for 'POST' to 'http://localhost:62844/session/e2016208e47ec014ebafadf7331fb42c/element/f.CD1A5C13505F5ED048AAF7E5699F2AB1.d.603D30B85CB237A5BE9DE2298063F867.e.35/click'
11:01:01.545 [Forwarding clickElement on session e2016208e47ec014ebafadf7331fb42c to remote] DEBUG org.asynchttpclient.netty.request.NettyRequestSender - Using open Channel [id: 0x8f4cb30b, L:/127.0.0.1:52805 - R:localhost/127.0.0.1:62844] for POST '/session/e2016208e47ec014ebafadf7331fb42c/element/f.CD1A5C13505F5ED048AAF7E5699F2AB1.d.603D30B85CB237A5BE9DE2298063F867.e.35/click'
11:01:01.638 [AsyncHttpClient-1-2] DEBUG org.asynchttpclient.netty.handler.HttpHandler - 

Request DefaultHttpRequest(decodeResult: success, version: HTTP/1.1)
POST /session/e2016208e47ec014ebafadf7331fb42c/element/f.CD1A5C13505F5ED048AAF7E5699F2AB1.d.603D30B85CB237A5BE9DE2298063F867.e.35/click HTTP/1.1
User-Agent: selenium/4.5.0 (java windows)
Content-Length: 88
Content-Type: application/json; charset=utf-8
host: localhost:62844
accept: */*

Response DefaultHttpResponse(decodeResult: success, version: HTTP/1.1)
HTTP/1.1 200 OK
Content-Type: application/json; charset=utf-8
cache-control: no-cache
content-length: 14

11:01:01.639 [AsyncHttpClient-1-2] DEBUG org.asynchttpclient.netty.channel.ChannelManager - Adding key: http://localhost:62844 for channel [id: 0x8f4cb30b, L:/127.0.0.1:52805 - R:localhost/127.0.0.1:62844]
11:01:01.641 [Forwarding findElements on session e2016208e47ec014ebafadf7331fb42c to remote] DEBUG org.asynchttpclient.netty.request.NettyRequestSender - Using pooled Channel '[id: 0x8f4cb30b, L:/127.0.0.1:52805 - R:localhost/127.0.0.1:62844]' for 'POST' to 'http://localhost:62844/session/e2016208e47ec014ebafadf7331fb42c/elements'
11:01:01.641 [Forwarding findElements on session e2016208e47ec014ebafadf7331fb42c to remote] DEBUG org.asynchttpclient.netty.request.NettyRequestSender - Using open Channel [id: 0x8f4cb30b, L:/127.0.0.1:52805 - R:localhost/127.0.0.1:62844] for POST '/session/e2016208e47ec014ebafadf7331fb42c/elements'
11:01:01.651 [AsyncHttpClient-1-2] DEBUG org.asynchttpclient.netty.handler.HttpHandler - 

Request DefaultHttpRequest(decodeResult: success, version: HTTP/1.1)
POST /session/e2016208e47ec014ebafadf7331fb42c/elements HTTP/1.1
User-Agent: selenium/4.5.0 (java windows)
Content-Length: 72
Content-Type: application/json; charset=utf-8
host: localhost:62844
accept: */*

Response DefaultHttpResponse(decodeResult: success, version: HTTP/1.1)
HTTP/1.1 200 OK
Content-Type: application/json; charset=utf-8
cache-control: no-cache
content-length: 128

11:01:01.651 [AsyncHttpClient-1-2] DEBUG org.asynchttpclient.netty.channel.ChannelManager - Adding key: http://localhost:62844 for channel [id: 0x8f4cb30b, L:/127.0.0.1:52805 - R:localhost/127.0.0.1:62844]
11:01:01.652 [main] INFO com.example.WebPageTest - User: problem_useris loging correctly.
11:01:01.654 [Forwarding get on session e2016208e47ec014ebafadf7331fb42c to remote] DEBUG org.asynchttpclient.netty.request.NettyRequestSender - Using pooled Channel '[id: 0x8f4cb30b, L:/127.0.0.1:52805 - R:localhost/127.0.0.1:62844]' for 'POST' to 'http://localhost:62844/session/e2016208e47ec014ebafadf7331fb42c/url'
11:01:01.654 [Forwarding get on session e2016208e47ec014ebafadf7331fb42c to remote] DEBUG org.asynchttpclient.netty.request.NettyRequestSender - Using open Channel [id: 0x8f4cb30b, L:/127.0.0.1:52805 - R:localhost/127.0.0.1:62844] for POST '/session/e2016208e47ec014ebafadf7331fb42c/url'
11:01:01.711 [AsyncHttpClient-1-2] DEBUG org.asynchttpclient.netty.handler.HttpHandler - 

Request DefaultHttpRequest(decodeResult: success, version: HTTP/1.1)
POST /session/e2016208e47ec014ebafadf7331fb42c/url HTTP/1.1
User-Agent: selenium/4.5.0 (java windows)
Content-Length: 56
Content-Type: application/json; charset=utf-8
host: localhost:62844
accept: */*

Response DefaultHttpResponse(decodeResult: success, version: HTTP/1.1)
HTTP/1.1 200 OK
Content-Type: application/json; charset=utf-8
cache-control: no-cache
content-length: 14

11:01:01.711 [AsyncHttpClient-1-2] DEBUG org.asynchttpclient.netty.channel.ChannelManager - Adding key: http://localhost:62844 for channel [id: 0x8f4cb30b, L:/127.0.0.1:52805 - R:localhost/127.0.0.1:62844]
11:01:01.712 [main] INFO com.example.WebPageTest - =========> Username: performance_glitch_user <============
11:01:01.713 [Forwarding findElement on session e2016208e47ec014ebafadf7331fb42c to remote] DEBUG org.asynchttpclient.netty.request.NettyRequestSender - Using pooled Channel '[id: 0x8f4cb30b, L:/127.0.0.1:52805 - R:localhost/127.0.0.1:62844]' for 'POST' to 'http://localhost:62844/session/e2016208e47ec014ebafadf7331fb42c/element'
11:01:01.713 [Forwarding findElement on session e2016208e47ec014ebafadf7331fb42c to remote] DEBUG org.asynchttpclient.netty.request.NettyRequestSender - Using open Channel [id: 0x8f4cb30b, L:/127.0.0.1:52805 - R:localhost/127.0.0.1:62844] for POST '/session/e2016208e47ec014ebafadf7331fb42c/element'
11:01:01.726 [AsyncHttpClient-1-2] DEBUG org.asynchttpclient.netty.handler.HttpHandler - 

Request DefaultHttpRequest(decodeResult: success, version: HTTP/1.1)
POST /session/e2016208e47ec014ebafadf7331fb42c/element HTTP/1.1
User-Agent: selenium/4.5.0 (java windows)
Content-Length: 116
Content-Type: application/json; charset=utf-8
host: localhost:62844
accept: */*

Response DefaultHttpResponse(decodeResult: success, version: HTTP/1.1)
HTTP/1.1 200 OK
Content-Type: application/json; charset=utf-8
cache-control: no-cache
content-length: 126

11:01:01.726 [AsyncHttpClient-1-2] DEBUG org.asynchttpclient.netty.channel.ChannelManager - Adding key: http://localhost:62844 for channel [id: 0x8f4cb30b, L:/127.0.0.1:52805 - R:localhost/127.0.0.1:62844]
11:01:01.728 [Forwarding getElementText on session e2016208e47ec014ebafadf7331fb42c to remote] DEBUG org.asynchttpclient.netty.request.NettyRequestSender - Using pooled Channel '[id: 0x8f4cb30b, L:/127.0.0.1:52805 - R:localhost/127.0.0.1:62844]' for 'GET' to 'http://localhost:62844/session/e2016208e47ec014ebafadf7331fb42c/element/f.CD1A5C13505F5ED048AAF7E5699F2AB1.d.EC4BC2E7B9902F6F98D0A22C694C0489.e.54/text'
11:01:01.728 [Forwarding getElementText on session e2016208e47ec014ebafadf7331fb42c to remote] DEBUG org.asynchttpclient.netty.request.NettyRequestSender - Using open Channel [id: 0x8f4cb30b, L:/127.0.0.1:52805 - R:localhost/127.0.0.1:62844] for GET '/session/e2016208e47ec014ebafadf7331fb42c/element/f.CD1A5C13505F5ED048AAF7E5699F2AB1.d.EC4BC2E7B9902F6F98D0A22C694C0489.e.54/text'
11:01:01.739 [AsyncHttpClient-1-2] DEBUG org.asynchttpclient.netty.handler.HttpHandler - 

Request DefaultFullHttpRequest(decodeResult: success, version: HTTP/1.1, content: EmptyByteBufBE)
GET /session/e2016208e47ec014ebafadf7331fb42c/element/f.CD1A5C13505F5ED048AAF7E5699F2AB1.d.EC4BC2E7B9902F6F98D0A22C694C0489.e.54/text HTTP/1.1
User-Agent: selenium/4.5.0 (java windows)
Cache-Control: no-cache
Content-Type: application/json; charset=utf-8
host: localhost:62844
accept: */*

Response DefaultHttpResponse(decodeResult: success, version: HTTP/1.1)
HTTP/1.1 200 OK
Content-Type: application/json; charset=utf-8
cache-control: no-cache
content-length: 49

11:01:01.739 [AsyncHttpClient-1-2] DEBUG org.asynchttpclient.netty.channel.ChannelManager - Adding key: http://localhost:62844 for channel [id: 0x8f4cb30b, L:/127.0.0.1:52805 - R:localhost/127.0.0.1:62844]
11:01:01.740 [main] INFO com.example.WebPageTest - =========> Password: secret_sauce <============
11:01:01.741 [Forwarding findElement on session e2016208e47ec014ebafadf7331fb42c to remote] DEBUG org.asynchttpclient.netty.request.NettyRequestSender - Using pooled Channel '[id: 0x8f4cb30b, L:/127.0.0.1:52805 - R:localhost/127.0.0.1:62844]' for 'POST' to 'http://localhost:62844/session/e2016208e47ec014ebafadf7331fb42c/element'
11:01:01.741 [Forwarding findElement on session e2016208e47ec014ebafadf7331fb42c to remote] DEBUG org.asynchttpclient.netty.request.NettyRequestSender - Using open Channel [id: 0x8f4cb30b, L:/127.0.0.1:52805 - R:localhost/127.0.0.1:62844] for POST '/session/e2016208e47ec014ebafadf7331fb42c/element'
11:01:01.750 [AsyncHttpClient-1-2] DEBUG org.asynchttpclient.netty.handler.HttpHandler - 

Request DefaultHttpRequest(decodeResult: success, version: HTTP/1.1)
POST /session/e2016208e47ec014ebafadf7331fb42c/element HTTP/1.1
User-Agent: selenium/4.5.0 (java windows)
Content-Length: 56
Content-Type: application/json; charset=utf-8
host: localhost:62844
accept: */*

Response DefaultHttpResponse(decodeResult: success, version: HTTP/1.1)
HTTP/1.1 200 OK
Content-Type: application/json; charset=utf-8
cache-control: no-cache
content-length: 126

11:01:01.750 [AsyncHttpClient-1-2] DEBUG org.asynchttpclient.netty.channel.ChannelManager - Adding key: http://localhost:62844 for channel [id: 0x8f4cb30b, L:/127.0.0.1:52805 - R:localhost/127.0.0.1:62844]
11:01:01.754 [Forwarding sendKeysToElement on session e2016208e47ec014ebafadf7331fb42c to remote] DEBUG org.asynchttpclient.netty.request.NettyRequestSender - Using pooled Channel '[id: 0x8f4cb30b, L:/127.0.0.1:52805 - R:localhost/127.0.0.1:62844]' for 'POST' to 'http://localhost:62844/session/e2016208e47ec014ebafadf7331fb42c/element/f.CD1A5C13505F5ED048AAF7E5699F2AB1.d.EC4BC2E7B9902F6F98D0A22C694C0489.e.48/value'
11:01:01.755 [Forwarding sendKeysToElement on session e2016208e47ec014ebafadf7331fb42c to remote] DEBUG org.asynchttpclient.netty.request.NettyRequestSender - Using open Channel [id: 0x8f4cb30b, L:/127.0.0.1:52805 - R:localhost/127.0.0.1:62844] for POST '/session/e2016208e47ec014ebafadf7331fb42c/element/f.CD1A5C13505F5ED048AAF7E5699F2AB1.d.EC4BC2E7B9902F6F98D0A22C694C0489.e.48/value'
11:01:01.896 [AsyncHttpClient-1-2] DEBUG org.asynchttpclient.netty.handler.HttpHandler - 

Request DefaultHttpRequest(decodeResult: success, version: HTTP/1.1)
POST /session/e2016208e47ec014ebafadf7331fb42c/element/f.CD1A5C13505F5ED048AAF7E5699F2AB1.d.EC4BC2E7B9902F6F98D0A22C694C0489.e.48/value HTTP/1.1
User-Agent: selenium/4.5.0 (java windows)
Content-Length: 349
Content-Type: application/json; charset=utf-8
host: localhost:62844
accept: */*

Response DefaultHttpResponse(decodeResult: success, version: HTTP/1.1)
HTTP/1.1 200 OK
Content-Type: application/json; charset=utf-8
cache-control: no-cache
content-length: 14

11:01:01.896 [AsyncHttpClient-1-2] DEBUG org.asynchttpclient.netty.channel.ChannelManager - Adding key: http://localhost:62844 for channel [id: 0x8f4cb30b, L:/127.0.0.1:52805 - R:localhost/127.0.0.1:62844]
11:01:01.898 [Forwarding findElement on session e2016208e47ec014ebafadf7331fb42c to remote] DEBUG org.asynchttpclient.netty.request.NettyRequestSender - Using pooled Channel '[id: 0x8f4cb30b, L:/127.0.0.1:52805 - R:localhost/127.0.0.1:62844]' for 'POST' to 'http://localhost:62844/session/e2016208e47ec014ebafadf7331fb42c/element'
11:01:01.898 [Forwarding findElement on session e2016208e47ec014ebafadf7331fb42c to remote] DEBUG org.asynchttpclient.netty.request.NettyRequestSender - Using open Channel [id: 0x8f4cb30b, L:/127.0.0.1:52805 - R:localhost/127.0.0.1:62844] for POST '/session/e2016208e47ec014ebafadf7331fb42c/element'
11:01:01.909 [AsyncHttpClient-1-2] DEBUG org.asynchttpclient.netty.handler.HttpHandler - 

Request DefaultHttpRequest(decodeResult: success, version: HTTP/1.1)
POST /session/e2016208e47ec014ebafadf7331fb42c/element HTTP/1.1
User-Agent: selenium/4.5.0 (java windows)
Content-Length: 53
Content-Type: application/json; charset=utf-8
host: localhost:62844
accept: */*

Response DefaultHttpResponse(decodeResult: success, version: HTTP/1.1)
HTTP/1.1 200 OK
Content-Type: application/json; charset=utf-8
cache-control: no-cache
content-length: 126

11:01:01.909 [AsyncHttpClient-1-2] DEBUG org.asynchttpclient.netty.channel.ChannelManager - Adding key: http://localhost:62844 for channel [id: 0x8f4cb30b, L:/127.0.0.1:52805 - R:localhost/127.0.0.1:62844]
11:01:01.912 [Forwarding sendKeysToElement on session e2016208e47ec014ebafadf7331fb42c to remote] DEBUG org.asynchttpclient.netty.request.NettyRequestSender - Using pooled Channel '[id: 0x8f4cb30b, L:/127.0.0.1:52805 - R:localhost/127.0.0.1:62844]' for 'POST' to 'http://localhost:62844/session/e2016208e47ec014ebafadf7331fb42c/element/f.CD1A5C13505F5ED048AAF7E5699F2AB1.d.EC4BC2E7B9902F6F98D0A22C694C0489.e.50/value'
11:01:01.912 [Forwarding sendKeysToElement on session e2016208e47ec014ebafadf7331fb42c to remote] DEBUG org.asynchttpclient.netty.request.NettyRequestSender - Using open Channel [id: 0x8f4cb30b, L:/127.0.0.1:52805 - R:localhost/127.0.0.1:62844] for POST '/session/e2016208e47ec014ebafadf7331fb42c/element/f.CD1A5C13505F5ED048AAF7E5699F2AB1.d.EC4BC2E7B9902F6F98D0A22C694C0489.e.50/value'
11:01:01.990 [AsyncHttpClient-1-2] DEBUG org.asynchttpclient.netty.handler.HttpHandler - 

Request DefaultHttpRequest(decodeResult: success, version: HTTP/1.1)
POST /session/e2016208e47ec014ebafadf7331fb42c/element/f.CD1A5C13505F5ED048AAF7E5699F2AB1.d.EC4BC2E7B9902F6F98D0A22C694C0489.e.50/value HTTP/1.1
User-Agent: selenium/4.5.0 (java windows)
Content-Length: 239
Content-Type: application/json; charset=utf-8
host: localhost:62844
accept: */*

Response DefaultHttpResponse(decodeResult: success, version: HTTP/1.1)
HTTP/1.1 200 OK
Content-Type: application/json; charset=utf-8
cache-control: no-cache
content-length: 14

11:01:01.990 [AsyncHttpClient-1-2] DEBUG org.asynchttpclient.netty.channel.ChannelManager - Adding key: http://localhost:62844 for channel [id: 0x8f4cb30b, L:/127.0.0.1:52805 - R:localhost/127.0.0.1:62844]
11:01:01.992 [Forwarding findElement on session e2016208e47ec014ebafadf7331fb42c to remote] DEBUG org.asynchttpclient.netty.request.NettyRequestSender - Using pooled Channel '[id: 0x8f4cb30b, L:/127.0.0.1:52805 - R:localhost/127.0.0.1:62844]' for 'POST' to 'http://localhost:62844/session/e2016208e47ec014ebafadf7331fb42c/element'
11:01:01.992 [Forwarding findElement on session e2016208e47ec014ebafadf7331fb42c to remote] DEBUG org.asynchttpclient.netty.request.NettyRequestSender - Using open Channel [id: 0x8f4cb30b, L:/127.0.0.1:52805 - R:localhost/127.0.0.1:62844] for POST '/session/e2016208e47ec014ebafadf7331fb42c/element'
11:01:02.001 [AsyncHttpClient-1-2] DEBUG org.asynchttpclient.netty.handler.HttpHandler - 

Request DefaultHttpRequest(decodeResult: success, version: HTTP/1.1)
POST /session/e2016208e47ec014ebafadf7331fb42c/element HTTP/1.1
User-Agent: selenium/4.5.0 (java windows)
Content-Length: 59
Content-Type: application/json; charset=utf-8
host: localhost:62844
accept: */*

Response DefaultHttpResponse(decodeResult: success, version: HTTP/1.1)
HTTP/1.1 200 OK
Content-Type: application/json; charset=utf-8
cache-control: no-cache
content-length: 126

11:01:02.001 [AsyncHttpClient-1-2] DEBUG org.asynchttpclient.netty.channel.ChannelManager - Adding key: http://localhost:62844 for channel [id: 0x8f4cb30b, L:/127.0.0.1:52805 - R:localhost/127.0.0.1:62844]
11:01:02.003 [Forwarding clickElement on session e2016208e47ec014ebafadf7331fb42c to remote] DEBUG org.asynchttpclient.netty.request.NettyRequestSender - Using pooled Channel '[id: 0x8f4cb30b, L:/127.0.0.1:52805 - R:localhost/127.0.0.1:62844]' for 'POST' to 'http://localhost:62844/session/e2016208e47ec014ebafadf7331fb42c/element/f.CD1A5C13505F5ED048AAF7E5699F2AB1.d.EC4BC2E7B9902F6F98D0A22C694C0489.e.51/click'
11:01:02.004 [Forwarding clickElement on session e2016208e47ec014ebafadf7331fb42c to remote] DEBUG org.asynchttpclient.netty.request.NettyRequestSender - Using open Channel [id: 0x8f4cb30b, L:/127.0.0.1:52805 - R:localhost/127.0.0.1:62844] for POST '/session/e2016208e47ec014ebafadf7331fb42c/element/f.CD1A5C13505F5ED048AAF7E5699F2AB1.d.EC4BC2E7B9902F6F98D0A22C694C0489.e.51/click'
11:01:02.019 [AsyncHttpClient-1-1] DEBUG org.asynchttpclient.netty.channel.DefaultChannelPool - Entry count for : http://localhost:9222 : 1
11:01:03.118 [AsyncHttpClient-1-1] DEBUG org.asynchttpclient.netty.channel.DefaultChannelPool - Entry count for : http://localhost:9222 : 1
11:01:04.214 [AsyncHttpClient-1-1] DEBUG org.asynchttpclient.netty.channel.DefaultChannelPool - Entry count for : http://localhost:9222 : 1
11:01:05.318 [AsyncHttpClient-1-1] DEBUG org.asynchttpclient.netty.channel.DefaultChannelPool - Entry count for : http://localhost:9222 : 1
11:01:06.419 [AsyncHttpClient-1-1] DEBUG org.asynchttpclient.netty.channel.DefaultChannelPool - Entry count for : http://localhost:9222 : 1
11:01:07.098 [AsyncHttpClient-1-2] DEBUG org.asynchttpclient.netty.handler.HttpHandler - 

Request DefaultHttpRequest(decodeResult: success, version: HTTP/1.1)
POST /session/e2016208e47ec014ebafadf7331fb42c/element/f.CD1A5C13505F5ED048AAF7E5699F2AB1.d.EC4BC2E7B9902F6F98D0A22C694C0489.e.51/click HTTP/1.1
User-Agent: selenium/4.5.0 (java windows)
Content-Length: 88
Content-Type: application/json; charset=utf-8
host: localhost:62844
accept: */*

Response DefaultHttpResponse(decodeResult: success, version: HTTP/1.1)
HTTP/1.1 200 OK
Content-Type: application/json; charset=utf-8
cache-control: no-cache
content-length: 14

11:01:07.098 [AsyncHttpClient-1-2] DEBUG org.asynchttpclient.netty.channel.ChannelManager - Adding key: http://localhost:62844 for channel [id: 0x8f4cb30b, L:/127.0.0.1:52805 - R:localhost/127.0.0.1:62844]
11:01:07.098 [Forwarding findElements on session e2016208e47ec014ebafadf7331fb42c to remote] DEBUG org.asynchttpclient.netty.request.NettyRequestSender - Using pooled Channel '[id: 0x8f4cb30b, L:/127.0.0.1:52805 - R:localhost/127.0.0.1:62844]' for 'POST' to 'http://localhost:62844/session/e2016208e47ec014ebafadf7331fb42c/elements'
11:01:07.098 [Forwarding findElements on session e2016208e47ec014ebafadf7331fb42c to remote] DEBUG org.asynchttpclient.netty.request.NettyRequestSender - Using open Channel [id: 0x8f4cb30b, L:/127.0.0.1:52805 - R:localhost/127.0.0.1:62844] for POST '/session/e2016208e47ec014ebafadf7331fb42c/elements'
11:01:07.112 [AsyncHttpClient-1-2] DEBUG org.asynchttpclient.netty.handler.HttpHandler - 

Request DefaultHttpRequest(decodeResult: success, version: HTTP/1.1)
POST /session/e2016208e47ec014ebafadf7331fb42c/elements HTTP/1.1
User-Agent: selenium/4.5.0 (java windows)
Content-Length: 72
Content-Type: application/json; charset=utf-8
host: localhost:62844
accept: */*

Response DefaultHttpResponse(decodeResult: success, version: HTTP/1.1)
HTTP/1.1 200 OK
Content-Type: application/json; charset=utf-8
cache-control: no-cache
content-length: 128

11:01:07.112 [AsyncHttpClient-1-2] DEBUG org.asynchttpclient.netty.channel.ChannelManager - Adding key: http://localhost:62844 for channel [id: 0x8f4cb30b, L:/127.0.0.1:52805 - R:localhost/127.0.0.1:62844]
11:01:07.112 [main] INFO com.example.WebPageTest - User: performance_glitch_useris loging correctly.
11:01:07.117 [Forwarding get on session e2016208e47ec014ebafadf7331fb42c to remote] DEBUG org.asynchttpclient.netty.request.NettyRequestSender - Using pooled Channel '[id: 0x8f4cb30b, L:/127.0.0.1:52805 - R:localhost/127.0.0.1:62844]' for 'POST' to 'http://localhost:62844/session/e2016208e47ec014ebafadf7331fb42c/url'
11:01:07.117 [Forwarding get on session e2016208e47ec014ebafadf7331fb42c to remote] DEBUG org.asynchttpclient.netty.request.NettyRequestSender - Using open Channel [id: 0x8f4cb30b, L:/127.0.0.1:52805 - R:localhost/127.0.0.1:62844] for POST '/session/e2016208e47ec014ebafadf7331fb42c/url'
11:01:07.204 [AsyncHttpClient-1-2] DEBUG org.asynchttpclient.netty.handler.HttpHandler - 

Request DefaultHttpRequest(decodeResult: success, version: HTTP/1.1)
POST /session/e2016208e47ec014ebafadf7331fb42c/url HTTP/1.1
User-Agent: selenium/4.5.0 (java windows)
Content-Length: 56
Content-Type: application/json; charset=utf-8
host: localhost:62844
accept: */*

Response DefaultHttpResponse(decodeResult: success, version: HTTP/1.1)
HTTP/1.1 200 OK
Content-Type: application/json; charset=utf-8
cache-control: no-cache
content-length: 14

11:01:07.205 [AsyncHttpClient-1-2] DEBUG org.asynchttpclient.netty.channel.ChannelManager - Adding key: http://localhost:62844 for channel [id: 0x8f4cb30b, L:/127.0.0.1:52805 - R:localhost/127.0.0.1:62844]
11:01:07.205 [main] INFO com.example.WebPageTest - =========> Username: error_user <============
11:01:07.207 [Forwarding findElement on session e2016208e47ec014ebafadf7331fb42c to remote] DEBUG org.asynchttpclient.netty.request.NettyRequestSender - Using pooled Channel '[id: 0x8f4cb30b, L:/127.0.0.1:52805 - R:localhost/127.0.0.1:62844]' for 'POST' to 'http://localhost:62844/session/e2016208e47ec014ebafadf7331fb42c/element'
11:01:07.207 [Forwarding findElement on session e2016208e47ec014ebafadf7331fb42c to remote] DEBUG org.asynchttpclient.netty.request.NettyRequestSender - Using open Channel [id: 0x8f4cb30b, L:/127.0.0.1:52805 - R:localhost/127.0.0.1:62844] for POST '/session/e2016208e47ec014ebafadf7331fb42c/element'
11:01:07.220 [AsyncHttpClient-1-2] DEBUG org.asynchttpclient.netty.handler.HttpHandler - 

Request DefaultHttpRequest(decodeResult: success, version: HTTP/1.1)
POST /session/e2016208e47ec014ebafadf7331fb42c/element HTTP/1.1
User-Agent: selenium/4.5.0 (java windows)
Content-Length: 116
Content-Type: application/json; charset=utf-8
host: localhost:62844
accept: */*

Response DefaultHttpResponse(decodeResult: success, version: HTTP/1.1)
HTTP/1.1 200 OK
Content-Type: application/json; charset=utf-8
cache-control: no-cache
content-length: 126

11:01:07.220 [AsyncHttpClient-1-2] DEBUG org.asynchttpclient.netty.channel.ChannelManager - Adding key: http://localhost:62844 for channel [id: 0x8f4cb30b, L:/127.0.0.1:52805 - R:localhost/127.0.0.1:62844]
11:01:07.220 [Forwarding getElementText on session e2016208e47ec014ebafadf7331fb42c to remote] DEBUG org.asynchttpclient.netty.request.NettyRequestSender - Using pooled Channel '[id: 0x8f4cb30b, L:/127.0.0.1:52805 - R:localhost/127.0.0.1:62844]' for 'GET' to 'http://localhost:62844/session/e2016208e47ec014ebafadf7331fb42c/element/f.CD1A5C13505F5ED048AAF7E5699F2AB1.d.75FC11EDD38B629FC6F07EEC6A33F04F.e.81/text'
11:01:07.220 [Forwarding getElementText on session e2016208e47ec014ebafadf7331fb42c to remote] DEBUG org.asynchttpclient.netty.request.NettyRequestSender - Using open Channel [id: 0x8f4cb30b, L:/127.0.0.1:52805 - R:localhost/127.0.0.1:62844] for GET '/session/e2016208e47ec014ebafadf7331fb42c/element/f.CD1A5C13505F5ED048AAF7E5699F2AB1.d.75FC11EDD38B629FC6F07EEC6A33F04F.e.81/text'
11:01:07.232 [AsyncHttpClient-1-2] DEBUG org.asynchttpclient.netty.handler.HttpHandler - 

Request DefaultFullHttpRequest(decodeResult: success, version: HTTP/1.1, content: EmptyByteBufBE)
GET /session/e2016208e47ec014ebafadf7331fb42c/element/f.CD1A5C13505F5ED048AAF7E5699F2AB1.d.75FC11EDD38B629FC6F07EEC6A33F04F.e.81/text HTTP/1.1
User-Agent: selenium/4.5.0 (java windows)
Cache-Control: no-cache
Content-Type: application/json; charset=utf-8
host: localhost:62844
accept: */*

Response DefaultHttpResponse(decodeResult: success, version: HTTP/1.1)
HTTP/1.1 200 OK
Content-Type: application/json; charset=utf-8
cache-control: no-cache
content-length: 49

11:01:07.232 [AsyncHttpClient-1-2] DEBUG org.asynchttpclient.netty.channel.ChannelManager - Adding key: http://localhost:62844 for channel [id: 0x8f4cb30b, L:/127.0.0.1:52805 - R:localhost/127.0.0.1:62844]
11:01:07.233 [main] INFO com.example.WebPageTest - =========> Password: secret_sauce <============
11:01:07.234 [Forwarding findElement on session e2016208e47ec014ebafadf7331fb42c to remote] DEBUG org.asynchttpclient.netty.request.NettyRequestSender - Using pooled Channel '[id: 0x8f4cb30b, L:/127.0.0.1:52805 - R:localhost/127.0.0.1:62844]' for 'POST' to 'http://localhost:62844/session/e2016208e47ec014ebafadf7331fb42c/element'
11:01:07.234 [Forwarding findElement on session e2016208e47ec014ebafadf7331fb42c to remote] DEBUG org.asynchttpclient.netty.request.NettyRequestSender - Using open Channel [id: 0x8f4cb30b, L:/127.0.0.1:52805 - R:localhost/127.0.0.1:62844] for POST '/session/e2016208e47ec014ebafadf7331fb42c/element'
11:01:07.242 [AsyncHttpClient-1-2] DEBUG org.asynchttpclient.netty.handler.HttpHandler - 

Request DefaultHttpRequest(decodeResult: success, version: HTTP/1.1)
POST /session/e2016208e47ec014ebafadf7331fb42c/element HTTP/1.1
User-Agent: selenium/4.5.0 (java windows)
Content-Length: 56
Content-Type: application/json; charset=utf-8
host: localhost:62844
accept: */*

Response DefaultHttpResponse(decodeResult: success, version: HTTP/1.1)
HTTP/1.1 200 OK
Content-Type: application/json; charset=utf-8
cache-control: no-cache
content-length: 126

11:01:07.242 [AsyncHttpClient-1-2] DEBUG org.asynchttpclient.netty.channel.ChannelManager - Adding key: http://localhost:62844 for channel [id: 0x8f4cb30b, L:/127.0.0.1:52805 - R:localhost/127.0.0.1:62844]
11:01:07.244 [Forwarding sendKeysToElement on session e2016208e47ec014ebafadf7331fb42c to remote] DEBUG org.asynchttpclient.netty.request.NettyRequestSender - Using pooled Channel '[id: 0x8f4cb30b, L:/127.0.0.1:52805 - R:localhost/127.0.0.1:62844]' for 'POST' to 'http://localhost:62844/session/e2016208e47ec014ebafadf7331fb42c/element/f.CD1A5C13505F5ED048AAF7E5699F2AB1.d.75FC11EDD38B629FC6F07EEC6A33F04F.e.73/value'
11:01:07.245 [Forwarding sendKeysToElement on session e2016208e47ec014ebafadf7331fb42c to remote] DEBUG org.asynchttpclient.netty.request.NettyRequestSender - Using open Channel [id: 0x8f4cb30b, L:/127.0.0.1:52805 - R:localhost/127.0.0.1:62844] for POST '/session/e2016208e47ec014ebafadf7331fb42c/element/f.CD1A5C13505F5ED048AAF7E5699F2AB1.d.75FC11EDD38B629FC6F07EEC6A33F04F.e.73/value'
11:01:07.315 [AsyncHttpClient-1-2] DEBUG org.asynchttpclient.netty.handler.HttpHandler - 

Request DefaultHttpRequest(decodeResult: success, version: HTTP/1.1)
POST /session/e2016208e47ec014ebafadf7331fb42c/element/f.CD1A5C13505F5ED048AAF7E5699F2AB1.d.75FC11EDD38B629FC6F07EEC6A33F04F.e.73/value HTTP/1.1
User-Agent: selenium/4.5.0 (java windows)
Content-Length: 219
Content-Type: application/json; charset=utf-8
host: localhost:62844
accept: */*

Response DefaultHttpResponse(decodeResult: success, version: HTTP/1.1)
HTTP/1.1 200 OK
Content-Type: application/json; charset=utf-8
cache-control: no-cache
content-length: 14

11:01:07.315 [AsyncHttpClient-1-2] DEBUG org.asynchttpclient.netty.channel.ChannelManager - Adding key: http://localhost:62844 for channel [id: 0x8f4cb30b, L:/127.0.0.1:52805 - R:localhost/127.0.0.1:62844]
11:01:07.317 [Forwarding findElement on session e2016208e47ec014ebafadf7331fb42c to remote] DEBUG org.asynchttpclient.netty.request.NettyRequestSender - Using pooled Channel '[id: 0x8f4cb30b, L:/127.0.0.1:52805 - R:localhost/127.0.0.1:62844]' for 'POST' to 'http://localhost:62844/session/e2016208e47ec014ebafadf7331fb42c/element'
11:01:07.317 [Forwarding findElement on session e2016208e47ec014ebafadf7331fb42c to remote] DEBUG org.asynchttpclient.netty.request.NettyRequestSender - Using open Channel [id: 0x8f4cb30b, L:/127.0.0.1:52805 - R:localhost/127.0.0.1:62844] for POST '/session/e2016208e47ec014ebafadf7331fb42c/element'
11:01:07.327 [AsyncHttpClient-1-2] DEBUG org.asynchttpclient.netty.handler.HttpHandler - 

Request DefaultHttpRequest(decodeResult: success, version: HTTP/1.1)
POST /session/e2016208e47ec014ebafadf7331fb42c/element HTTP/1.1
User-Agent: selenium/4.5.0 (java windows)
Content-Length: 53
Content-Type: application/json; charset=utf-8
host: localhost:62844
accept: */*

Response DefaultHttpResponse(decodeResult: success, version: HTTP/1.1)
HTTP/1.1 200 OK
Content-Type: application/json; charset=utf-8
cache-control: no-cache
content-length: 126

11:01:07.328 [AsyncHttpClient-1-2] DEBUG org.asynchttpclient.netty.channel.ChannelManager - Adding key: http://localhost:62844 for channel [id: 0x8f4cb30b, L:/127.0.0.1:52805 - R:localhost/127.0.0.1:62844]
11:01:07.330 [Forwarding sendKeysToElement on session e2016208e47ec014ebafadf7331fb42c to remote] DEBUG org.asynchttpclient.netty.request.NettyRequestSender - Using pooled Channel '[id: 0x8f4cb30b, L:/127.0.0.1:52805 - R:localhost/127.0.0.1:62844]' for 'POST' to 'http://localhost:62844/session/e2016208e47ec014ebafadf7331fb42c/element/f.CD1A5C13505F5ED048AAF7E5699F2AB1.d.75FC11EDD38B629FC6F07EEC6A33F04F.e.75/value'
11:01:07.330 [Forwarding sendKeysToElement on session e2016208e47ec014ebafadf7331fb42c to remote] DEBUG org.asynchttpclient.netty.request.NettyRequestSender - Using open Channel [id: 0x8f4cb30b, L:/127.0.0.1:52805 - R:localhost/127.0.0.1:62844] for POST '/session/e2016208e47ec014ebafadf7331fb42c/element/f.CD1A5C13505F5ED048AAF7E5699F2AB1.d.75FC11EDD38B629FC6F07EEC6A33F04F.e.75/value'
11:01:07.394 [AsyncHttpClient-1-2] DEBUG org.asynchttpclient.netty.handler.HttpHandler - 

Request DefaultHttpRequest(decodeResult: success, version: HTTP/1.1)
POST /session/e2016208e47ec014ebafadf7331fb42c/element/f.CD1A5C13505F5ED048AAF7E5699F2AB1.d.75FC11EDD38B629FC6F07EEC6A33F04F.e.75/value HTTP/1.1
User-Agent: selenium/4.5.0 (java windows)
Content-Length: 239
Content-Type: application/json; charset=utf-8
host: localhost:62844
accept: */*

Response DefaultHttpResponse(decodeResult: success, version: HTTP/1.1)
HTTP/1.1 200 OK
Content-Type: application/json; charset=utf-8
cache-control: no-cache
content-length: 14

11:01:07.394 [AsyncHttpClient-1-2] DEBUG org.asynchttpclient.netty.channel.ChannelManager - Adding key: http://localhost:62844 for channel [id: 0x8f4cb30b, L:/127.0.0.1:52805 - R:localhost/127.0.0.1:62844]
11:01:07.396 [Forwarding findElement on session e2016208e47ec014ebafadf7331fb42c to remote] DEBUG org.asynchttpclient.netty.request.NettyRequestSender - Using pooled Channel '[id: 0x8f4cb30b, L:/127.0.0.1:52805 - R:localhost/127.0.0.1:62844]' for 'POST' to 'http://localhost:62844/session/e2016208e47ec014ebafadf7331fb42c/element'
11:01:07.396 [Forwarding findElement on session e2016208e47ec014ebafadf7331fb42c to remote] DEBUG org.asynchttpclient.netty.request.NettyRequestSender - Using open Channel [id: 0x8f4cb30b, L:/127.0.0.1:52805 - R:localhost/127.0.0.1:62844] for POST '/session/e2016208e47ec014ebafadf7331fb42c/element'
11:01:07.405 [AsyncHttpClient-1-2] DEBUG org.asynchttpclient.netty.handler.HttpHandler - 

Request DefaultHttpRequest(decodeResult: success, version: HTTP/1.1)
POST /session/e2016208e47ec014ebafadf7331fb42c/element HTTP/1.1
User-Agent: selenium/4.5.0 (java windows)
Content-Length: 59
Content-Type: application/json; charset=utf-8
host: localhost:62844
accept: */*

Response DefaultHttpResponse(decodeResult: success, version: HTTP/1.1)
HTTP/1.1 200 OK
Content-Type: application/json; charset=utf-8
cache-control: no-cache
content-length: 126

11:01:07.405 [AsyncHttpClient-1-2] DEBUG org.asynchttpclient.netty.channel.ChannelManager - Adding key: http://localhost:62844 for channel [id: 0x8f4cb30b, L:/127.0.0.1:52805 - R:localhost/127.0.0.1:62844]
11:01:07.407 [Forwarding clickElement on session e2016208e47ec014ebafadf7331fb42c to remote] DEBUG org.asynchttpclient.netty.request.NettyRequestSender - Using pooled Channel '[id: 0x8f4cb30b, L:/127.0.0.1:52805 - R:localhost/127.0.0.1:62844]' for 'POST' to 'http://localhost:62844/session/e2016208e47ec014ebafadf7331fb42c/element/f.CD1A5C13505F5ED048AAF7E5699F2AB1.d.75FC11EDD38B629FC6F07EEC6A33F04F.e.76/click'
11:01:07.407 [Forwarding clickElement on session e2016208e47ec014ebafadf7331fb42c to remote] DEBUG org.asynchttpclient.netty.request.NettyRequestSender - Using open Channel [id: 0x8f4cb30b, L:/127.0.0.1:52805 - R:localhost/127.0.0.1:62844] for POST '/session/e2016208e47ec014ebafadf7331fb42c/element/f.CD1A5C13505F5ED048AAF7E5699F2AB1.d.75FC11EDD38B629FC6F07EEC6A33F04F.e.76/click'
11:01:07.513 [AsyncHttpClient-1-2] DEBUG org.asynchttpclient.netty.handler.HttpHandler - 

Request DefaultHttpRequest(decodeResult: success, version: HTTP/1.1)
POST /session/e2016208e47ec014ebafadf7331fb42c/element/f.CD1A5C13505F5ED048AAF7E5699F2AB1.d.75FC11EDD38B629FC6F07EEC6A33F04F.e.76/click HTTP/1.1
User-Agent: selenium/4.5.0 (java windows)
Content-Length: 88
Content-Type: application/json; charset=utf-8
host: localhost:62844
accept: */*

Response DefaultHttpResponse(decodeResult: success, version: HTTP/1.1)
HTTP/1.1 200 OK
Content-Type: application/json; charset=utf-8
cache-control: no-cache
content-length: 14

11:01:07.513 [AsyncHttpClient-1-2] DEBUG org.asynchttpclient.netty.channel.ChannelManager - Adding key: http://localhost:62844 for channel [id: 0x8f4cb30b, L:/127.0.0.1:52805 - R:localhost/127.0.0.1:62844]
11:01:07.515 [Forwarding findElements on session e2016208e47ec014ebafadf7331fb42c to remote] DEBUG org.asynchttpclient.netty.request.NettyRequestSender - Using pooled Channel '[id: 0x8f4cb30b, L:/127.0.0.1:52805 - R:localhost/127.0.0.1:62844]' for 'POST' to 'http://localhost:62844/session/e2016208e47ec014ebafadf7331fb42c/elements'
11:01:07.515 [Forwarding findElements on session e2016208e47ec014ebafadf7331fb42c to remote] DEBUG org.asynchttpclient.netty.request.NettyRequestSender - Using open Channel [id: 0x8f4cb30b, L:/127.0.0.1:52805 - R:localhost/127.0.0.1:62844] for POST '/session/e2016208e47ec014ebafadf7331fb42c/elements'
11:01:07.519 [AsyncHttpClient-1-2] DEBUG org.asynchttpclient.netty.handler.HttpHandler - 

Request DefaultHttpRequest(decodeResult: success, version: HTTP/1.1)
POST /session/e2016208e47ec014ebafadf7331fb42c/elements HTTP/1.1
User-Agent: selenium/4.5.0 (java windows)
Content-Length: 72
Content-Type: application/json; charset=utf-8
host: localhost:62844
accept: */*

Response DefaultHttpResponse(decodeResult: success, version: HTTP/1.1)
HTTP/1.1 200 OK
Content-Type: application/json; charset=utf-8
cache-control: no-cache
content-length: 128

11:01:07.524 [AsyncHttpClient-1-2] DEBUG org.asynchttpclient.netty.channel.ChannelManager - Adding key: http://localhost:62844 for channel [id: 0x8f4cb30b, L:/127.0.0.1:52805 - R:localhost/127.0.0.1:62844]
11:01:07.524 [AsyncHttpClient-1-1] DEBUG org.asynchttpclient.netty.channel.DefaultChannelPool - Entry count for : http://localhost:9222 : 1
11:01:07.525 [main] INFO com.example.WebPageTest - User: error_useris loging correctly.
11:01:07.525 [Forwarding get on session e2016208e47ec014ebafadf7331fb42c to remote] DEBUG org.asynchttpclient.netty.request.NettyRequestSender - Using pooled Channel '[id: 0x8f4cb30b, L:/127.0.0.1:52805 - R:localhost/127.0.0.1:62844]' for 'POST' to 'http://localhost:62844/session/e2016208e47ec014ebafadf7331fb42c/url'
11:01:07.526 [Forwarding get on session e2016208e47ec014ebafadf7331fb42c to remote] DEBUG org.asynchttpclient.netty.request.NettyRequestSender - Using open Channel [id: 0x8f4cb30b, L:/127.0.0.1:52805 - R:localhost/127.0.0.1:62844] for POST '/session/e2016208e47ec014ebafadf7331fb42c/url'
11:01:07.577 [AsyncHttpClient-1-2] DEBUG org.asynchttpclient.netty.handler.HttpHandler - 

Request DefaultHttpRequest(decodeResult: success, version: HTTP/1.1)
POST /session/e2016208e47ec014ebafadf7331fb42c/url HTTP/1.1
User-Agent: selenium/4.5.0 (java windows)
Content-Length: 56
Content-Type: application/json; charset=utf-8
host: localhost:62844
accept: */*

Response DefaultHttpResponse(decodeResult: success, version: HTTP/1.1)
HTTP/1.1 200 OK
Content-Type: application/json; charset=utf-8
cache-control: no-cache
content-length: 14

11:01:07.577 [AsyncHttpClient-1-2] DEBUG org.asynchttpclient.netty.channel.ChannelManager - Adding key: http://localhost:62844 for channel [id: 0x8f4cb30b, L:/127.0.0.1:52805 - R:localhost/127.0.0.1:62844]
11:01:07.578 [main] INFO com.example.WebPageTest - =========> Username: visual_user <============
11:01:07.579 [Forwarding findElement on session e2016208e47ec014ebafadf7331fb42c to remote] DEBUG org.asynchttpclient.netty.request.NettyRequestSender - Using pooled Channel '[id: 0x8f4cb30b, L:/127.0.0.1:52805 - R:localhost/127.0.0.1:62844]' for 'POST' to 'http://localhost:62844/session/e2016208e47ec014ebafadf7331fb42c/element'
11:01:07.579 [Forwarding findElement on session e2016208e47ec014ebafadf7331fb42c to remote] DEBUG org.asynchttpclient.netty.request.NettyRequestSender - Using open Channel [id: 0x8f4cb30b, L:/127.0.0.1:52805 - R:localhost/127.0.0.1:62844] for POST '/session/e2016208e47ec014ebafadf7331fb42c/element'
11:01:07.593 [AsyncHttpClient-1-2] DEBUG org.asynchttpclient.netty.handler.HttpHandler - 

Request DefaultHttpRequest(decodeResult: success, version: HTTP/1.1)
POST /session/e2016208e47ec014ebafadf7331fb42c/element HTTP/1.1
User-Agent: selenium/4.5.0 (java windows)
Content-Length: 116
Content-Type: application/json; charset=utf-8
host: localhost:62844
accept: */*

Response DefaultHttpResponse(decodeResult: success, version: HTTP/1.1)
HTTP/1.1 200 OK
Content-Type: application/json; charset=utf-8
cache-control: no-cache
content-length: 127

11:01:07.594 [AsyncHttpClient-1-2] DEBUG org.asynchttpclient.netty.channel.ChannelManager - Adding key: http://localhost:62844 for channel [id: 0x8f4cb30b, L:/127.0.0.1:52805 - R:localhost/127.0.0.1:62844]
11:01:07.595 [Forwarding getElementText on session e2016208e47ec014ebafadf7331fb42c to remote] DEBUG org.asynchttpclient.netty.request.NettyRequestSender - Using pooled Channel '[id: 0x8f4cb30b, L:/127.0.0.1:52805 - R:localhost/127.0.0.1:62844]' for 'GET' to 'http://localhost:62844/session/e2016208e47ec014ebafadf7331fb42c/element/f.CD1A5C13505F5ED048AAF7E5699F2AB1.d.ABEE4D5E1CF6F0F692EA3B40EBD5406C.e.104/text'
11:01:07.595 [Forwarding getElementText on session e2016208e47ec014ebafadf7331fb42c to remote] DEBUG org.asynchttpclient.netty.request.NettyRequestSender - Using open Channel [id: 0x8f4cb30b, L:/127.0.0.1:52805 - R:localhost/127.0.0.1:62844] for GET '/session/e2016208e47ec014ebafadf7331fb42c/element/f.CD1A5C13505F5ED048AAF7E5699F2AB1.d.ABEE4D5E1CF6F0F692EA3B40EBD5406C.e.104/text'
11:01:07.605 [AsyncHttpClient-1-2] DEBUG org.asynchttpclient.netty.handler.HttpHandler - 

Request DefaultFullHttpRequest(decodeResult: success, version: HTTP/1.1, content: EmptyByteBufBE)
GET /session/e2016208e47ec014ebafadf7331fb42c/element/f.CD1A5C13505F5ED048AAF7E5699F2AB1.d.ABEE4D5E1CF6F0F692EA3B40EBD5406C.e.104/text HTTP/1.1
User-Agent: selenium/4.5.0 (java windows)
Cache-Control: no-cache
Content-Type: application/json; charset=utf-8
host: localhost:62844
accept: */*

Response DefaultHttpResponse(decodeResult: success, version: HTTP/1.1)
HTTP/1.1 200 OK
Content-Type: application/json; charset=utf-8
cache-control: no-cache
content-length: 49

11:01:07.606 [AsyncHttpClient-1-2] DEBUG org.asynchttpclient.netty.channel.ChannelManager - Adding key: http://localhost:62844 for channel [id: 0x8f4cb30b, L:/127.0.0.1:52805 - R:localhost/127.0.0.1:62844]
11:01:07.607 [main] INFO com.example.WebPageTest - =========> Password: secret_sauce <============
11:01:07.608 [Forwarding findElement on session e2016208e47ec014ebafadf7331fb42c to remote] DEBUG org.asynchttpclient.netty.request.NettyRequestSender - Using pooled Channel '[id: 0x8f4cb30b, L:/127.0.0.1:52805 - R:localhost/127.0.0.1:62844]' for 'POST' to 'http://localhost:62844/session/e2016208e47ec014ebafadf7331fb42c/element'
11:01:07.608 [Forwarding findElement on session e2016208e47ec014ebafadf7331fb42c to remote] DEBUG org.asynchttpclient.netty.request.NettyRequestSender - Using open Channel [id: 0x8f4cb30b, L:/127.0.0.1:52805 - R:localhost/127.0.0.1:62844] for POST '/session/e2016208e47ec014ebafadf7331fb42c/element'
11:01:07.619 [AsyncHttpClient-1-2] DEBUG org.asynchttpclient.netty.handler.HttpHandler - 

Request DefaultHttpRequest(decodeResult: success, version: HTTP/1.1)
POST /session/e2016208e47ec014ebafadf7331fb42c/element HTTP/1.1
User-Agent: selenium/4.5.0 (java windows)
Content-Length: 56
Content-Type: application/json; charset=utf-8
host: localhost:62844
accept: */*

Response DefaultHttpResponse(decodeResult: success, version: HTTP/1.1)
HTTP/1.1 200 OK
Content-Type: application/json; charset=utf-8
cache-control: no-cache
content-length: 127

11:01:07.619 [AsyncHttpClient-1-2] DEBUG org.asynchttpclient.netty.channel.ChannelManager - Adding key: http://localhost:62844 for channel [id: 0x8f4cb30b, L:/127.0.0.1:52805 - R:localhost/127.0.0.1:62844]
11:01:07.622 [Forwarding sendKeysToElement on session e2016208e47ec014ebafadf7331fb42c to remote] DEBUG org.asynchttpclient.netty.request.NettyRequestSender - Using pooled Channel '[id: 0x8f4cb30b, L:/127.0.0.1:52805 - R:localhost/127.0.0.1:62844]' for 'POST' to 'http://localhost:62844/session/e2016208e47ec014ebafadf7331fb42c/element/f.CD1A5C13505F5ED048AAF7E5699F2AB1.d.ABEE4D5E1CF6F0F692EA3B40EBD5406C.e.100/value'
11:01:07.622 [Forwarding sendKeysToElement on session e2016208e47ec014ebafadf7331fb42c to remote] DEBUG org.asynchttpclient.netty.request.NettyRequestSender - Using open Channel [id: 0x8f4cb30b, L:/127.0.0.1:52805 - R:localhost/127.0.0.1:62844] for POST '/session/e2016208e47ec014ebafadf7331fb42c/element/f.CD1A5C13505F5ED048AAF7E5699F2AB1.d.ABEE4D5E1CF6F0F692EA3B40EBD5406C.e.100/value'
11:01:07.691 [AsyncHttpClient-1-2] DEBUG org.asynchttpclient.netty.handler.HttpHandler - 

Request DefaultHttpRequest(decodeResult: success, version: HTTP/1.1)
POST /session/e2016208e47ec014ebafadf7331fb42c/element/f.CD1A5C13505F5ED048AAF7E5699F2AB1.d.ABEE4D5E1CF6F0F692EA3B40EBD5406C.e.100/value HTTP/1.1
User-Agent: selenium/4.5.0 (java windows)
Content-Length: 230
Content-Type: application/json; charset=utf-8
host: localhost:62844
accept: */*

Response DefaultHttpResponse(decodeResult: success, version: HTTP/1.1)
HTTP/1.1 200 OK
Content-Type: application/json; charset=utf-8
cache-control: no-cache
content-length: 14

11:01:07.691 [AsyncHttpClient-1-2] DEBUG org.asynchttpclient.netty.channel.ChannelManager - Adding key: http://localhost:62844 for channel [id: 0x8f4cb30b, L:/127.0.0.1:52805 - R:localhost/127.0.0.1:62844]
11:01:07.693 [Forwarding findElement on session e2016208e47ec014ebafadf7331fb42c to remote] DEBUG org.asynchttpclient.netty.request.NettyRequestSender - Using pooled Channel '[id: 0x8f4cb30b, L:/127.0.0.1:52805 - R:localhost/127.0.0.1:62844]' for 'POST' to 'http://localhost:62844/session/e2016208e47ec014ebafadf7331fb42c/element'
11:01:07.693 [Forwarding findElement on session e2016208e47ec014ebafadf7331fb42c to remote] DEBUG org.asynchttpclient.netty.request.NettyRequestSender - Using open Channel [id: 0x8f4cb30b, L:/127.0.0.1:52805 - R:localhost/127.0.0.1:62844] for POST '/session/e2016208e47ec014ebafadf7331fb42c/element'
11:01:07.702 [AsyncHttpClient-1-2] DEBUG org.asynchttpclient.netty.handler.HttpHandler - 

Request DefaultHttpRequest(decodeResult: success, version: HTTP/1.1)
POST /session/e2016208e47ec014ebafadf7331fb42c/element HTTP/1.1
User-Agent: selenium/4.5.0 (java windows)
Content-Length: 53
Content-Type: application/json; charset=utf-8
host: localhost:62844
accept: */*

Response DefaultHttpResponse(decodeResult: success, version: HTTP/1.1)
HTTP/1.1 200 OK
Content-Type: application/json; charset=utf-8
cache-control: no-cache
content-length: 127

11:01:07.702 [AsyncHttpClient-1-2] DEBUG org.asynchttpclient.netty.channel.ChannelManager - Adding key: http://localhost:62844 for channel [id: 0x8f4cb30b, L:/127.0.0.1:52805 - R:localhost/127.0.0.1:62844]
11:01:07.704 [Forwarding sendKeysToElement on session e2016208e47ec014ebafadf7331fb42c to remote] DEBUG org.asynchttpclient.netty.request.NettyRequestSender - Using pooled Channel '[id: 0x8f4cb30b, L:/127.0.0.1:52805 - R:localhost/127.0.0.1:62844]' for 'POST' to 'http://localhost:62844/session/e2016208e47ec014ebafadf7331fb42c/element/f.CD1A5C13505F5ED048AAF7E5699F2AB1.d.ABEE4D5E1CF6F0F692EA3B40EBD5406C.e.102/value'
11:01:07.704 [Forwarding sendKeysToElement on session e2016208e47ec014ebafadf7331fb42c to remote] DEBUG org.asynchttpclient.netty.request.NettyRequestSender - Using open Channel [id: 0x8f4cb30b, L:/127.0.0.1:52805 - R:localhost/127.0.0.1:62844] for POST '/session/e2016208e47ec014ebafadf7331fb42c/element/f.CD1A5C13505F5ED048AAF7E5699F2AB1.d.ABEE4D5E1CF6F0F692EA3B40EBD5406C.e.102/value'
11:01:07.771 [AsyncHttpClient-1-2] DEBUG org.asynchttpclient.netty.handler.HttpHandler - 

Request DefaultHttpRequest(decodeResult: success, version: HTTP/1.1)
POST /session/e2016208e47ec014ebafadf7331fb42c/element/f.CD1A5C13505F5ED048AAF7E5699F2AB1.d.ABEE4D5E1CF6F0F692EA3B40EBD5406C.e.102/value HTTP/1.1
User-Agent: selenium/4.5.0 (java windows)
Content-Length: 240
Content-Type: application/json; charset=utf-8
host: localhost:62844
accept: */*

Response DefaultHttpResponse(decodeResult: success, version: HTTP/1.1)
HTTP/1.1 200 OK
Content-Type: application/json; charset=utf-8
cache-control: no-cache
content-length: 14

11:01:07.772 [AsyncHttpClient-1-2] DEBUG org.asynchttpclient.netty.channel.ChannelManager - Adding key: http://localhost:62844 for channel [id: 0x8f4cb30b, L:/127.0.0.1:52805 - R:localhost/127.0.0.1:62844]
11:01:07.773 [Forwarding findElement on session e2016208e47ec014ebafadf7331fb42c to remote] DEBUG org.asynchttpclient.netty.request.NettyRequestSender - Using pooled Channel '[id: 0x8f4cb30b, L:/127.0.0.1:52805 - R:localhost/127.0.0.1:62844]' for 'POST' to 'http://localhost:62844/session/e2016208e47ec014ebafadf7331fb42c/element'
11:01:07.773 [Forwarding findElement on session e2016208e47ec014ebafadf7331fb42c to remote] DEBUG org.asynchttpclient.netty.request.NettyRequestSender - Using open Channel [id: 0x8f4cb30b, L:/127.0.0.1:52805 - R:localhost/127.0.0.1:62844] for POST '/session/e2016208e47ec014ebafadf7331fb42c/element'
11:01:07.781 [AsyncHttpClient-1-2] DEBUG org.asynchttpclient.netty.handler.HttpHandler - 

Request DefaultHttpRequest(decodeResult: success, version: HTTP/1.1)
POST /session/e2016208e47ec014ebafadf7331fb42c/element HTTP/1.1
User-Agent: selenium/4.5.0 (java windows)
Content-Length: 59
Content-Type: application/json; charset=utf-8
host: localhost:62844
accept: */*

Response DefaultHttpResponse(decodeResult: success, version: HTTP/1.1)
HTTP/1.1 200 OK
Content-Type: application/json; charset=utf-8
cache-control: no-cache
content-length: 127

11:01:07.782 [AsyncHttpClient-1-2] DEBUG org.asynchttpclient.netty.channel.ChannelManager - Adding key: http://localhost:62844 for channel [id: 0x8f4cb30b, L:/127.0.0.1:52805 - R:localhost/127.0.0.1:62844]
11:01:07.783 [Forwarding clickElement on session e2016208e47ec014ebafadf7331fb42c to remote] DEBUG org.asynchttpclient.netty.request.NettyRequestSender - Using pooled Channel '[id: 0x8f4cb30b, L:/127.0.0.1:52805 - R:localhost/127.0.0.1:62844]' for 'POST' to 'http://localhost:62844/session/e2016208e47ec014ebafadf7331fb42c/element/f.CD1A5C13505F5ED048AAF7E5699F2AB1.d.ABEE4D5E1CF6F0F692EA3B40EBD5406C.e.103/click'
11:01:07.784 [Forwarding clickElement on session e2016208e47ec014ebafadf7331fb42c to remote] DEBUG org.asynchttpclient.netty.request.NettyRequestSender - Using open Channel [id: 0x8f4cb30b, L:/127.0.0.1:52805 - R:localhost/127.0.0.1:62844] for POST '/session/e2016208e47ec014ebafadf7331fb42c/element/f.CD1A5C13505F5ED048AAF7E5699F2AB1.d.ABEE4D5E1CF6F0F692EA3B40EBD5406C.e.103/click'
11:01:07.870 [AsyncHttpClient-1-2] DEBUG org.asynchttpclient.netty.handler.HttpHandler - 

Request DefaultHttpRequest(decodeResult: success, version: HTTP/1.1)
POST /session/e2016208e47ec014ebafadf7331fb42c/element/f.CD1A5C13505F5ED048AAF7E5699F2AB1.d.ABEE4D5E1CF6F0F692EA3B40EBD5406C.e.103/click HTTP/1.1
User-Agent: selenium/4.5.0 (java windows)
Content-Length: 89
Content-Type: application/json; charset=utf-8
host: localhost:62844
accept: */*

Response DefaultHttpResponse(decodeResult: success, version: HTTP/1.1)
HTTP/1.1 200 OK
Content-Type: application/json; charset=utf-8
cache-control: no-cache
content-length: 14

11:01:07.870 [AsyncHttpClient-1-2] DEBUG org.asynchttpclient.netty.channel.ChannelManager - Adding key: http://localhost:62844 for channel [id: 0x8f4cb30b, L:/127.0.0.1:52805 - R:localhost/127.0.0.1:62844]
11:01:07.872 [Forwarding findElements on session e2016208e47ec014ebafadf7331fb42c to remote] DEBUG org.asynchttpclient.netty.request.NettyRequestSender - Using pooled Channel '[id: 0x8f4cb30b, L:/127.0.0.1:52805 - R:localhost/127.0.0.1:62844]' for 'POST' to 'http://localhost:62844/session/e2016208e47ec014ebafadf7331fb42c/elements'
11:01:07.872 [Forwarding findElements on session e2016208e47ec014ebafadf7331fb42c to remote] DEBUG org.asynchttpclient.netty.request.NettyRequestSender - Using open Channel [id: 0x8f4cb30b, L:/127.0.0.1:52805 - R:localhost/127.0.0.1:62844] for POST '/session/e2016208e47ec014ebafadf7331fb42c/elements'
11:01:07.882 [AsyncHttpClient-1-2] DEBUG org.asynchttpclient.netty.handler.HttpHandler - 

Request DefaultHttpRequest(decodeResult: success, version: HTTP/1.1)
POST /session/e2016208e47ec014ebafadf7331fb42c/elements HTTP/1.1
User-Agent: selenium/4.5.0 (java windows)
Content-Length: 72
Content-Type: application/json; charset=utf-8
host: localhost:62844
accept: */*

Response DefaultHttpResponse(decodeResult: success, version: HTTP/1.1)
HTTP/1.1 200 OK
Content-Type: application/json; charset=utf-8
cache-control: no-cache
content-length: 129

11:01:07.882 [AsyncHttpClient-1-2] DEBUG org.asynchttpclient.netty.channel.ChannelManager - Adding key: http://localhost:62844 for channel [id: 0x8f4cb30b, L:/127.0.0.1:52805 - R:localhost/127.0.0.1:62844]
11:01:07.883 [main] INFO com.example.WebPageTest - User: visual_useris loging correctly.
11:01:07.885 [Forwarding get on session e2016208e47ec014ebafadf7331fb42c to remote] DEBUG org.asynchttpclient.netty.request.NettyRequestSender - Using pooled Channel '[id: 0x8f4cb30b, L:/127.0.0.1:52805 - R:localhost/127.0.0.1:62844]' for 'POST' to 'http://localhost:62844/session/e2016208e47ec014ebafadf7331fb42c/url'
11:01:07.885 [Forwarding get on session e2016208e47ec014ebafadf7331fb42c to remote] DEBUG org.asynchttpclient.netty.request.NettyRequestSender - Using open Channel [id: 0x8f4cb30b, L:/127.0.0.1:52805 - R:localhost/127.0.0.1:62844] for POST '/session/e2016208e47ec014ebafadf7331fb42c/url'
11:01:07.936 [AsyncHttpClient-1-2] DEBUG org.asynchttpclient.netty.handler.HttpHandler - 

Request DefaultHttpRequest(decodeResult: success, version: HTTP/1.1)
POST /session/e2016208e47ec014ebafadf7331fb42c/url HTTP/1.1
User-Agent: selenium/4.5.0 (java windows)
Content-Length: 56
Content-Type: application/json; charset=utf-8
host: localhost:62844
accept: */*

Response DefaultHttpResponse(decodeResult: success, version: HTTP/1.1)
HTTP/1.1 200 OK
Content-Type: application/json; charset=utf-8
cache-control: no-cache
content-length: 14

11:01:07.936 [AsyncHttpClient-1-2] DEBUG org.asynchttpclient.netty.channel.ChannelManager - Adding key: http://localhost:62844 for channel [id: 0x8f4cb30b, L:/127.0.0.1:52805 - R:localhost/127.0.0.1:62844]
]]></system-out>
    <system-err><![CDATA[Starting ChromeDriver 131.0.6778.69 (77e2244bbcda3ab9362d5b8aeeb006a86a6d4832-refs/branch-heads/6778@{#2141}) on port 62844
Only local connections are allowed.
Please see https://chromedriver.chromium.org/security-considerations for suggestions on keeping ChromeDriver safe.
ChromeDriver was started successfully on port 62844.
Nov 14, 2024 11:00:55 AM org.openqa.selenium.remote.ProtocolHandshake createSession
INFO: Detected upstream dialect: W3C
Nov 14, 2024 11:00:55 AM org.openqa.selenium.devtools.CdpVersionFinder findNearestMatch
WARNING: Unable to find an exact match for CDP version 131, so returning the closest version found: a no-op implementation
Nov 14, 2024 11:00:55 AM org.openqa.selenium.devtools.CdpVersionFinder findNearestMatch
INFO: Unable to find CDP implementation matching 131.
Nov 14, 2024 11:00:55 AM org.openqa.selenium.chromium.ChromiumDriver lambda$new$3
WARNING: Unable to find version of CDP to use for . You may need to include a dependency on a specific version of the CDP using something similar to `org.seleniumhq.selenium:selenium-devtools-v86:4.5.0` where the version ("v86") matches the version of the chromium-based browser you're using and the version number of the artifact is the same as Selenium's.
]]></system-err>
  </testcase>
</testsuite>