<?xml version="1.0" encoding="UTF-8"?>
<testsuite xmlns:xsi="http://www.w3.org/2001/XMLSchema-instance" xsi:noNamespaceSchemaLocation="https://maven.apache.org/surefire/maven-surefire-plugin/xsd/surefire-test-report-3.0.xsd" version="3.0" name="com.example.WebPageTest" time="9.381" tests="1" errors="0" skipped="0" failures="0">
  <properties>
    <property name="java.specification.version" value="21"/>
    <property name="webdriver.chrome.driver" value="C:.\chromedriver-win64\chromedriver.exe"/>
    <property name="sun.cpu.isalist" value="amd64"/>
    <property name="sun.jnu.encoding" value="Cp1252"/>
    <property name="java.class.path" value="C:\Users\lucas.armenio\Documents\projetoJunit-main\projetoJunit\junit5-maven\target\test-classes;C:\Users\lucas.armenio\Documents\projetoJunit-main\projetoJunit\junit5-maven\target\classes;C:\Users\lucas.armenio\.m2\repository\org\junit\jupiter\junit-jupiter-engine\5.9.0\junit-jupiter-engine-5.9.0.jar;C:\Users\lucas.armenio\.m2\repository\org\junit\platform\junit-platform-engine\1.9.0\junit-platform-engine-1.9.0.jar;C:\Users\lucas.armenio\.m2\repository\org\opentest4j\opentest4j\1.2.0\opentest4j-1.2.0.jar;C:\Users\lucas.armenio\.m2\repository\org\junit\platform\junit-platform-commons\1.9.0\junit-platform-commons-1.9.0.jar;C:\Users\lucas.armenio\.m2\repository\org\junit\jupiter\junit-jupiter-api\5.9.0\junit-jupiter-api-5.9.0.jar;C:\Users\lucas.armenio\.m2\repository\org\apiguardian\apiguardian-api\1.1.2\apiguardian-api-1.1.2.jar;C:\Users\lucas.armenio\.m2\repository\org\seleniumhq\selenium\selenium-java\4.5.0\selenium-java-4.5.0.jar;C:\Users\lucas.armenio\.m2\repository\org\seleniumhq\selenium\selenium-api\4.5.0\selenium-api-4.5.0.jar;C:\Users\lucas.armenio\.m2\repository\org\seleniumhq\selenium\selenium-chrome-driver\4.5.0\selenium-chrome-driver-4.5.0.jar;C:\Users\lucas.armenio\.m2\repository\com\google\auto\service\auto-service-annotations\1.0.1\auto-service-annotations-1.0.1.jar;C:\Users\lucas.armenio\.m2\repository\com\google\auto\service\auto-service\1.0.1\auto-service-1.0.1.jar;C:\Users\lucas.armenio\.m2\repository\com\google\auto\auto-common\1.2\auto-common-1.2.jar;C:\Users\lucas.armenio\.m2\repository\com\google\guava\guava\31.1-jre\guava-31.1-jre.jar;C:\Users\lucas.armenio\.m2\repository\com\google\guava\failureaccess\1.0.1\failureaccess-1.0.1.jar;C:\Users\lucas.armenio\.m2\repository\com\google\guava\listenablefuture\9999.0-empty-to-avoid-conflict-with-guava\listenablefuture-9999.0-empty-to-avoid-conflict-with-guava.jar;C:\Users\lucas.armenio\.m2\repository\com\google\code\findbugs\jsr305\3.0.2\jsr305-3.0.2.jar;C:\Users\lucas.armenio\.m2\repository\org\checkerframework\checker-qual\3.12.0\checker-qual-3.12.0.jar;C:\Users\lucas.armenio\.m2\repository\com\google\errorprone\error_prone_annotations\2.11.0\error_prone_annotations-2.11.0.jar;C:\Users\lucas.armenio\.m2\repository\com\google\j2objc\j2objc-annotations\1.3\j2objc-annotations-1.3.jar;C:\Users\lucas.armenio\.m2\repository\org\seleniumhq\selenium\selenium-chromium-driver\4.5.0\selenium-chromium-driver-4.5.0.jar;C:\Users\lucas.armenio\.m2\repository\org\seleniumhq\selenium\selenium-json\4.5.0\selenium-json-4.5.0.jar;C:\Users\lucas.armenio\.m2\repository\org\seleniumhq\selenium\selenium-devtools-v104\4.5.0\selenium-devtools-v104-4.5.0.jar;C:\Users\lucas.armenio\.m2\repository\org\seleniumhq\selenium\selenium-devtools-v105\4.5.0\selenium-devtools-v105-4.5.0.jar;C:\Users\lucas.armenio\.m2\repository\org\seleniumhq\selenium\selenium-devtools-v106\4.5.0\selenium-devtools-v106-4.5.0.jar;C:\Users\lucas.armenio\.m2\repository\org\seleniumhq\selenium\selenium-devtools-v85\4.5.0\selenium-devtools-v85-4.5.0.jar;C:\Users\lucas.armenio\.m2\repository\org\seleniumhq\selenium\selenium-edge-driver\4.5.0\selenium-edge-driver-4.5.0.jar;C:\Users\lucas.armenio\.m2\repository\org\seleniumhq\selenium\selenium-firefox-driver\4.5.0\selenium-firefox-driver-4.5.0.jar;C:\Users\lucas.armenio\.m2\repository\org\seleniumhq\selenium\selenium-ie-driver\4.5.0\selenium-ie-driver-4.5.0.jar;C:\Users\lucas.armenio\.m2\repository\org\seleniumhq\selenium\selenium-remote-driver\4.5.0\selenium-remote-driver-4.5.0.jar;C:\Users\lucas.armenio\.m2\repository\com\beust\jcommander\1.82\jcommander-1.82.jar;C:\Users\lucas.armenio\.m2\repository\io\netty\netty-buffer\4.1.79.Final\netty-buffer-4.1.79.Final.jar;C:\Users\lucas.armenio\.m2\repository\io\netty\netty-codec-http\4.1.79.Final\netty-codec-http-4.1.79.Final.jar;C:\Users\lucas.armenio\.m2\repository\io\netty\netty-codec\4.1.79.Final\netty-codec-4.1.79.Final.jar;C:\Users\lucas.armenio\.m2\repository\io\netty\netty-handler\4.1.79.Final\netty-handler-4.1.79.Final.jar;C:\Users\lucas.armenio\.m2\repository\io\netty\netty-common\4.1.79.Final\netty-common-4.1.79.Final.jar;C:\Users\lucas.armenio\.m2\repository\io\netty\netty-transport-classes-epoll\4.1.79.Final\netty-transport-classes-epoll-4.1.79.Final.jar;C:\Users\lucas.armenio\.m2\repository\io\netty\netty-transport-classes-kqueue\4.1.79.Final\netty-transport-classes-kqueue-4.1.79.Final.jar;C:\Users\lucas.armenio\.m2\repository\io\netty\netty-transport-native-epoll\4.1.79.Final\netty-transport-native-epoll-4.1.79.Final.jar;C:\Users\lucas.armenio\.m2\repository\io\netty\netty-transport-native-kqueue\4.1.79.Final\netty-transport-native-kqueue-4.1.79.Final.jar;C:\Users\lucas.armenio\.m2\repository\io\netty\netty-transport-native-unix-common\4.1.79.Final\netty-transport-native-unix-common-4.1.79.Final.jar;C:\Users\lucas.armenio\.m2\repository\io\netty\netty-transport\4.1.79.Final\netty-transport-4.1.79.Final.jar;C:\Users\lucas.armenio\.m2\repository\io\netty\netty-resolver\4.1.79.Final\netty-resolver-4.1.79.Final.jar;C:\Users\lucas.armenio\.m2\repository\io\opentelemetry\opentelemetry-api\1.17.0\opentelemetry-api-1.17.0.jar;C:\Users\lucas.armenio\.m2\repository\io\opentelemetry\opentelemetry-context\1.17.0\opentelemetry-context-1.17.0.jar;C:\Users\lucas.armenio\.m2\repository\io\opentelemetry\opentelemetry-exporter-logging\1.17.0\opentelemetry-exporter-logging-1.17.0.jar;C:\Users\lucas.armenio\.m2\repository\io\opentelemetry\opentelemetry-sdk-metrics\1.17.0\opentelemetry-sdk-metrics-1.17.0.jar;C:\Users\lucas.armenio\.m2\repository\io\opentelemetry\opentelemetry-sdk-logs\1.17.0-alpha\opentelemetry-sdk-logs-1.17.0-alpha.jar;C:\Users\lucas.armenio\.m2\repository\io\opentelemetry\opentelemetry-sdk-common\1.17.0\opentelemetry-sdk-common-1.17.0.jar;C:\Users\lucas.armenio\.m2\repository\io\opentelemetry\opentelemetry-sdk-extension-autoconfigure-spi\1.17.0\opentelemetry-sdk-extension-autoconfigure-spi-1.17.0.jar;C:\Users\lucas.armenio\.m2\repository\io\opentelemetry\opentelemetry-sdk-extension-autoconfigure\1.17.0-alpha\opentelemetry-sdk-extension-autoconfigure-1.17.0-alpha.jar;C:\Users\lucas.armenio\.m2\repository\io\opentelemetry\opentelemetry-exporter-common\1.17.0\opentelemetry-exporter-common-1.17.0.jar;C:\Users\lucas.armenio\.m2\repository\io\opentelemetry\opentelemetry-sdk-trace\1.17.0\opentelemetry-sdk-trace-1.17.0.jar;C:\Users\lucas.armenio\.m2\repository\io\opentelemetry\opentelemetry-sdk\1.17.0\opentelemetry-sdk-1.17.0.jar;C:\Users\lucas.armenio\.m2\repository\io\opentelemetry\opentelemetry-semconv\1.17.0-alpha\opentelemetry-semconv-1.17.0-alpha.jar;C:\Users\lucas.armenio\.m2\repository\io\ous\jtoml\2.0.0\jtoml-2.0.0.jar;C:\Users\lucas.armenio\.m2\repository\net\bytebuddy\byte-buddy\1.12.14\byte-buddy-1.12.14.jar;C:\Users\lucas.armenio\.m2\repository\org\apache\commons\commons-exec\1.3\commons-exec-1.3.jar;C:\Users\lucas.armenio\.m2\repository\org\asynchttpclient\async-http-client\2.12.3\async-http-client-2.12.3.jar;C:\Users\lucas.armenio\.m2\repository\org\asynchttpclient\async-http-client-netty-utils\2.12.3\async-http-client-netty-utils-2.12.3.jar;C:\Users\lucas.armenio\.m2\repository\io\netty\netty-codec-socks\4.1.60.Final\netty-codec-socks-4.1.60.Final.jar;C:\Users\lucas.armenio\.m2\repository\io\netty\netty-handler-proxy\4.1.60.Final\netty-handler-proxy-4.1.60.Final.jar;C:\Users\lucas.armenio\.m2\repository\io\netty\netty-transport-native-epoll\4.1.60.Final\netty-transport-native-epoll-4.1.60.Final-linux-x86_64.jar;C:\Users\lucas.armenio\.m2\repository\io\netty\netty-transport-native-kqueue\4.1.60.Final\netty-transport-native-kqueue-4.1.60.Final-osx-x86_64.jar;C:\Users\lucas.armenio\.m2\repository\org\reactivestreams\reactive-streams\1.0.3\reactive-streams-1.0.3.jar;C:\Users\lucas.armenio\.m2\repository\com\typesafe\netty\netty-reactive-streams\2.0.4\netty-reactive-streams-2.0.4.jar;C:\Users\lucas.armenio\.m2\repository\com\sun\activation\jakarta.activation\1.2.2\jakarta.activation-1.2.2.jar;C:\Users\lucas.armenio\.m2\repository\org\seleniumhq\selenium\selenium-http\4.5.0\selenium-http-4.5.0.jar;C:\Users\lucas.armenio\.m2\repository\dev\failsafe\failsafe\3.2.4\failsafe-3.2.4.jar;C:\Users\lucas.armenio\.m2\repository\org\seleniumhq\selenium\selenium-safari-driver\4.5.0\selenium-safari-driver-4.5.0.jar;C:\Users\lucas.armenio\.m2\repository\org\seleniumhq\selenium\selenium-support\4.5.0\selenium-support-4.5.0.jar;C:\Users\lucas.armenio\.m2\repository\org\assertj\assertj-core\3.17.2\assertj-core-3.17.2.jar;C:\Users\lucas.armenio\.m2\repository\io\github\hakky54\logcaptor\2.3.1\logcaptor-2.3.1.jar;C:\Users\lucas.armenio\.m2\repository\ch\qos\logback\logback-classic\1.2.3\logback-classic-1.2.3.jar;C:\Users\lucas.armenio\.m2\repository\ch\qos\logback\logback-core\1.2.3\logback-core-1.2.3.jar;C:\Users\lucas.armenio\.m2\repository\org\slf4j\slf4j-api\1.7.25\slf4j-api-1.7.25.jar;C:\Users\lucas.armenio\.m2\repository\org\apache\logging\log4j\log4j-to-slf4j\2.14.0\log4j-to-slf4j-2.14.0.jar;C:\Users\lucas.armenio\.m2\repository\org\apache\logging\log4j\log4j-api\2.14.0\log4j-api-2.14.0.jar;C:\Users\lucas.armenio\.m2\repository\commons-io\commons-io\2.17.0\commons-io-2.17.0.jar;"/>
    <property name="java.vm.vendor" value="Oracle Corporation"/>
    <property name="sun.arch.data.model" value="64"/>
    <property name="user.variant" value=""/>
    <property name="java.vendor.url" value="https://java.oracle.com/"/>
    <property name="user.timezone" value="America/Sao_Paulo"/>
    <property name="os.name" value="Windows 10"/>
    <property name="java.vm.specification.version" value="21"/>
    <property name="sun.java.launcher" value="SUN_STANDARD"/>
    <property name="user.country" value="US"/>
    <property name="sun.boot.library.path" value="C:\Program Files\Java\jdk-21\bin"/>
    <property name="sun.java.command" value="C:\Users\lucas.armenio\AppData\Local\Temp\surefire2771380298017218245\surefirebooter-20241114121409560_3.jar C:\Users\lucas.armenio\AppData\Local\Temp\surefire2771380298017218245 2024-11-14T12-14-09_309-jvmRun1 surefire-20241114121409560_1tmp surefire_0-20241114121409560_2tmp"/>
    <property name="jdk.debug" value="release"/>
    <property name="surefire.test.class.path" value="C:\Users\lucas.armenio\Documents\projetoJunit-main\projetoJunit\junit5-maven\target\test-classes;C:\Users\lucas.armenio\Documents\projetoJunit-main\projetoJunit\junit5-maven\target\classes;C:\Users\lucas.armenio\.m2\repository\org\junit\jupiter\junit-jupiter-engine\5.9.0\junit-jupiter-engine-5.9.0.jar;C:\Users\lucas.armenio\.m2\repository\org\junit\platform\junit-platform-engine\1.9.0\junit-platform-engine-1.9.0.jar;C:\Users\lucas.armenio\.m2\repository\org\opentest4j\opentest4j\1.2.0\opentest4j-1.2.0.jar;C:\Users\lucas.armenio\.m2\repository\org\junit\platform\junit-platform-commons\1.9.0\junit-platform-commons-1.9.0.jar;C:\Users\lucas.armenio\.m2\repository\org\junit\jupiter\junit-jupiter-api\5.9.0\junit-jupiter-api-5.9.0.jar;C:\Users\lucas.armenio\.m2\repository\org\apiguardian\apiguardian-api\1.1.2\apiguardian-api-1.1.2.jar;C:\Users\lucas.armenio\.m2\repository\org\seleniumhq\selenium\selenium-java\4.5.0\selenium-java-4.5.0.jar;C:\Users\lucas.armenio\.m2\repository\org\seleniumhq\selenium\selenium-api\4.5.0\selenium-api-4.5.0.jar;C:\Users\lucas.armenio\.m2\repository\org\seleniumhq\selenium\selenium-chrome-driver\4.5.0\selenium-chrome-driver-4.5.0.jar;C:\Users\lucas.armenio\.m2\repository\com\google\auto\service\auto-service-annotations\1.0.1\auto-service-annotations-1.0.1.jar;C:\Users\lucas.armenio\.m2\repository\com\google\auto\service\auto-service\1.0.1\auto-service-1.0.1.jar;C:\Users\lucas.armenio\.m2\repository\com\google\auto\auto-common\1.2\auto-common-1.2.jar;C:\Users\lucas.armenio\.m2\repository\com\google\guava\guava\31.1-jre\guava-31.1-jre.jar;C:\Users\lucas.armenio\.m2\repository\com\google\guava\failureaccess\1.0.1\failureaccess-1.0.1.jar;C:\Users\lucas.armenio\.m2\repository\com\google\guava\listenablefuture\9999.0-empty-to-avoid-conflict-with-guava\listenablefuture-9999.0-empty-to-avoid-conflict-with-guava.jar;C:\Users\lucas.armenio\.m2\repository\com\google\code\findbugs\jsr305\3.0.2\jsr305-3.0.2.jar;C:\Users\lucas.armenio\.m2\repository\org\checkerframework\checker-qual\3.12.0\checker-qual-3.12.0.jar;C:\Users\lucas.armenio\.m2\repository\com\google\errorprone\error_prone_annotations\2.11.0\error_prone_annotations-2.11.0.jar;C:\Users\lucas.armenio\.m2\repository\com\google\j2objc\j2objc-annotations\1.3\j2objc-annotations-1.3.jar;C:\Users\lucas.armenio\.m2\repository\org\seleniumhq\selenium\selenium-chromium-driver\4.5.0\selenium-chromium-driver-4.5.0.jar;C:\Users\lucas.armenio\.m2\repository\org\seleniumhq\selenium\selenium-json\4.5.0\selenium-json-4.5.0.jar;C:\Users\lucas.armenio\.m2\repository\org\seleniumhq\selenium\selenium-devtools-v104\4.5.0\selenium-devtools-v104-4.5.0.jar;C:\Users\lucas.armenio\.m2\repository\org\seleniumhq\selenium\selenium-devtools-v105\4.5.0\selenium-devtools-v105-4.5.0.jar;C:\Users\lucas.armenio\.m2\repository\org\seleniumhq\selenium\selenium-devtools-v106\4.5.0\selenium-devtools-v106-4.5.0.jar;C:\Users\lucas.armenio\.m2\repository\org\seleniumhq\selenium\selenium-devtools-v85\4.5.0\selenium-devtools-v85-4.5.0.jar;C:\Users\lucas.armenio\.m2\repository\org\seleniumhq\selenium\selenium-edge-driver\4.5.0\selenium-edge-driver-4.5.0.jar;C:\Users\lucas.armenio\.m2\repository\org\seleniumhq\selenium\selenium-firefox-driver\4.5.0\selenium-firefox-driver-4.5.0.jar;C:\Users\lucas.armenio\.m2\repository\org\seleniumhq\selenium\selenium-ie-driver\4.5.0\selenium-ie-driver-4.5.0.jar;C:\Users\lucas.armenio\.m2\repository\org\seleniumhq\selenium\selenium-remote-driver\4.5.0\selenium-remote-driver-4.5.0.jar;C:\Users\lucas.armenio\.m2\repository\com\beust\jcommander\1.82\jcommander-1.82.jar;C:\Users\lucas.armenio\.m2\repository\io\netty\netty-buffer\4.1.79.Final\netty-buffer-4.1.79.Final.jar;C:\Users\lucas.armenio\.m2\repository\io\netty\netty-codec-http\4.1.79.Final\netty-codec-http-4.1.79.Final.jar;C:\Users\lucas.armenio\.m2\repository\io\netty\netty-codec\4.1.79.Final\netty-codec-4.1.79.Final.jar;C:\Users\lucas.armenio\.m2\repository\io\netty\netty-handler\4.1.79.Final\netty-handler-4.1.79.Final.jar;C:\Users\lucas.armenio\.m2\repository\io\netty\netty-common\4.1.79.Final\netty-common-4.1.79.Final.jar;C:\Users\lucas.armenio\.m2\repository\io\netty\netty-transport-classes-epoll\4.1.79.Final\netty-transport-classes-epoll-4.1.79.Final.jar;C:\Users\lucas.armenio\.m2\repository\io\netty\netty-transport-classes-kqueue\4.1.79.Final\netty-transport-classes-kqueue-4.1.79.Final.jar;C:\Users\lucas.armenio\.m2\repository\io\netty\netty-transport-native-epoll\4.1.79.Final\netty-transport-native-epoll-4.1.79.Final.jar;C:\Users\lucas.armenio\.m2\repository\io\netty\netty-transport-native-kqueue\4.1.79.Final\netty-transport-native-kqueue-4.1.79.Final.jar;C:\Users\lucas.armenio\.m2\repository\io\netty\netty-transport-native-unix-common\4.1.79.Final\netty-transport-native-unix-common-4.1.79.Final.jar;C:\Users\lucas.armenio\.m2\repository\io\netty\netty-transport\4.1.79.Final\netty-transport-4.1.79.Final.jar;C:\Users\lucas.armenio\.m2\repository\io\netty\netty-resolver\4.1.79.Final\netty-resolver-4.1.79.Final.jar;C:\Users\lucas.armenio\.m2\repository\io\opentelemetry\opentelemetry-api\1.17.0\opentelemetry-api-1.17.0.jar;C:\Users\lucas.armenio\.m2\repository\io\opentelemetry\opentelemetry-context\1.17.0\opentelemetry-context-1.17.0.jar;C:\Users\lucas.armenio\.m2\repository\io\opentelemetry\opentelemetry-exporter-logging\1.17.0\opentelemetry-exporter-logging-1.17.0.jar;C:\Users\lucas.armenio\.m2\repository\io\opentelemetry\opentelemetry-sdk-metrics\1.17.0\opentelemetry-sdk-metrics-1.17.0.jar;C:\Users\lucas.armenio\.m2\repository\io\opentelemetry\opentelemetry-sdk-logs\1.17.0-alpha\opentelemetry-sdk-logs-1.17.0-alpha.jar;C:\Users\lucas.armenio\.m2\repository\io\opentelemetry\opentelemetry-sdk-common\1.17.0\opentelemetry-sdk-common-1.17.0.jar;C:\Users\lucas.armenio\.m2\repository\io\opentelemetry\opentelemetry-sdk-extension-autoconfigure-spi\1.17.0\opentelemetry-sdk-extension-autoconfigure-spi-1.17.0.jar;C:\Users\lucas.armenio\.m2\repository\io\opentelemetry\opentelemetry-sdk-extension-autoconfigure\1.17.0-alpha\opentelemetry-sdk-extension-autoconfigure-1.17.0-alpha.jar;C:\Users\lucas.armenio\.m2\repository\io\opentelemetry\opentelemetry-exporter-common\1.17.0\opentelemetry-exporter-common-1.17.0.jar;C:\Users\lucas.armenio\.m2\repository\io\opentelemetry\opentelemetry-sdk-trace\1.17.0\opentelemetry-sdk-trace-1.17.0.jar;C:\Users\lucas.armenio\.m2\repository\io\opentelemetry\opentelemetry-sdk\1.17.0\opentelemetry-sdk-1.17.0.jar;C:\Users\lucas.armenio\.m2\repository\io\opentelemetry\opentelemetry-semconv\1.17.0-alpha\opentelemetry-semconv-1.17.0-alpha.jar;C:\Users\lucas.armenio\.m2\repository\io\ous\jtoml\2.0.0\jtoml-2.0.0.jar;C:\Users\lucas.armenio\.m2\repository\net\bytebuddy\byte-buddy\1.12.14\byte-buddy-1.12.14.jar;C:\Users\lucas.armenio\.m2\repository\org\apache\commons\commons-exec\1.3\commons-exec-1.3.jar;C:\Users\lucas.armenio\.m2\repository\org\asynchttpclient\async-http-client\2.12.3\async-http-client-2.12.3.jar;C:\Users\lucas.armenio\.m2\repository\org\asynchttpclient\async-http-client-netty-utils\2.12.3\async-http-client-netty-utils-2.12.3.jar;C:\Users\lucas.armenio\.m2\repository\io\netty\netty-codec-socks\4.1.60.Final\netty-codec-socks-4.1.60.Final.jar;C:\Users\lucas.armenio\.m2\repository\io\netty\netty-handler-proxy\4.1.60.Final\netty-handler-proxy-4.1.60.Final.jar;C:\Users\lucas.armenio\.m2\repository\io\netty\netty-transport-native-epoll\4.1.60.Final\netty-transport-native-epoll-4.1.60.Final-linux-x86_64.jar;C:\Users\lucas.armenio\.m2\repository\io\netty\netty-transport-native-kqueue\4.1.60.Final\netty-transport-native-kqueue-4.1.60.Final-osx-x86_64.jar;C:\Users\lucas.armenio\.m2\repository\org\reactivestreams\reactive-streams\1.0.3\reactive-streams-1.0.3.jar;C:\Users\lucas.armenio\.m2\repository\com\typesafe\netty\netty-reactive-streams\2.0.4\netty-reactive-streams-2.0.4.jar;C:\Users\lucas.armenio\.m2\repository\com\sun\activation\jakarta.activation\1.2.2\jakarta.activation-1.2.2.jar;C:\Users\lucas.armenio\.m2\repository\org\seleniumhq\selenium\selenium-http\4.5.0\selenium-http-4.5.0.jar;C:\Users\lucas.armenio\.m2\repository\dev\failsafe\failsafe\3.2.4\failsafe-3.2.4.jar;C:\Users\lucas.armenio\.m2\repository\org\seleniumhq\selenium\selenium-safari-driver\4.5.0\selenium-safari-driver-4.5.0.jar;C:\Users\lucas.armenio\.m2\repository\org\seleniumhq\selenium\selenium-support\4.5.0\selenium-support-4.5.0.jar;C:\Users\lucas.armenio\.m2\repository\org\assertj\assertj-core\3.17.2\assertj-core-3.17.2.jar;C:\Users\lucas.armenio\.m2\repository\io\github\hakky54\logcaptor\2.3.1\logcaptor-2.3.1.jar;C:\Users\lucas.armenio\.m2\repository\ch\qos\logback\logback-classic\1.2.3\logback-classic-1.2.3.jar;C:\Users\lucas.armenio\.m2\repository\ch\qos\logback\logback-core\1.2.3\logback-core-1.2.3.jar;C:\Users\lucas.armenio\.m2\repository\org\slf4j\slf4j-api\1.7.25\slf4j-api-1.7.25.jar;C:\Users\lucas.armenio\.m2\repository\org\apache\logging\log4j\log4j-to-slf4j\2.14.0\log4j-to-slf4j-2.14.0.jar;C:\Users\lucas.armenio\.m2\repository\org\apache\logging\log4j\log4j-api\2.14.0\log4j-api-2.14.0.jar;C:\Users\lucas.armenio\.m2\repository\commons-io\commons-io\2.17.0\commons-io-2.17.0.jar;"/>
    <property name="sun.cpu.endian" value="little"/>
    <property name="user.home" value="C:\Users\lucas.armenio"/>
    <property name="user.language" value="en"/>
    <property name="java.specification.vendor" value="Oracle Corporation"/>
    <property name="java.version.date" value="2024-10-15"/>
    <property name="java.home" value="C:\Program Files\Java\jdk-21"/>
    <property name="file.separator" value="\"/>
    <property name="basedir" value="C:\Users\lucas.armenio\Documents\projetoJunit-main\projetoJunit\junit5-maven"/>
    <property name="java.vm.compressedOopsMode" value="Zero based"/>
    <property name="line.separator" value="&#10;"/>
    <property name="java.vm.specification.vendor" value="Oracle Corporation"/>
    <property name="java.specification.name" value="Java Platform API Specification"/>
    <property name="surefire.real.class.path" value="C:\Users\lucas.armenio\AppData\Local\Temp\surefire2771380298017218245\surefirebooter-20241114121409560_3.jar"/>
    <property name="user.script" value=""/>
    <property name="sun.management.compiler" value="HotSpot 64-Bit Tiered Compilers"/>
    <property name="java.runtime.version" value="21.0.5+9-LTS-239"/>
    <property name="user.name" value="lucas.armenio"/>
    <property name="stdout.encoding" value="Cp1252"/>
    <property name="path.separator" value=";"/>
    <property name="os.version" value="10.0"/>
    <property name="java.runtime.name" value="Java(TM) SE Runtime Environment"/>
    <property name="file.encoding" value="UTF-8"/>
    <property name="java.vm.name" value="Java HotSpot(TM) 64-Bit Server VM"/>
    <property name="localRepository" value="C:\Users\lucas.armenio\.m2\repository"/>
    <property name="java.vendor.url.bug" value="https://bugreport.java.com/bugreport/"/>
    <property name="java.io.tmpdir" value="C:\Users\LUCAS~1.ARM\AppData\Local\Temp\"/>
    <property name="java.version" value="21.0.5"/>
    <property name="user.dir" value="C:\Users\lucas.armenio\Documents\projetoJunit-main\projetoJunit\junit5-maven"/>
    <property name="os.arch" value="amd64"/>
    <property name="java.vm.specification.name" value="Java Virtual Machine Specification"/>
    <property name="sun.os.patch.level" value=""/>
    <property name="native.encoding" value="Cp1252"/>
    <property name="java.library.path" value="C:\Program Files\Java\jdk-21\bin;C:\Windows\Sun\Java\bin;C:\Windows\system32;C:\Windows;C:\Program Files\Common Files\Oracle\Java\javapath;C:\Program Files (x86)\Common Files\Oracle\Java\javapath;C:\Windows\system32;C:\Windows;C:\Windows\System32\Wbem;C:\Windows\System32\WindowsPowerShell\v1.0\;C:\Windows\System32\OpenSSH\;c:\bin;C:\Program Files\Java\jdk-21;C:\Program Files (x86)\Lua\5.1;C:\Program Files (x86)\Lua\5.1\clibs;C:\PHP\;C:\Program Files\Git\cmd;C:\Users\lucas.armenio\AppData\Roaming\Microsoft\Windows\Start Menu\Programs\python;C:\Program Files\apache-maven-3.9.9\bin;C:\Users\lucas.armenio\AppData\Local\Programs\Python\Python313\Scripts\;C:\Users\lucas.armenio\AppData\Local\Programs\Python\Python313\;C:\Users\lucas.armenio\AppData\Local\Programs\Python\Launcher\;C:\Users\lucas.armenio\AppData\Local\Microsoft\WindowsApps;C:\Users\lucas.armenio\AppData\Local\Programs\Microsoft VS Code\bin;."/>
    <property name="java.vm.info" value="mixed mode, sharing"/>
    <property name="stderr.encoding" value="Cp1252"/>
    <property name="java.vendor" value="Oracle Corporation"/>
    <property name="java.vm.version" value="21.0.5+9-LTS-239"/>
    <property name="sun.io.unicode.encoding" value="UnicodeLittle"/>
    <property name="java.class.version" value="65.0"/>
  </properties>
  <testcase name="testLoginInPage" classname="com.example.WebPageTest" time="8.968">
    <system-out><![CDATA[12:14:10.763 [main] INFO com.example.WebPageTest - ------------ Testing Purchase Process --------------
12:14:10.763 [main] INFO com.example.WebPageTest - ------------------Starting Test---------------------
12:14:10.948 [main] DEBUG io.netty.util.internal.logging.InternalLoggerFactory - Using SLF4J as the default logging framework
12:14:10.948 [main] DEBUG io.netty.util.ResourceLeakDetector - -Dio.netty.leakDetection.level: simple
12:14:10.948 [main] DEBUG io.netty.util.ResourceLeakDetector - -Dio.netty.leakDetection.targetRecords: 4
12:14:10.964 [main] DEBUG io.netty.util.ResourceLeakDetectorFactory - Loaded default ResourceLeakDetector: io.netty.util.ResourceLeakDetector@169bb4dd
12:14:10.979 [main] DEBUG io.netty.util.internal.PlatformDependent0 - -Dio.netty.noUnsafe: false
12:14:10.979 [main] DEBUG io.netty.util.internal.PlatformDependent0 - Java version: 21
12:14:10.979 [main] DEBUG io.netty.util.internal.PlatformDependent0 - sun.misc.Unsafe.theUnsafe: available
12:14:10.979 [main] DEBUG io.netty.util.internal.PlatformDependent0 - sun.misc.Unsafe.copyMemory: available
12:14:10.979 [main] DEBUG io.netty.util.internal.PlatformDependent0 - sun.misc.Unsafe.storeFence: available
12:14:10.979 [main] DEBUG io.netty.util.internal.PlatformDependent0 - java.nio.Buffer.address: available
12:14:10.979 [main] DEBUG io.netty.util.internal.PlatformDependent0 - direct buffer constructor: unavailable: java.nio.DirectByteBuffer.<init>(long,int)
12:14:10.979 [main] DEBUG io.netty.util.internal.PlatformDependent0 - java.nio.Bits.unaligned: available, true
12:14:10.979 [main] DEBUG io.netty.util.internal.PlatformDependent0 - jdk.internal.misc.Unsafe.allocateUninitializedArray(int): unavailable: class io.netty.util.internal.PlatformDependent0$7 cannot access class jdk.internal.misc.Unsafe (in module java.base) because module java.base does not export jdk.internal.misc to unnamed module @706a04ae
12:14:10.979 [main] DEBUG io.netty.util.internal.PlatformDependent0 - java.nio.DirectByteBuffer.<init>(long, int): unavailable
12:14:10.979 [main] DEBUG io.netty.util.internal.PlatformDependent - sun.misc.Unsafe: available
12:14:10.995 [main] DEBUG io.netty.util.internal.PlatformDependent - maxDirectMemory: 3210739712 bytes (maybe)
12:14:10.995 [main] DEBUG io.netty.util.internal.PlatformDependent - -Dio.netty.tmpdir: C:\Users\LUCAS~1.ARM\AppData\Local\Temp (java.io.tmpdir)
12:14:10.995 [main] DEBUG io.netty.util.internal.PlatformDependent - -Dio.netty.bitMode: 64 (sun.arch.data.model)
12:14:10.995 [main] DEBUG io.netty.util.internal.PlatformDependent - Platform: Windows
12:14:10.995 [main] DEBUG io.netty.util.internal.PlatformDependent - -Dio.netty.maxDirectMemory: -1 bytes
12:14:10.995 [main] DEBUG io.netty.util.internal.PlatformDependent - -Dio.netty.uninitializedArrayAllocationThreshold: -1
12:14:10.995 [main] DEBUG io.netty.util.internal.CleanerJava9 - java.nio.ByteBuffer.cleaner(): available
12:14:10.995 [main] DEBUG io.netty.util.internal.PlatformDependent - -Dio.netty.noPreferDirect: false
12:14:11.011 [main] DEBUG io.netty.util.internal.PlatformDependent - org.jctools-core.MpscChunkedArrayQueue: available
12:14:11.033 [main] DEBUG io.netty.util.internal.InternalThreadLocalMap - -Dio.netty.threadLocalMap.stringBuilder.initialSize: 1024
12:14:11.033 [main] DEBUG io.netty.util.internal.InternalThreadLocalMap - -Dio.netty.threadLocalMap.stringBuilder.maxSize: 4096
12:14:11.311 [main] DEBUG io.netty.handler.ssl.JdkSslContext - Default protocols (JDK): [TLSv1.3, TLSv1.2] 
12:14:11.311 [main] DEBUG io.netty.handler.ssl.JdkSslContext - Default cipher suites (JDK): [TLS_ECDHE_ECDSA_WITH_AES_256_GCM_SHA384, TLS_ECDHE_ECDSA_WITH_AES_128_GCM_SHA256, TLS_ECDHE_RSA_WITH_AES_128_GCM_SHA256, TLS_ECDHE_RSA_WITH_AES_256_GCM_SHA384, TLS_ECDHE_RSA_WITH_AES_128_CBC_SHA, TLS_ECDHE_RSA_WITH_AES_256_CBC_SHA, TLS_RSA_WITH_AES_128_GCM_SHA256, TLS_RSA_WITH_AES_128_CBC_SHA, TLS_RSA_WITH_AES_256_CBC_SHA, TLS_AES_128_GCM_SHA256, TLS_AES_256_GCM_SHA384]
12:14:11.349 [main] DEBUG io.netty.channel.MultithreadEventLoopGroup - -Dio.netty.eventLoopThreads: 8
12:14:11.365 [main] DEBUG io.netty.channel.nio.NioEventLoop - -Dio.netty.noKeySetOptimization: false
12:14:11.365 [main] DEBUG io.netty.channel.nio.NioEventLoop - -Dio.netty.selectorAutoRebuildThreshold: 512
12:14:11.427 [main] DEBUG io.netty.buffer.PooledByteBufAllocator - -Dio.netty.allocator.numHeapArenas: 8
12:14:11.427 [main] DEBUG io.netty.buffer.PooledByteBufAllocator - -Dio.netty.allocator.numDirectArenas: 8
12:14:11.427 [main] DEBUG io.netty.buffer.PooledByteBufAllocator - -Dio.netty.allocator.pageSize: 8192
12:14:11.427 [main] DEBUG io.netty.buffer.PooledByteBufAllocator - -Dio.netty.allocator.maxOrder: 9
12:14:11.427 [main] DEBUG io.netty.buffer.PooledByteBufAllocator - -Dio.netty.allocator.chunkSize: 4194304
12:14:11.427 [main] DEBUG io.netty.buffer.PooledByteBufAllocator - -Dio.netty.allocator.smallCacheSize: 256
12:14:11.427 [main] DEBUG io.netty.buffer.PooledByteBufAllocator - -Dio.netty.allocator.normalCacheSize: 64
12:14:11.427 [main] DEBUG io.netty.buffer.PooledByteBufAllocator - -Dio.netty.allocator.maxCachedBufferCapacity: 32768
12:14:11.427 [main] DEBUG io.netty.buffer.PooledByteBufAllocator - -Dio.netty.allocator.cacheTrimInterval: 8192
12:14:11.427 [main] DEBUG io.netty.buffer.PooledByteBufAllocator - -Dio.netty.allocator.cacheTrimIntervalMillis: 0
12:14:11.427 [main] DEBUG io.netty.buffer.PooledByteBufAllocator - -Dio.netty.allocator.useCacheForAllThreads: false
12:14:11.427 [main] DEBUG io.netty.buffer.PooledByteBufAllocator - -Dio.netty.allocator.maxCachedByteBuffersPerChunk: 1023
12:14:11.434 [main] DEBUG io.netty.buffer.ByteBufUtil - -Dio.netty.allocator.type: pooled
12:14:11.434 [main] DEBUG io.netty.buffer.ByteBufUtil - -Dio.netty.threadLocalDirectBufferSize: 0
12:14:11.434 [main] DEBUG io.netty.buffer.ByteBufUtil - -Dio.netty.maxThreadLocalCharBufferSize: 16384
12:14:11.935 [Forwarding newSession on session null to remote] DEBUG io.netty.channel.DefaultChannelId - -Dio.netty.processId: 6288 (auto-detected)
12:14:11.935 [Forwarding newSession on session null to remote] DEBUG io.netty.util.NetUtil - -Djava.net.preferIPv4Stack: false
12:14:11.935 [Forwarding newSession on session null to remote] DEBUG io.netty.util.NetUtil - -Djava.net.preferIPv6Addresses: false
12:14:11.951 [Forwarding newSession on session null to remote] DEBUG io.netty.util.NetUtilInitializations - Loopback interface: loopback_0 (Software Loopback Interface 1, 0:0:0:0:0:0:0:1)
12:14:11.951 [Forwarding newSession on session null to remote] DEBUG io.netty.util.NetUtil - Failed to get SOMAXCONN from sysctl and file \proc\sys\net\core\somaxconn. Default: 200
12:14:11.951 [Forwarding newSession on session null to remote] DEBUG io.netty.channel.DefaultChannelId - -Dio.netty.machineId: f0:4d:a2:ff:fe:e5:3a:46 (auto-detected)
12:14:11.998 [AsyncHttpClient-1-2] DEBUG io.netty.buffer.AbstractByteBuf - -Dio.netty.buffer.checkAccessible: true
12:14:11.998 [AsyncHttpClient-1-2] DEBUG io.netty.buffer.AbstractByteBuf - -Dio.netty.buffer.checkBounds: true
12:14:11.998 [AsyncHttpClient-1-2] DEBUG io.netty.util.ResourceLeakDetectorFactory - Loaded default ResourceLeakDetector: io.netty.util.ResourceLeakDetector@7e869f22
12:14:12.013 [AsyncHttpClient-1-2] DEBUG org.asynchttpclient.netty.channel.NettyConnectListener - Using new Channel '[id: 0xa8a4a266, L:/127.0.0.1:56796 - R:localhost/127.0.0.1:64522]' for 'POST' to '/session'
12:14:12.036 [AsyncHttpClient-1-2] DEBUG io.netty.util.Recycler - -Dio.netty.recycler.maxCapacityPerThread: 4096
12:14:12.036 [AsyncHttpClient-1-2] DEBUG io.netty.util.Recycler - -Dio.netty.recycler.ratio: 8
12:14:12.036 [AsyncHttpClient-1-2] DEBUG io.netty.util.Recycler - -Dio.netty.recycler.chunkSize: 32
12:14:12.036 [AsyncHttpClient-1-2] DEBUG io.netty.util.Recycler - -Dio.netty.recycler.blocking: false
12:14:13.368 [AsyncHttpClient-1-2] DEBUG io.netty.handler.codec.compression.Brotli - brotli4j not in the classpath; Brotli support will be unavailable.
12:14:13.368 [AsyncHttpClient-1-2] DEBUG org.asynchttpclient.netty.handler.HttpHandler - 

Request DefaultHttpRequest(decodeResult: success, version: HTTP/1.1)
POST /session HTTP/1.1
User-Agent: selenium/4.5.0 (java windows)
Content-Length: 703
Content-Type: application/json; charset=utf-8
host: localhost:64522
accept: */*

Response DefaultHttpResponse(decodeResult: success, version: HTTP/1.1)
HTTP/1.1 200 OK
Content-Type: application/json; charset=utf-8
cache-control: no-cache
content-length: 885

12:14:13.377 [AsyncHttpClient-1-2] DEBUG org.asynchttpclient.netty.channel.ChannelManager - Adding key: http://localhost:64522 for channel [id: 0xa8a4a266, L:/127.0.0.1:56796 - R:localhost/127.0.0.1:64522]
12:14:13.523 [AsyncHttpClient-1-1] DEBUG org.asynchttpclient.netty.channel.DefaultChannelPool - Entry count for : http://localhost:64522 : 1
12:14:13.528 [AsyncHttpClient-1-3] DEBUG org.asynchttpclient.netty.channel.NettyConnectListener - Using new Channel '[id: 0x717317ac, L:/127.0.0.1:56806 - R:localhost/127.0.0.1:9222]' for 'GET' to '/json/version'
12:14:13.531 [AsyncHttpClient-1-3] DEBUG org.asynchttpclient.netty.handler.HttpHandler - 

Request DefaultFullHttpRequest(decodeResult: success, version: HTTP/1.1, content: EmptyByteBufBE)
GET /json/version HTTP/1.1
User-Agent: selenium/4.5.0 (java windows)
host: localhost:9222
accept: */*

Response DefaultHttpResponse(decodeResult: success, version: HTTP/1.1)
HTTP/1.1 200 OK
Content-Security-Policy: frame-ancestors 'none'
Content-Type: application/json; charset=UTF-8
content-length: 421

12:14:13.532 [AsyncHttpClient-1-3] DEBUG org.asynchttpclient.netty.channel.ChannelManager - Adding key: http://localhost:9222 for channel [id: 0x717317ac, L:/127.0.0.1:56806 - R:localhost/127.0.0.1:9222]
12:14:13.544 [main] DEBUG io.netty.util.internal.ThreadLocalRandom - -Dio.netty.initialSeedUniquifier: 0xb183f8203c97810c
12:14:13.555 [AsyncHttpClient-1-4] DEBUG org.asynchttpclient.netty.channel.NettyConnectListener - Using new Channel '[id: 0x25420a99, L:/127.0.0.1:56808 - R:localhost/127.0.0.1:9222]' for 'GET' to '/devtools/browser/585e7333-0bf1-409f-8151-b97f181a9361'
12:14:13.558 [AsyncHttpClient-1-4] DEBUG org.asynchttpclient.netty.handler.WebSocketHandler - 

Request DefaultFullHttpRequest(decodeResult: success, version: HTTP/1.1, content: EmptyByteBufBE)
GET /devtools/browser/585e7333-0bf1-409f-8151-b97f181a9361 HTTP/1.1
upgrade: websocket
connection: upgrade
sec-websocket-key: GmafjwpjYuWKFctsmQE68A==
sec-websocket-version: 13
origin: http://localhost:9222
host: localhost:9222
accept: */*
user-agent: AHC/2.1

Response DefaultHttpResponse(decodeResult: success, version: HTTP/1.1)
HTTP/1.1 101 WebSocket Protocol Handshake
Upgrade: WebSocket
Connection: Upgrade
Sec-WebSocket-Accept: Ygkw+rFIAyhTF70/GkRbkTBICWU=

12:14:13.611 [Forwarding get on session ad3cf9400f8393e9e81c9b909663cbab to remote] DEBUG org.asynchttpclient.netty.request.NettyRequestSender - Using pooled Channel '[id: 0xa8a4a266, L:/127.0.0.1:56796 - R:localhost/127.0.0.1:64522]' for 'POST' to 'http://localhost:64522/session/ad3cf9400f8393e9e81c9b909663cbab/url'
12:14:13.611 [Forwarding get on session ad3cf9400f8393e9e81c9b909663cbab to remote] DEBUG org.asynchttpclient.netty.request.NettyRequestSender - Using open Channel [id: 0xa8a4a266, L:/127.0.0.1:56796 - R:localhost/127.0.0.1:64522] for POST '/session/ad3cf9400f8393e9e81c9b909663cbab/url'
12:14:14.634 [AsyncHttpClient-1-1] DEBUG org.asynchttpclient.netty.channel.DefaultChannelPool - Entry count for : http://localhost:9222 : 1
12:14:15.732 [AsyncHttpClient-1-1] DEBUG org.asynchttpclient.netty.channel.DefaultChannelPool - Entry count for : http://localhost:9222 : 1
12:14:16.834 [AsyncHttpClient-1-1] DEBUG org.asynchttpclient.netty.channel.DefaultChannelPool - Entry count for : http://localhost:9222 : 1
12:14:17.366 [AsyncHttpClient-1-2] DEBUG org.asynchttpclient.netty.handler.HttpHandler - 

Request DefaultHttpRequest(decodeResult: success, version: HTTP/1.1)
POST /session/ad3cf9400f8393e9e81c9b909663cbab/url HTTP/1.1
User-Agent: selenium/4.5.0 (java windows)
Content-Length: 56
Content-Type: application/json; charset=utf-8
host: localhost:64522
accept: */*

Response DefaultHttpResponse(decodeResult: success, version: HTTP/1.1)
HTTP/1.1 200 OK
Content-Type: application/json; charset=utf-8
cache-control: no-cache
content-length: 14

12:14:17.366 [AsyncHttpClient-1-2] DEBUG org.asynchttpclient.netty.channel.ChannelManager - Adding key: http://localhost:64522 for channel [id: 0xa8a4a266, L:/127.0.0.1:56796 - R:localhost/127.0.0.1:64522]
12:14:17.393 [Forwarding getTitle on session ad3cf9400f8393e9e81c9b909663cbab to remote] DEBUG org.asynchttpclient.netty.request.NettyRequestSender - Using pooled Channel '[id: 0xa8a4a266, L:/127.0.0.1:56796 - R:localhost/127.0.0.1:64522]' for 'GET' to 'http://localhost:64522/session/ad3cf9400f8393e9e81c9b909663cbab/title'
12:14:17.393 [Forwarding getTitle on session ad3cf9400f8393e9e81c9b909663cbab to remote] DEBUG org.asynchttpclient.netty.request.NettyRequestSender - Using open Channel [id: 0xa8a4a266, L:/127.0.0.1:56796 - R:localhost/127.0.0.1:64522] for GET '/session/ad3cf9400f8393e9e81c9b909663cbab/title'
12:14:17.403 [AsyncHttpClient-1-2] DEBUG org.asynchttpclient.netty.handler.HttpHandler - 

Request DefaultFullHttpRequest(decodeResult: success, version: HTTP/1.1, content: EmptyByteBufBE)
GET /session/ad3cf9400f8393e9e81c9b909663cbab/title HTTP/1.1
User-Agent: selenium/4.5.0 (java windows)
Cache-Control: no-cache
Content-Type: application/json; charset=utf-8
host: localhost:64522
accept: */*

Response DefaultHttpResponse(decodeResult: success, version: HTTP/1.1)
HTTP/1.1 200 OK
Content-Type: application/json; charset=utf-8
cache-control: no-cache
content-length: 21

12:14:17.403 [AsyncHttpClient-1-2] DEBUG org.asynchttpclient.netty.channel.ChannelManager - Adding key: http://localhost:64522 for channel [id: 0xa8a4a266, L:/127.0.0.1:56796 - R:localhost/127.0.0.1:64522]
12:14:17.404 [main] INFO com.example.WebPageTest - Swag Labs
12:14:17.404 [main] INFO com.example.WebPageTest - --------------------------Starting Login Process---------------------------
12:14:17.409 [main] INFO com.example.WebPageTest - =========> Password: secret_sauce <============
12:14:17.411 [Forwarding findElement on session ad3cf9400f8393e9e81c9b909663cbab to remote] DEBUG org.asynchttpclient.netty.request.NettyRequestSender - Using pooled Channel '[id: 0xa8a4a266, L:/127.0.0.1:56796 - R:localhost/127.0.0.1:64522]' for 'POST' to 'http://localhost:64522/session/ad3cf9400f8393e9e81c9b909663cbab/element'
12:14:17.411 [Forwarding findElement on session ad3cf9400f8393e9e81c9b909663cbab to remote] DEBUG org.asynchttpclient.netty.request.NettyRequestSender - Using open Channel [id: 0xa8a4a266, L:/127.0.0.1:56796 - R:localhost/127.0.0.1:64522] for POST '/session/ad3cf9400f8393e9e81c9b909663cbab/element'
12:14:17.426 [AsyncHttpClient-1-2] DEBUG org.asynchttpclient.netty.handler.HttpHandler - 

Request DefaultHttpRequest(decodeResult: success, version: HTTP/1.1)
POST /session/ad3cf9400f8393e9e81c9b909663cbab/element HTTP/1.1
User-Agent: selenium/4.5.0 (java windows)
Content-Length: 56
Content-Type: application/json; charset=utf-8
host: localhost:64522
accept: */*

Response DefaultHttpResponse(decodeResult: success, version: HTTP/1.1)
HTTP/1.1 200 OK
Content-Type: application/json; charset=utf-8
cache-control: no-cache
content-length: 125

12:14:17.427 [AsyncHttpClient-1-2] DEBUG org.asynchttpclient.netty.channel.ChannelManager - Adding key: http://localhost:64522 for channel [id: 0xa8a4a266, L:/127.0.0.1:56796 - R:localhost/127.0.0.1:64522]
12:14:17.434 [Forwarding sendKeysToElement on session ad3cf9400f8393e9e81c9b909663cbab to remote] DEBUG org.asynchttpclient.netty.request.NettyRequestSender - Using pooled Channel '[id: 0xa8a4a266, L:/127.0.0.1:56796 - R:localhost/127.0.0.1:64522]' for 'POST' to 'http://localhost:64522/session/ad3cf9400f8393e9e81c9b909663cbab/element/f.B3D45F13421052ECE4FD412939DA32B7.d.6CD3650FD1685C7927570760A88B5700.e.2/value'
12:14:17.434 [Forwarding sendKeysToElement on session ad3cf9400f8393e9e81c9b909663cbab to remote] DEBUG org.asynchttpclient.netty.request.NettyRequestSender - Using open Channel [id: 0xa8a4a266, L:/127.0.0.1:56796 - R:localhost/127.0.0.1:64522] for POST '/session/ad3cf9400f8393e9e81c9b909663cbab/element/f.B3D45F13421052ECE4FD412939DA32B7.d.6CD3650FD1685C7927570760A88B5700.e.2/value'
12:14:17.541 [AsyncHttpClient-1-2] DEBUG org.asynchttpclient.netty.handler.HttpHandler - 

Request DefaultHttpRequest(decodeResult: success, version: HTTP/1.1)
POST /session/ad3cf9400f8393e9e81c9b909663cbab/element/f.B3D45F13421052ECE4FD412939DA32B7.d.6CD3650FD1685C7927570760A88B5700.e.2/value HTTP/1.1
User-Agent: selenium/4.5.0 (java windows)
Content-Length: 248
Content-Type: application/json; charset=utf-8
host: localhost:64522
accept: */*

Response DefaultHttpResponse(decodeResult: success, version: HTTP/1.1)
HTTP/1.1 200 OK
Content-Type: application/json; charset=utf-8
cache-control: no-cache
content-length: 14

12:14:17.542 [AsyncHttpClient-1-2] DEBUG org.asynchttpclient.netty.channel.ChannelManager - Adding key: http://localhost:64522 for channel [id: 0xa8a4a266, L:/127.0.0.1:56796 - R:localhost/127.0.0.1:64522]
12:14:17.544 [Forwarding findElement on session ad3cf9400f8393e9e81c9b909663cbab to remote] DEBUG org.asynchttpclient.netty.request.NettyRequestSender - Using pooled Channel '[id: 0xa8a4a266, L:/127.0.0.1:56796 - R:localhost/127.0.0.1:64522]' for 'POST' to 'http://localhost:64522/session/ad3cf9400f8393e9e81c9b909663cbab/element'
12:14:17.544 [Forwarding findElement on session ad3cf9400f8393e9e81c9b909663cbab to remote] DEBUG org.asynchttpclient.netty.request.NettyRequestSender - Using open Channel [id: 0xa8a4a266, L:/127.0.0.1:56796 - R:localhost/127.0.0.1:64522] for POST '/session/ad3cf9400f8393e9e81c9b909663cbab/element'
12:14:17.559 [AsyncHttpClient-1-2] DEBUG org.asynchttpclient.netty.handler.HttpHandler - 

Request DefaultHttpRequest(decodeResult: success, version: HTTP/1.1)
POST /session/ad3cf9400f8393e9e81c9b909663cbab/element HTTP/1.1
User-Agent: selenium/4.5.0 (java windows)
Content-Length: 53
Content-Type: application/json; charset=utf-8
host: localhost:64522
accept: */*

Response DefaultHttpResponse(decodeResult: success, version: HTTP/1.1)
HTTP/1.1 200 OK
Content-Type: application/json; charset=utf-8
cache-control: no-cache
content-length: 125

12:14:17.559 [AsyncHttpClient-1-2] DEBUG org.asynchttpclient.netty.channel.ChannelManager - Adding key: http://localhost:64522 for channel [id: 0xa8a4a266, L:/127.0.0.1:56796 - R:localhost/127.0.0.1:64522]
12:14:17.561 [Forwarding sendKeysToElement on session ad3cf9400f8393e9e81c9b909663cbab to remote] DEBUG org.asynchttpclient.netty.request.NettyRequestSender - Using pooled Channel '[id: 0xa8a4a266, L:/127.0.0.1:56796 - R:localhost/127.0.0.1:64522]' for 'POST' to 'http://localhost:64522/session/ad3cf9400f8393e9e81c9b909663cbab/element/f.B3D45F13421052ECE4FD412939DA32B7.d.6CD3650FD1685C7927570760A88B5700.e.4/value'
12:14:17.562 [Forwarding sendKeysToElement on session ad3cf9400f8393e9e81c9b909663cbab to remote] DEBUG org.asynchttpclient.netty.request.NettyRequestSender - Using open Channel [id: 0xa8a4a266, L:/127.0.0.1:56796 - R:localhost/127.0.0.1:64522] for POST '/session/ad3cf9400f8393e9e81c9b909663cbab/element/f.B3D45F13421052ECE4FD412939DA32B7.d.6CD3650FD1685C7927570760A88B5700.e.4/value'
12:14:17.643 [AsyncHttpClient-1-2] DEBUG org.asynchttpclient.netty.handler.HttpHandler - 

Request DefaultHttpRequest(decodeResult: success, version: HTTP/1.1)
POST /session/ad3cf9400f8393e9e81c9b909663cbab/element/f.B3D45F13421052ECE4FD412939DA32B7.d.6CD3650FD1685C7927570760A88B5700.e.4/value HTTP/1.1
User-Agent: selenium/4.5.0 (java windows)
Content-Length: 238
Content-Type: application/json; charset=utf-8
host: localhost:64522
accept: */*

Response DefaultHttpResponse(decodeResult: success, version: HTTP/1.1)
HTTP/1.1 200 OK
Content-Type: application/json; charset=utf-8
cache-control: no-cache
content-length: 14

12:14:17.643 [AsyncHttpClient-1-2] DEBUG org.asynchttpclient.netty.channel.ChannelManager - Adding key: http://localhost:64522 for channel [id: 0xa8a4a266, L:/127.0.0.1:56796 - R:localhost/127.0.0.1:64522]
12:14:17.645 [Forwarding findElement on session ad3cf9400f8393e9e81c9b909663cbab to remote] DEBUG org.asynchttpclient.netty.request.NettyRequestSender - Using pooled Channel '[id: 0xa8a4a266, L:/127.0.0.1:56796 - R:localhost/127.0.0.1:64522]' for 'POST' to 'http://localhost:64522/session/ad3cf9400f8393e9e81c9b909663cbab/element'
12:14:17.645 [Forwarding findElement on session ad3cf9400f8393e9e81c9b909663cbab to remote] DEBUG org.asynchttpclient.netty.request.NettyRequestSender - Using open Channel [id: 0xa8a4a266, L:/127.0.0.1:56796 - R:localhost/127.0.0.1:64522] for POST '/session/ad3cf9400f8393e9e81c9b909663cbab/element'
12:14:17.659 [AsyncHttpClient-1-2] DEBUG org.asynchttpclient.netty.handler.HttpHandler - 

Request DefaultHttpRequest(decodeResult: success, version: HTTP/1.1)
POST /session/ad3cf9400f8393e9e81c9b909663cbab/element HTTP/1.1
User-Agent: selenium/4.5.0 (java windows)
Content-Length: 59
Content-Type: application/json; charset=utf-8
host: localhost:64522
accept: */*

Response DefaultHttpResponse(decodeResult: success, version: HTTP/1.1)
HTTP/1.1 200 OK
Content-Type: application/json; charset=utf-8
cache-control: no-cache
content-length: 125

12:14:17.660 [AsyncHttpClient-1-2] DEBUG org.asynchttpclient.netty.channel.ChannelManager - Adding key: http://localhost:64522 for channel [id: 0xa8a4a266, L:/127.0.0.1:56796 - R:localhost/127.0.0.1:64522]
12:14:17.662 [Forwarding clickElement on session ad3cf9400f8393e9e81c9b909663cbab to remote] DEBUG org.asynchttpclient.netty.request.NettyRequestSender - Using pooled Channel '[id: 0xa8a4a266, L:/127.0.0.1:56796 - R:localhost/127.0.0.1:64522]' for 'POST' to 'http://localhost:64522/session/ad3cf9400f8393e9e81c9b909663cbab/element/f.B3D45F13421052ECE4FD412939DA32B7.d.6CD3650FD1685C7927570760A88B5700.e.5/click'
12:14:17.662 [Forwarding clickElement on session ad3cf9400f8393e9e81c9b909663cbab to remote] DEBUG org.asynchttpclient.netty.request.NettyRequestSender - Using open Channel [id: 0xa8a4a266, L:/127.0.0.1:56796 - R:localhost/127.0.0.1:64522] for POST '/session/ad3cf9400f8393e9e81c9b909663cbab/element/f.B3D45F13421052ECE4FD412939DA32B7.d.6CD3650FD1685C7927570760A88B5700.e.5/click'
12:14:17.802 [AsyncHttpClient-1-2] DEBUG org.asynchttpclient.netty.handler.HttpHandler - 

Request DefaultHttpRequest(decodeResult: success, version: HTTP/1.1)
POST /session/ad3cf9400f8393e9e81c9b909663cbab/element/f.B3D45F13421052ECE4FD412939DA32B7.d.6CD3650FD1685C7927570760A88B5700.e.5/click HTTP/1.1
User-Agent: selenium/4.5.0 (java windows)
Content-Length: 87
Content-Type: application/json; charset=utf-8
host: localhost:64522
accept: */*

Response DefaultHttpResponse(decodeResult: success, version: HTTP/1.1)
HTTP/1.1 200 OK
Content-Type: application/json; charset=utf-8
cache-control: no-cache
content-length: 14

12:14:17.803 [AsyncHttpClient-1-2] DEBUG org.asynchttpclient.netty.channel.ChannelManager - Adding key: http://localhost:64522 for channel [id: 0xa8a4a266, L:/127.0.0.1:56796 - R:localhost/127.0.0.1:64522]
12:14:17.806 [Forwarding findElements on session ad3cf9400f8393e9e81c9b909663cbab to remote] DEBUG org.asynchttpclient.netty.request.NettyRequestSender - Using pooled Channel '[id: 0xa8a4a266, L:/127.0.0.1:56796 - R:localhost/127.0.0.1:64522]' for 'POST' to 'http://localhost:64522/session/ad3cf9400f8393e9e81c9b909663cbab/elements'
12:14:17.806 [Forwarding findElements on session ad3cf9400f8393e9e81c9b909663cbab to remote] DEBUG org.asynchttpclient.netty.request.NettyRequestSender - Using open Channel [id: 0xa8a4a266, L:/127.0.0.1:56796 - R:localhost/127.0.0.1:64522] for POST '/session/ad3cf9400f8393e9e81c9b909663cbab/elements'
12:14:17.822 [AsyncHttpClient-1-2] DEBUG org.asynchttpclient.netty.handler.HttpHandler - 

Request DefaultHttpRequest(decodeResult: success, version: HTTP/1.1)
POST /session/ad3cf9400f8393e9e81c9b909663cbab/elements HTTP/1.1
User-Agent: selenium/4.5.0 (java windows)
Content-Length: 72
Content-Type: application/json; charset=utf-8
host: localhost:64522
accept: */*

Response DefaultHttpResponse(decodeResult: success, version: HTTP/1.1)
HTTP/1.1 200 OK
Content-Type: application/json; charset=utf-8
cache-control: no-cache
content-length: 128

12:14:17.822 [AsyncHttpClient-1-2] DEBUG org.asynchttpclient.netty.channel.ChannelManager - Adding key: http://localhost:64522 for channel [id: 0xa8a4a266, L:/127.0.0.1:56796 - R:localhost/127.0.0.1:64522]
12:14:17.828 [main] INFO com.example.WebPageTest - User: standard_useris loging correctly.
12:14:17.833 [Forwarding findElement on session ad3cf9400f8393e9e81c9b909663cbab to remote] DEBUG org.asynchttpclient.netty.request.NettyRequestSender - Using pooled Channel '[id: 0xa8a4a266, L:/127.0.0.1:56796 - R:localhost/127.0.0.1:64522]' for 'POST' to 'http://localhost:64522/session/ad3cf9400f8393e9e81c9b909663cbab/element'
12:14:17.834 [Forwarding findElement on session ad3cf9400f8393e9e81c9b909663cbab to remote] DEBUG org.asynchttpclient.netty.request.NettyRequestSender - Using open Channel [id: 0xa8a4a266, L:/127.0.0.1:56796 - R:localhost/127.0.0.1:64522] for POST '/session/ad3cf9400f8393e9e81c9b909663cbab/element'
12:14:17.848 [AsyncHttpClient-1-2] DEBUG org.asynchttpclient.netty.handler.HttpHandler - 

Request DefaultHttpRequest(decodeResult: success, version: HTTP/1.1)
POST /session/ad3cf9400f8393e9e81c9b909663cbab/element HTTP/1.1
User-Agent: selenium/4.5.0 (java windows)
Content-Length: 86
Content-Type: application/json; charset=utf-8
host: localhost:64522
accept: */*

Response DefaultHttpResponse(decodeResult: success, version: HTTP/1.1)
HTTP/1.1 200 OK
Content-Type: application/json; charset=utf-8
cache-control: no-cache
content-length: 126

12:14:17.848 [AsyncHttpClient-1-2] DEBUG org.asynchttpclient.netty.channel.ChannelManager - Adding key: http://localhost:64522 for channel [id: 0xa8a4a266, L:/127.0.0.1:56796 - R:localhost/127.0.0.1:64522]
12:14:17.851 [Forwarding clickElement on session ad3cf9400f8393e9e81c9b909663cbab to remote] DEBUG org.asynchttpclient.netty.request.NettyRequestSender - Using pooled Channel '[id: 0xa8a4a266, L:/127.0.0.1:56796 - R:localhost/127.0.0.1:64522]' for 'POST' to 'http://localhost:64522/session/ad3cf9400f8393e9e81c9b909663cbab/element/f.B3D45F13421052ECE4FD412939DA32B7.d.6CD3650FD1685C7927570760A88B5700.e.17/click'
12:14:17.851 [Forwarding clickElement on session ad3cf9400f8393e9e81c9b909663cbab to remote] DEBUG org.asynchttpclient.netty.request.NettyRequestSender - Using open Channel [id: 0xa8a4a266, L:/127.0.0.1:56796 - R:localhost/127.0.0.1:64522] for POST '/session/ad3cf9400f8393e9e81c9b909663cbab/element/f.B3D45F13421052ECE4FD412939DA32B7.d.6CD3650FD1685C7927570760A88B5700.e.17/click'
12:14:17.927 [AsyncHttpClient-1-2] DEBUG org.asynchttpclient.netty.handler.HttpHandler - 

Request DefaultHttpRequest(decodeResult: success, version: HTTP/1.1)
POST /session/ad3cf9400f8393e9e81c9b909663cbab/element/f.B3D45F13421052ECE4FD412939DA32B7.d.6CD3650FD1685C7927570760A88B5700.e.17/click HTTP/1.1
User-Agent: selenium/4.5.0 (java windows)
Content-Length: 88
Content-Type: application/json; charset=utf-8
host: localhost:64522
accept: */*

Response DefaultHttpResponse(decodeResult: success, version: HTTP/1.1)
HTTP/1.1 200 OK
Content-Type: application/json; charset=utf-8
cache-control: no-cache
content-length: 14

12:14:17.927 [AsyncHttpClient-1-1] DEBUG org.asynchttpclient.netty.channel.DefaultChannelPool - Entry count for : http://localhost:9222 : 1
12:14:17.927 [AsyncHttpClient-1-2] DEBUG org.asynchttpclient.netty.channel.ChannelManager - Adding key: http://localhost:64522 for channel [id: 0xa8a4a266, L:/127.0.0.1:56796 - R:localhost/127.0.0.1:64522]
12:14:17.929 [Forwarding findElement on session ad3cf9400f8393e9e81c9b909663cbab to remote] DEBUG org.asynchttpclient.netty.request.NettyRequestSender - Using pooled Channel '[id: 0xa8a4a266, L:/127.0.0.1:56796 - R:localhost/127.0.0.1:64522]' for 'POST' to 'http://localhost:64522/session/ad3cf9400f8393e9e81c9b909663cbab/element'
12:14:17.929 [Forwarding findElement on session ad3cf9400f8393e9e81c9b909663cbab to remote] DEBUG org.asynchttpclient.netty.request.NettyRequestSender - Using open Channel [id: 0xa8a4a266, L:/127.0.0.1:56796 - R:localhost/127.0.0.1:64522] for POST '/session/ad3cf9400f8393e9e81c9b909663cbab/element'
12:14:17.942 [AsyncHttpClient-1-2] DEBUG org.asynchttpclient.netty.handler.HttpHandler - 

Request DefaultHttpRequest(decodeResult: success, version: HTTP/1.1)
POST /session/ad3cf9400f8393e9e81c9b909663cbab/element HTTP/1.1
User-Agent: selenium/4.5.0 (java windows)
Content-Length: 90
Content-Type: application/json; charset=utf-8
host: localhost:64522
accept: */*

Response DefaultHttpResponse(decodeResult: success, version: HTTP/1.1)
HTTP/1.1 200 OK
Content-Type: application/json; charset=utf-8
cache-control: no-cache
content-length: 126

12:14:17.943 [AsyncHttpClient-1-2] DEBUG org.asynchttpclient.netty.channel.ChannelManager - Adding key: http://localhost:64522 for channel [id: 0xa8a4a266, L:/127.0.0.1:56796 - R:localhost/127.0.0.1:64522]
12:14:17.945 [Forwarding clickElement on session ad3cf9400f8393e9e81c9b909663cbab to remote] DEBUG org.asynchttpclient.netty.request.NettyRequestSender - Using pooled Channel '[id: 0xa8a4a266, L:/127.0.0.1:56796 - R:localhost/127.0.0.1:64522]' for 'POST' to 'http://localhost:64522/session/ad3cf9400f8393e9e81c9b909663cbab/element/f.B3D45F13421052ECE4FD412939DA32B7.d.6CD3650FD1685C7927570760A88B5700.e.18/click'
12:14:17.945 [Forwarding clickElement on session ad3cf9400f8393e9e81c9b909663cbab to remote] DEBUG org.asynchttpclient.netty.request.NettyRequestSender - Using open Channel [id: 0xa8a4a266, L:/127.0.0.1:56796 - R:localhost/127.0.0.1:64522] for POST '/session/ad3cf9400f8393e9e81c9b909663cbab/element/f.B3D45F13421052ECE4FD412939DA32B7.d.6CD3650FD1685C7927570760A88B5700.e.18/click'
12:14:18.011 [AsyncHttpClient-1-2] DEBUG org.asynchttpclient.netty.handler.HttpHandler - 

Request DefaultHttpRequest(decodeResult: success, version: HTTP/1.1)
POST /session/ad3cf9400f8393e9e81c9b909663cbab/element/f.B3D45F13421052ECE4FD412939DA32B7.d.6CD3650FD1685C7927570760A88B5700.e.18/click HTTP/1.1
User-Agent: selenium/4.5.0 (java windows)
Content-Length: 88
Content-Type: application/json; charset=utf-8
host: localhost:64522
accept: */*

Response DefaultHttpResponse(decodeResult: success, version: HTTP/1.1)
HTTP/1.1 200 OK
Content-Type: application/json; charset=utf-8
cache-control: no-cache
content-length: 14

12:14:18.011 [AsyncHttpClient-1-2] DEBUG org.asynchttpclient.netty.channel.ChannelManager - Adding key: http://localhost:64522 for channel [id: 0xa8a4a266, L:/127.0.0.1:56796 - R:localhost/127.0.0.1:64522]
12:14:18.011 [Forwarding get on session ad3cf9400f8393e9e81c9b909663cbab to remote] DEBUG org.asynchttpclient.netty.request.NettyRequestSender - Using pooled Channel '[id: 0xa8a4a266, L:/127.0.0.1:56796 - R:localhost/127.0.0.1:64522]' for 'POST' to 'http://localhost:64522/session/ad3cf9400f8393e9e81c9b909663cbab/url'
12:14:18.011 [Forwarding get on session ad3cf9400f8393e9e81c9b909663cbab to remote] DEBUG org.asynchttpclient.netty.request.NettyRequestSender - Using open Channel [id: 0xa8a4a266, L:/127.0.0.1:56796 - R:localhost/127.0.0.1:64522] for POST '/session/ad3cf9400f8393e9e81c9b909663cbab/url'
12:14:18.811 [AsyncHttpClient-1-2] DEBUG org.asynchttpclient.netty.handler.HttpHandler - 

Request DefaultHttpRequest(decodeResult: success, version: HTTP/1.1)
POST /session/ad3cf9400f8393e9e81c9b909663cbab/url HTTP/1.1
User-Agent: selenium/4.5.0 (java windows)
Content-Length: 65
Content-Type: application/json; charset=utf-8
host: localhost:64522
accept: */*

Response DefaultHttpResponse(decodeResult: success, version: HTTP/1.1)
HTTP/1.1 200 OK
Content-Type: application/json; charset=utf-8
cache-control: no-cache
content-length: 14

12:14:18.811 [AsyncHttpClient-1-2] DEBUG org.asynchttpclient.netty.channel.ChannelManager - Adding key: http://localhost:64522 for channel [id: 0xa8a4a266, L:/127.0.0.1:56796 - R:localhost/127.0.0.1:64522]
12:14:18.813 [Forwarding findElement on session ad3cf9400f8393e9e81c9b909663cbab to remote] DEBUG org.asynchttpclient.netty.request.NettyRequestSender - Using pooled Channel '[id: 0xa8a4a266, L:/127.0.0.1:56796 - R:localhost/127.0.0.1:64522]' for 'POST' to 'http://localhost:64522/session/ad3cf9400f8393e9e81c9b909663cbab/element'
12:14:18.814 [Forwarding findElement on session ad3cf9400f8393e9e81c9b909663cbab to remote] DEBUG org.asynchttpclient.netty.request.NettyRequestSender - Using open Channel [id: 0xa8a4a266, L:/127.0.0.1:56796 - R:localhost/127.0.0.1:64522] for POST '/session/ad3cf9400f8393e9e81c9b909663cbab/element'
12:14:18.840 [AsyncHttpClient-1-2] DEBUG org.asynchttpclient.netty.handler.HttpHandler - 

Request DefaultHttpRequest(decodeResult: success, version: HTTP/1.1)
POST /session/ad3cf9400f8393e9e81c9b909663cbab/element HTTP/1.1
User-Agent: selenium/4.5.0 (java windows)
Content-Length: 81
Content-Type: application/json; charset=utf-8
host: localhost:64522
accept: */*

Response DefaultHttpResponse(decodeResult: success, version: HTTP/1.1)
HTTP/1.1 200 OK
Content-Type: application/json; charset=utf-8
cache-control: no-cache
content-length: 126

12:14:18.840 [AsyncHttpClient-1-2] DEBUG org.asynchttpclient.netty.channel.ChannelManager - Adding key: http://localhost:64522 for channel [id: 0xa8a4a266, L:/127.0.0.1:56796 - R:localhost/127.0.0.1:64522]
12:14:18.842 [Forwarding clickElement on session ad3cf9400f8393e9e81c9b909663cbab to remote] DEBUG org.asynchttpclient.netty.request.NettyRequestSender - Using pooled Channel '[id: 0xa8a4a266, L:/127.0.0.1:56796 - R:localhost/127.0.0.1:64522]' for 'POST' to 'http://localhost:64522/session/ad3cf9400f8393e9e81c9b909663cbab/element/f.B3D45F13421052ECE4FD412939DA32B7.d.3F044528F23372F2FBEEDD0322B0DEC5.e.34/click'
12:14:18.843 [Forwarding clickElement on session ad3cf9400f8393e9e81c9b909663cbab to remote] DEBUG org.asynchttpclient.netty.request.NettyRequestSender - Using open Channel [id: 0xa8a4a266, L:/127.0.0.1:56796 - R:localhost/127.0.0.1:64522] for POST '/session/ad3cf9400f8393e9e81c9b909663cbab/element/f.B3D45F13421052ECE4FD412939DA32B7.d.3F044528F23372F2FBEEDD0322B0DEC5.e.34/click'
12:14:18.919 [AsyncHttpClient-1-2] DEBUG org.asynchttpclient.netty.handler.HttpHandler - 

Request DefaultHttpRequest(decodeResult: success, version: HTTP/1.1)
POST /session/ad3cf9400f8393e9e81c9b909663cbab/element/f.B3D45F13421052ECE4FD412939DA32B7.d.3F044528F23372F2FBEEDD0322B0DEC5.e.34/click HTTP/1.1
User-Agent: selenium/4.5.0 (java windows)
Content-Length: 88
Content-Type: application/json; charset=utf-8
host: localhost:64522
accept: */*

Response DefaultHttpResponse(decodeResult: success, version: HTTP/1.1)
HTTP/1.1 200 OK
Content-Type: application/json; charset=utf-8
cache-control: no-cache
content-length: 14

12:14:18.919 [AsyncHttpClient-1-2] DEBUG org.asynchttpclient.netty.channel.ChannelManager - Adding key: http://localhost:64522 for channel [id: 0xa8a4a266, L:/127.0.0.1:56796 - R:localhost/127.0.0.1:64522]
12:14:18.923 [Forwarding findElement on session ad3cf9400f8393e9e81c9b909663cbab to remote] DEBUG org.asynchttpclient.netty.request.NettyRequestSender - Using pooled Channel '[id: 0xa8a4a266, L:/127.0.0.1:56796 - R:localhost/127.0.0.1:64522]' for 'POST' to 'http://localhost:64522/session/ad3cf9400f8393e9e81c9b909663cbab/element'
12:14:18.923 [Forwarding findElement on session ad3cf9400f8393e9e81c9b909663cbab to remote] DEBUG org.asynchttpclient.netty.request.NettyRequestSender - Using open Channel [id: 0xa8a4a266, L:/127.0.0.1:56796 - R:localhost/127.0.0.1:64522] for POST '/session/ad3cf9400f8393e9e81c9b909663cbab/element'
12:14:18.938 [AsyncHttpClient-1-2] DEBUG org.asynchttpclient.netty.handler.HttpHandler - 

Request DefaultHttpRequest(decodeResult: success, version: HTTP/1.1)
POST /session/ad3cf9400f8393e9e81c9b909663cbab/element HTTP/1.1
User-Agent: selenium/4.5.0 (java windows)
Content-Length: 53
Content-Type: application/json; charset=utf-8
host: localhost:64522
accept: */*

Response DefaultHttpResponse(decodeResult: success, version: HTTP/1.1)
HTTP/1.1 200 OK
Content-Type: application/json; charset=utf-8
cache-control: no-cache
content-length: 126

12:14:18.938 [AsyncHttpClient-1-2] DEBUG org.asynchttpclient.netty.channel.ChannelManager - Adding key: http://localhost:64522 for channel [id: 0xa8a4a266, L:/127.0.0.1:56796 - R:localhost/127.0.0.1:64522]
12:14:18.940 [Forwarding clickElement on session ad3cf9400f8393e9e81c9b909663cbab to remote] DEBUG org.asynchttpclient.netty.request.NettyRequestSender - Using pooled Channel '[id: 0xa8a4a266, L:/127.0.0.1:56796 - R:localhost/127.0.0.1:64522]' for 'POST' to 'http://localhost:64522/session/ad3cf9400f8393e9e81c9b909663cbab/element/f.B3D45F13421052ECE4FD412939DA32B7.d.3F044528F23372F2FBEEDD0322B0DEC5.e.41/click'
12:14:18.940 [Forwarding clickElement on session ad3cf9400f8393e9e81c9b909663cbab to remote] DEBUG org.asynchttpclient.netty.request.NettyRequestSender - Using open Channel [id: 0xa8a4a266, L:/127.0.0.1:56796 - R:localhost/127.0.0.1:64522] for POST '/session/ad3cf9400f8393e9e81c9b909663cbab/element/f.B3D45F13421052ECE4FD412939DA32B7.d.3F044528F23372F2FBEEDD0322B0DEC5.e.41/click'
12:14:19.030 [AsyncHttpClient-1-1] DEBUG org.asynchttpclient.netty.channel.DefaultChannelPool - Entry count for : http://localhost:9222 : 1
12:14:19.031 [AsyncHttpClient-1-2] DEBUG org.asynchttpclient.netty.handler.HttpHandler - 

Request DefaultHttpRequest(decodeResult: success, version: HTTP/1.1)
POST /session/ad3cf9400f8393e9e81c9b909663cbab/element/f.B3D45F13421052ECE4FD412939DA32B7.d.3F044528F23372F2FBEEDD0322B0DEC5.e.41/click HTTP/1.1
User-Agent: selenium/4.5.0 (java windows)
Content-Length: 88
Content-Type: application/json; charset=utf-8
host: localhost:64522
accept: */*

Response DefaultHttpResponse(decodeResult: success, version: HTTP/1.1)
HTTP/1.1 200 OK
Content-Type: application/json; charset=utf-8
cache-control: no-cache
content-length: 14

12:14:19.031 [AsyncHttpClient-1-2] DEBUG org.asynchttpclient.netty.channel.ChannelManager - Adding key: http://localhost:64522 for channel [id: 0xa8a4a266, L:/127.0.0.1:56796 - R:localhost/127.0.0.1:64522]
12:14:19.035 [Forwarding findElement on session ad3cf9400f8393e9e81c9b909663cbab to remote] DEBUG org.asynchttpclient.netty.request.NettyRequestSender - Using pooled Channel '[id: 0xa8a4a266, L:/127.0.0.1:56796 - R:localhost/127.0.0.1:64522]' for 'POST' to 'http://localhost:64522/session/ad3cf9400f8393e9e81c9b909663cbab/element'
12:14:19.035 [Forwarding findElement on session ad3cf9400f8393e9e81c9b909663cbab to remote] DEBUG org.asynchttpclient.netty.request.NettyRequestSender - Using open Channel [id: 0xa8a4a266, L:/127.0.0.1:56796 - R:localhost/127.0.0.1:64522] for POST '/session/ad3cf9400f8393e9e81c9b909663cbab/element'
12:14:19.057 [AsyncHttpClient-1-2] DEBUG org.asynchttpclient.netty.handler.HttpHandler - 

Request DefaultHttpRequest(decodeResult: success, version: HTTP/1.1)
POST /session/ad3cf9400f8393e9e81c9b909663cbab/element HTTP/1.1
User-Agent: selenium/4.5.0 (java windows)
Content-Length: 57
Content-Type: application/json; charset=utf-8
host: localhost:64522
accept: */*

Response DefaultHttpResponse(decodeResult: success, version: HTTP/1.1)
HTTP/1.1 200 OK
Content-Type: application/json; charset=utf-8
cache-control: no-cache
content-length: 126

12:14:19.058 [AsyncHttpClient-1-2] DEBUG org.asynchttpclient.netty.channel.ChannelManager - Adding key: http://localhost:64522 for channel [id: 0xa8a4a266, L:/127.0.0.1:56796 - R:localhost/127.0.0.1:64522]
12:14:19.061 [Forwarding sendKeysToElement on session ad3cf9400f8393e9e81c9b909663cbab to remote] DEBUG org.asynchttpclient.netty.request.NettyRequestSender - Using pooled Channel '[id: 0xa8a4a266, L:/127.0.0.1:56796 - R:localhost/127.0.0.1:64522]' for 'POST' to 'http://localhost:64522/session/ad3cf9400f8393e9e81c9b909663cbab/element/f.B3D45F13421052ECE4FD412939DA32B7.d.3F044528F23372F2FBEEDD0322B0DEC5.e.53/value'
12:14:19.061 [Forwarding sendKeysToElement on session ad3cf9400f8393e9e81c9b909663cbab to remote] DEBUG org.asynchttpclient.netty.request.NettyRequestSender - Using open Channel [id: 0xa8a4a266, L:/127.0.0.1:56796 - R:localhost/127.0.0.1:64522] for POST '/session/ad3cf9400f8393e9e81c9b909663cbab/element/f.B3D45F13421052ECE4FD412939DA32B7.d.3F044528F23372F2FBEEDD0322B0DEC5.e.53/value'
12:14:19.143 [AsyncHttpClient-1-2] DEBUG org.asynchttpclient.netty.handler.HttpHandler - 

Request DefaultHttpRequest(decodeResult: success, version: HTTP/1.1)
POST /session/ad3cf9400f8393e9e81c9b909663cbab/element/f.B3D45F13421052ECE4FD412939DA32B7.d.3F044528F23372F2FBEEDD0322B0DEC5.e.53/value HTTP/1.1
User-Agent: selenium/4.5.0 (java windows)
Content-Length: 169
Content-Type: application/json; charset=utf-8
host: localhost:64522
accept: */*

Response DefaultHttpResponse(decodeResult: success, version: HTTP/1.1)
HTTP/1.1 200 OK
Content-Type: application/json; charset=utf-8
cache-control: no-cache
content-length: 14

12:14:19.143 [AsyncHttpClient-1-2] DEBUG org.asynchttpclient.netty.channel.ChannelManager - Adding key: http://localhost:64522 for channel [id: 0xa8a4a266, L:/127.0.0.1:56796 - R:localhost/127.0.0.1:64522]
12:14:19.145 [Forwarding findElement on session ad3cf9400f8393e9e81c9b909663cbab to remote] DEBUG org.asynchttpclient.netty.request.NettyRequestSender - Using pooled Channel '[id: 0xa8a4a266, L:/127.0.0.1:56796 - R:localhost/127.0.0.1:64522]' for 'POST' to 'http://localhost:64522/session/ad3cf9400f8393e9e81c9b909663cbab/element'
12:14:19.145 [Forwarding findElement on session ad3cf9400f8393e9e81c9b909663cbab to remote] DEBUG org.asynchttpclient.netty.request.NettyRequestSender - Using open Channel [id: 0xa8a4a266, L:/127.0.0.1:56796 - R:localhost/127.0.0.1:64522] for POST '/session/ad3cf9400f8393e9e81c9b909663cbab/element'
12:14:19.161 [AsyncHttpClient-1-2] DEBUG org.asynchttpclient.netty.handler.HttpHandler - 

Request DefaultHttpRequest(decodeResult: success, version: HTTP/1.1)
POST /session/ad3cf9400f8393e9e81c9b909663cbab/element HTTP/1.1
User-Agent: selenium/4.5.0 (java windows)
Content-Length: 56
Content-Type: application/json; charset=utf-8
host: localhost:64522
accept: */*

Response DefaultHttpResponse(decodeResult: success, version: HTTP/1.1)
HTTP/1.1 200 OK
Content-Type: application/json; charset=utf-8
cache-control: no-cache
content-length: 126

12:14:19.161 [AsyncHttpClient-1-2] DEBUG org.asynchttpclient.netty.channel.ChannelManager - Adding key: http://localhost:64522 for channel [id: 0xa8a4a266, L:/127.0.0.1:56796 - R:localhost/127.0.0.1:64522]
12:14:19.164 [Forwarding sendKeysToElement on session ad3cf9400f8393e9e81c9b909663cbab to remote] DEBUG org.asynchttpclient.netty.request.NettyRequestSender - Using pooled Channel '[id: 0xa8a4a266, L:/127.0.0.1:56796 - R:localhost/127.0.0.1:64522]' for 'POST' to 'http://localhost:64522/session/ad3cf9400f8393e9e81c9b909663cbab/element/f.B3D45F13421052ECE4FD412939DA32B7.d.3F044528F23372F2FBEEDD0322B0DEC5.e.57/value'
12:14:19.164 [Forwarding sendKeysToElement on session ad3cf9400f8393e9e81c9b909663cbab to remote] DEBUG org.asynchttpclient.netty.request.NettyRequestSender - Using open Channel [id: 0xa8a4a266, L:/127.0.0.1:56796 - R:localhost/127.0.0.1:64522] for POST '/session/ad3cf9400f8393e9e81c9b909663cbab/element/f.B3D45F13421052ECE4FD412939DA32B7.d.3F044528F23372F2FBEEDD0322B0DEC5.e.57/value'
12:14:19.259 [AsyncHttpClient-1-2] DEBUG org.asynchttpclient.netty.handler.HttpHandler - 

Request DefaultHttpRequest(decodeResult: success, version: HTTP/1.1)
POST /session/ad3cf9400f8393e9e81c9b909663cbab/element/f.B3D45F13421052ECE4FD412939DA32B7.d.3F044528F23372F2FBEEDD0322B0DEC5.e.57/value HTTP/1.1
User-Agent: selenium/4.5.0 (java windows)
Content-Length: 189
Content-Type: application/json; charset=utf-8
host: localhost:64522
accept: */*

Response DefaultHttpResponse(decodeResult: success, version: HTTP/1.1)
HTTP/1.1 200 OK
Content-Type: application/json; charset=utf-8
cache-control: no-cache
content-length: 14

12:14:19.259 [AsyncHttpClient-1-2] DEBUG org.asynchttpclient.netty.channel.ChannelManager - Adding key: http://localhost:64522 for channel [id: 0xa8a4a266, L:/127.0.0.1:56796 - R:localhost/127.0.0.1:64522]
12:14:19.262 [Forwarding findElement on session ad3cf9400f8393e9e81c9b909663cbab to remote] DEBUG org.asynchttpclient.netty.request.NettyRequestSender - Using pooled Channel '[id: 0xa8a4a266, L:/127.0.0.1:56796 - R:localhost/127.0.0.1:64522]' for 'POST' to 'http://localhost:64522/session/ad3cf9400f8393e9e81c9b909663cbab/element'
12:14:19.262 [Forwarding findElement on session ad3cf9400f8393e9e81c9b909663cbab to remote] DEBUG org.asynchttpclient.netty.request.NettyRequestSender - Using open Channel [id: 0xa8a4a266, L:/127.0.0.1:56796 - R:localhost/127.0.0.1:64522] for POST '/session/ad3cf9400f8393e9e81c9b909663cbab/element'
12:14:19.277 [AsyncHttpClient-1-2] DEBUG org.asynchttpclient.netty.handler.HttpHandler - 

Request DefaultHttpRequest(decodeResult: success, version: HTTP/1.1)
POST /session/ad3cf9400f8393e9e81c9b909663cbab/element HTTP/1.1
User-Agent: selenium/4.5.0 (java windows)
Content-Length: 58
Content-Type: application/json; charset=utf-8
host: localhost:64522
accept: */*

Response DefaultHttpResponse(decodeResult: success, version: HTTP/1.1)
HTTP/1.1 200 OK
Content-Type: application/json; charset=utf-8
cache-control: no-cache
content-length: 126

12:14:19.277 [AsyncHttpClient-1-2] DEBUG org.asynchttpclient.netty.channel.ChannelManager - Adding key: http://localhost:64522 for channel [id: 0xa8a4a266, L:/127.0.0.1:56796 - R:localhost/127.0.0.1:64522]
12:14:19.286 [Forwarding sendKeysToElement on session ad3cf9400f8393e9e81c9b909663cbab to remote] DEBUG org.asynchttpclient.netty.request.NettyRequestSender - Using pooled Channel '[id: 0xa8a4a266, L:/127.0.0.1:56796 - R:localhost/127.0.0.1:64522]' for 'POST' to 'http://localhost:64522/session/ad3cf9400f8393e9e81c9b909663cbab/element/f.B3D45F13421052ECE4FD412939DA32B7.d.3F044528F23372F2FBEEDD0322B0DEC5.e.58/value'
12:14:19.287 [Forwarding sendKeysToElement on session ad3cf9400f8393e9e81c9b909663cbab to remote] DEBUG org.asynchttpclient.netty.request.NettyRequestSender - Using open Channel [id: 0xa8a4a266, L:/127.0.0.1:56796 - R:localhost/127.0.0.1:64522] for POST '/session/ad3cf9400f8393e9e81c9b909663cbab/element/f.B3D45F13421052ECE4FD412939DA32B7.d.3F044528F23372F2FBEEDD0322B0DEC5.e.58/value'
12:14:19.362 [AsyncHttpClient-1-2] DEBUG org.asynchttpclient.netty.handler.HttpHandler - 

Request DefaultHttpRequest(decodeResult: success, version: HTTP/1.1)
POST /session/ad3cf9400f8393e9e81c9b909663cbab/element/f.B3D45F13421052ECE4FD412939DA32B7.d.3F044528F23372F2FBEEDD0322B0DEC5.e.58/value HTTP/1.1
User-Agent: selenium/4.5.0 (java windows)
Content-Length: 179
Content-Type: application/json; charset=utf-8
host: localhost:64522
accept: */*

Response DefaultHttpResponse(decodeResult: success, version: HTTP/1.1)
HTTP/1.1 200 OK
Content-Type: application/json; charset=utf-8
cache-control: no-cache
content-length: 14

12:14:19.362 [AsyncHttpClient-1-2] DEBUG org.asynchttpclient.netty.channel.ChannelManager - Adding key: http://localhost:64522 for channel [id: 0xa8a4a266, L:/127.0.0.1:56796 - R:localhost/127.0.0.1:64522]
12:14:19.365 [Forwarding findElement on session ad3cf9400f8393e9e81c9b909663cbab to remote] DEBUG org.asynchttpclient.netty.request.NettyRequestSender - Using pooled Channel '[id: 0xa8a4a266, L:/127.0.0.1:56796 - R:localhost/127.0.0.1:64522]' for 'POST' to 'http://localhost:64522/session/ad3cf9400f8393e9e81c9b909663cbab/element'
12:14:19.365 [Forwarding findElement on session ad3cf9400f8393e9e81c9b909663cbab to remote] DEBUG org.asynchttpclient.netty.request.NettyRequestSender - Using open Channel [id: 0xa8a4a266, L:/127.0.0.1:56796 - R:localhost/127.0.0.1:64522] for POST '/session/ad3cf9400f8393e9e81c9b909663cbab/element'
12:14:19.386 [AsyncHttpClient-1-2] DEBUG org.asynchttpclient.netty.handler.HttpHandler - 

Request DefaultHttpRequest(decodeResult: success, version: HTTP/1.1)
POST /session/ad3cf9400f8393e9e81c9b909663cbab/element HTTP/1.1
User-Agent: selenium/4.5.0 (java windows)
Content-Length: 53
Content-Type: application/json; charset=utf-8
host: localhost:64522
accept: */*

Response DefaultHttpResponse(decodeResult: success, version: HTTP/1.1)
HTTP/1.1 200 OK
Content-Type: application/json; charset=utf-8
cache-control: no-cache
content-length: 126

12:14:19.387 [AsyncHttpClient-1-2] DEBUG org.asynchttpclient.netty.channel.ChannelManager - Adding key: http://localhost:64522 for channel [id: 0xa8a4a266, L:/127.0.0.1:56796 - R:localhost/127.0.0.1:64522]
12:14:19.389 [Forwarding clickElement on session ad3cf9400f8393e9e81c9b909663cbab to remote] DEBUG org.asynchttpclient.netty.request.NettyRequestSender - Using pooled Channel '[id: 0xa8a4a266, L:/127.0.0.1:56796 - R:localhost/127.0.0.1:64522]' for 'POST' to 'http://localhost:64522/session/ad3cf9400f8393e9e81c9b909663cbab/element/f.B3D45F13421052ECE4FD412939DA32B7.d.3F044528F23372F2FBEEDD0322B0DEC5.e.61/click'
12:14:19.389 [Forwarding clickElement on session ad3cf9400f8393e9e81c9b909663cbab to remote] DEBUG org.asynchttpclient.netty.request.NettyRequestSender - Using open Channel [id: 0xa8a4a266, L:/127.0.0.1:56796 - R:localhost/127.0.0.1:64522] for POST '/session/ad3cf9400f8393e9e81c9b909663cbab/element/f.B3D45F13421052ECE4FD412939DA32B7.d.3F044528F23372F2FBEEDD0322B0DEC5.e.61/click'
12:14:19.480 [AsyncHttpClient-1-2] DEBUG org.asynchttpclient.netty.handler.HttpHandler - 

Request DefaultHttpRequest(decodeResult: success, version: HTTP/1.1)
POST /session/ad3cf9400f8393e9e81c9b909663cbab/element/f.B3D45F13421052ECE4FD412939DA32B7.d.3F044528F23372F2FBEEDD0322B0DEC5.e.61/click HTTP/1.1
User-Agent: selenium/4.5.0 (java windows)
Content-Length: 88
Content-Type: application/json; charset=utf-8
host: localhost:64522
accept: */*

Response DefaultHttpResponse(decodeResult: success, version: HTTP/1.1)
HTTP/1.1 200 OK
Content-Type: application/json; charset=utf-8
cache-control: no-cache
content-length: 14

12:14:19.480 [AsyncHttpClient-1-2] DEBUG org.asynchttpclient.netty.channel.ChannelManager - Adding key: http://localhost:64522 for channel [id: 0xa8a4a266, L:/127.0.0.1:56796 - R:localhost/127.0.0.1:64522]
12:14:19.484 [Forwarding findElement on session ad3cf9400f8393e9e81c9b909663cbab to remote] DEBUG org.asynchttpclient.netty.request.NettyRequestSender - Using pooled Channel '[id: 0xa8a4a266, L:/127.0.0.1:56796 - R:localhost/127.0.0.1:64522]' for 'POST' to 'http://localhost:64522/session/ad3cf9400f8393e9e81c9b909663cbab/element'
12:14:19.484 [Forwarding findElement on session ad3cf9400f8393e9e81c9b909663cbab to remote] DEBUG org.asynchttpclient.netty.request.NettyRequestSender - Using open Channel [id: 0xa8a4a266, L:/127.0.0.1:56796 - R:localhost/127.0.0.1:64522] for POST '/session/ad3cf9400f8393e9e81c9b909663cbab/element'
12:14:19.498 [AsyncHttpClient-1-2] DEBUG org.asynchttpclient.netty.handler.HttpHandler - 

Request DefaultHttpRequest(decodeResult: success, version: HTTP/1.1)
POST /session/ad3cf9400f8393e9e81c9b909663cbab/element HTTP/1.1
User-Agent: selenium/4.5.0 (java windows)
Content-Length: 51
Content-Type: application/json; charset=utf-8
host: localhost:64522
accept: */*

Response DefaultHttpResponse(decodeResult: success, version: HTTP/1.1)
HTTP/1.1 200 OK
Content-Type: application/json; charset=utf-8
cache-control: no-cache
content-length: 126

12:14:19.498 [AsyncHttpClient-1-2] DEBUG org.asynchttpclient.netty.channel.ChannelManager - Adding key: http://localhost:64522 for channel [id: 0xa8a4a266, L:/127.0.0.1:56796 - R:localhost/127.0.0.1:64522]
12:14:19.500 [Forwarding clickElement on session ad3cf9400f8393e9e81c9b909663cbab to remote] DEBUG org.asynchttpclient.netty.request.NettyRequestSender - Using pooled Channel '[id: 0xa8a4a266, L:/127.0.0.1:56796 - R:localhost/127.0.0.1:64522]' for 'POST' to 'http://localhost:64522/session/ad3cf9400f8393e9e81c9b909663cbab/element/f.B3D45F13421052ECE4FD412939DA32B7.d.3F044528F23372F2FBEEDD0322B0DEC5.e.66/click'
12:14:19.500 [Forwarding clickElement on session ad3cf9400f8393e9e81c9b909663cbab to remote] DEBUG org.asynchttpclient.netty.request.NettyRequestSender - Using open Channel [id: 0xa8a4a266, L:/127.0.0.1:56796 - R:localhost/127.0.0.1:64522] for POST '/session/ad3cf9400f8393e9e81c9b909663cbab/element/f.B3D45F13421052ECE4FD412939DA32B7.d.3F044528F23372F2FBEEDD0322B0DEC5.e.66/click'
12:14:19.568 [AsyncHttpClient-1-2] DEBUG org.asynchttpclient.netty.handler.HttpHandler - 

Request DefaultHttpRequest(decodeResult: success, version: HTTP/1.1)
POST /session/ad3cf9400f8393e9e81c9b909663cbab/element/f.B3D45F13421052ECE4FD412939DA32B7.d.3F044528F23372F2FBEEDD0322B0DEC5.e.66/click HTTP/1.1
User-Agent: selenium/4.5.0 (java windows)
Content-Length: 88
Content-Type: application/json; charset=utf-8
host: localhost:64522
accept: */*

Response DefaultHttpResponse(decodeResult: success, version: HTTP/1.1)
HTTP/1.1 200 OK
Content-Type: application/json; charset=utf-8
cache-control: no-cache
content-length: 14

12:14:19.568 [AsyncHttpClient-1-2] DEBUG org.asynchttpclient.netty.channel.ChannelManager - Adding key: http://localhost:64522 for channel [id: 0xa8a4a266, L:/127.0.0.1:56796 - R:localhost/127.0.0.1:64522]
12:14:19.572 [Forwarding screenshot on session ad3cf9400f8393e9e81c9b909663cbab to remote] DEBUG org.asynchttpclient.netty.request.NettyRequestSender - Using pooled Channel '[id: 0xa8a4a266, L:/127.0.0.1:56796 - R:localhost/127.0.0.1:64522]' for 'GET' to 'http://localhost:64522/session/ad3cf9400f8393e9e81c9b909663cbab/screenshot'
12:14:19.572 [Forwarding screenshot on session ad3cf9400f8393e9e81c9b909663cbab to remote] DEBUG org.asynchttpclient.netty.request.NettyRequestSender - Using open Channel [id: 0xa8a4a266, L:/127.0.0.1:56796 - R:localhost/127.0.0.1:64522] for GET '/session/ad3cf9400f8393e9e81c9b909663cbab/screenshot'
12:14:19.679 [AsyncHttpClient-1-2] DEBUG org.asynchttpclient.netty.handler.HttpHandler - 

Request DefaultFullHttpRequest(decodeResult: success, version: HTTP/1.1, content: EmptyByteBufBE)
GET /session/ad3cf9400f8393e9e81c9b909663cbab/screenshot HTTP/1.1
User-Agent: selenium/4.5.0 (java windows)
Cache-Control: no-cache
Content-Type: application/json; charset=utf-8
host: localhost:64522
accept: */*

Response DefaultHttpResponse(decodeResult: success, version: HTTP/1.1)
HTTP/1.1 200 OK
Content-Type: application/json; charset=utf-8
cache-control: no-cache
content-length: 45344

12:14:19.680 [AsyncHttpClient-1-2] DEBUG org.asynchttpclient.netty.channel.ChannelManager - Adding key: http://localhost:64522 for channel [id: 0xa8a4a266, L:/127.0.0.1:56796 - R:localhost/127.0.0.1:64522]
]]></system-out>
    <system-err><![CDATA[Starting ChromeDriver 131.0.6778.69 (77e2244bbcda3ab9362d5b8aeeb006a86a6d4832-refs/branch-heads/6778@{#2141}) on port 64522
Only local connections are allowed.
Please see https://chromedriver.chromium.org/security-considerations for suggestions on keeping ChromeDriver safe.
ChromeDriver was started successfully on port 64522.
Nov 14, 2024 12:14:13 PM org.openqa.selenium.remote.ProtocolHandshake createSession
INFO: Detected upstream dialect: W3C
Nov 14, 2024 12:14:13 PM org.openqa.selenium.devtools.CdpVersionFinder findNearestMatch
WARNING: Unable to find an exact match for CDP version 131, so returning the closest version found: a no-op implementation
Nov 14, 2024 12:14:13 PM org.openqa.selenium.devtools.CdpVersionFinder findNearestMatch
INFO: Unable to find CDP implementation matching 131.
Nov 14, 2024 12:14:13 PM org.openqa.selenium.chromium.ChromiumDriver lambda$new$3
WARNING: Unable to find version of CDP to use for . You may need to include a dependency on a specific version of the CDP using something similar to `org.seleniumhq.selenium:selenium-devtools-v86:4.5.0` where the version ("v86") matches the version of the chromium-based browser you're using and the version number of the artifact is the same as Selenium's.
]]></system-err>
  </testcase>
</testsuite>