<?xml version="1.0" encoding="UTF-8"?>
<testsuite xmlns:xsi="http://www.w3.org/2001/XMLSchema-instance" xsi:noNamespaceSchemaLocation="https://maven.apache.org/surefire/maven-surefire-plugin/xsd/surefire-test-report-3.0.xsd" version="3.0" name="com.example.WebPageTest" time="12.215" tests="1" errors="0" skipped="0" failures="0">
  <properties>
    <property name="java.specification.version" value="21"/>
    <property name="webdriver.chrome.driver" value="C:.\chromedriver-win64\chromedriver.exe"/>
    <property name="sun.cpu.isalist" value="amd64"/>
    <property name="sun.jnu.encoding" value="Cp1252"/>
    <property name="java.class.path" value="C:\Users\lucas.armenio\Documents\projetoJunit-main\projetoJunit\junit5-maven\target\test-classes;C:\Users\lucas.armenio\Documents\projetoJunit-main\projetoJunit\junit5-maven\target\classes;C:\Users\lucas.armenio\.m2\repository\org\junit\jupiter\junit-jupiter-engine\5.9.0\junit-jupiter-engine-5.9.0.jar;C:\Users\lucas.armenio\.m2\repository\org\junit\platform\junit-platform-engine\1.9.0\junit-platform-engine-1.9.0.jar;C:\Users\lucas.armenio\.m2\repository\org\opentest4j\opentest4j\1.2.0\opentest4j-1.2.0.jar;C:\Users\lucas.armenio\.m2\repository\org\junit\platform\junit-platform-commons\1.9.0\junit-platform-commons-1.9.0.jar;C:\Users\lucas.armenio\.m2\repository\org\junit\jupiter\junit-jupiter-api\5.9.0\junit-jupiter-api-5.9.0.jar;C:\Users\lucas.armenio\.m2\repository\org\apiguardian\apiguardian-api\1.1.2\apiguardian-api-1.1.2.jar;C:\Users\lucas.armenio\.m2\repository\org\seleniumhq\selenium\selenium-java\4.5.0\selenium-java-4.5.0.jar;C:\Users\lucas.armenio\.m2\repository\org\seleniumhq\selenium\selenium-api\4.5.0\selenium-api-4.5.0.jar;C:\Users\lucas.armenio\.m2\repository\org\seleniumhq\selenium\selenium-chrome-driver\4.5.0\selenium-chrome-driver-4.5.0.jar;C:\Users\lucas.armenio\.m2\repository\com\google\auto\service\auto-service-annotations\1.0.1\auto-service-annotations-1.0.1.jar;C:\Users\lucas.armenio\.m2\repository\com\google\auto\service\auto-service\1.0.1\auto-service-1.0.1.jar;C:\Users\lucas.armenio\.m2\repository\com\google\auto\auto-common\1.2\auto-common-1.2.jar;C:\Users\lucas.armenio\.m2\repository\com\google\guava\guava\31.1-jre\guava-31.1-jre.jar;C:\Users\lucas.armenio\.m2\repository\com\google\guava\failureaccess\1.0.1\failureaccess-1.0.1.jar;C:\Users\lucas.armenio\.m2\repository\com\google\guava\listenablefuture\9999.0-empty-to-avoid-conflict-with-guava\listenablefuture-9999.0-empty-to-avoid-conflict-with-guava.jar;C:\Users\lucas.armenio\.m2\repository\com\google\code\findbugs\jsr305\3.0.2\jsr305-3.0.2.jar;C:\Users\lucas.armenio\.m2\repository\org\checkerframework\checker-qual\3.12.0\checker-qual-3.12.0.jar;C:\Users\lucas.armenio\.m2\repository\com\google\errorprone\error_prone_annotations\2.11.0\error_prone_annotations-2.11.0.jar;C:\Users\lucas.armenio\.m2\repository\com\google\j2objc\j2objc-annotations\1.3\j2objc-annotations-1.3.jar;C:\Users\lucas.armenio\.m2\repository\org\seleniumhq\selenium\selenium-chromium-driver\4.5.0\selenium-chromium-driver-4.5.0.jar;C:\Users\lucas.armenio\.m2\repository\org\seleniumhq\selenium\selenium-json\4.5.0\selenium-json-4.5.0.jar;C:\Users\lucas.armenio\.m2\repository\org\seleniumhq\selenium\selenium-devtools-v104\4.5.0\selenium-devtools-v104-4.5.0.jar;C:\Users\lucas.armenio\.m2\repository\org\seleniumhq\selenium\selenium-devtools-v105\4.5.0\selenium-devtools-v105-4.5.0.jar;C:\Users\lucas.armenio\.m2\repository\org\seleniumhq\selenium\selenium-devtools-v106\4.5.0\selenium-devtools-v106-4.5.0.jar;C:\Users\lucas.armenio\.m2\repository\org\seleniumhq\selenium\selenium-devtools-v85\4.5.0\selenium-devtools-v85-4.5.0.jar;C:\Users\lucas.armenio\.m2\repository\org\seleniumhq\selenium\selenium-edge-driver\4.5.0\selenium-edge-driver-4.5.0.jar;C:\Users\lucas.armenio\.m2\repository\org\seleniumhq\selenium\selenium-firefox-driver\4.5.0\selenium-firefox-driver-4.5.0.jar;C:\Users\lucas.armenio\.m2\repository\org\seleniumhq\selenium\selenium-ie-driver\4.5.0\selenium-ie-driver-4.5.0.jar;C:\Users\lucas.armenio\.m2\repository\org\seleniumhq\selenium\selenium-remote-driver\4.5.0\selenium-remote-driver-4.5.0.jar;C:\Users\lucas.armenio\.m2\repository\com\beust\jcommander\1.82\jcommander-1.82.jar;C:\Users\lucas.armenio\.m2\repository\io\netty\netty-buffer\4.1.79.Final\netty-buffer-4.1.79.Final.jar;C:\Users\lucas.armenio\.m2\repository\io\netty\netty-codec-http\4.1.79.Final\netty-codec-http-4.1.79.Final.jar;C:\Users\lucas.armenio\.m2\repository\io\netty\netty-codec\4.1.79.Final\netty-codec-4.1.79.Final.jar;C:\Users\lucas.armenio\.m2\repository\io\netty\netty-handler\4.1.79.Final\netty-handler-4.1.79.Final.jar;C:\Users\lucas.armenio\.m2\repository\io\netty\netty-common\4.1.79.Final\netty-common-4.1.79.Final.jar;C:\Users\lucas.armenio\.m2\repository\io\netty\netty-transport-classes-epoll\4.1.79.Final\netty-transport-classes-epoll-4.1.79.Final.jar;C:\Users\lucas.armenio\.m2\repository\io\netty\netty-transport-classes-kqueue\4.1.79.Final\netty-transport-classes-kqueue-4.1.79.Final.jar;C:\Users\lucas.armenio\.m2\repository\io\netty\netty-transport-native-epoll\4.1.79.Final\netty-transport-native-epoll-4.1.79.Final.jar;C:\Users\lucas.armenio\.m2\repository\io\netty\netty-transport-native-kqueue\4.1.79.Final\netty-transport-native-kqueue-4.1.79.Final.jar;C:\Users\lucas.armenio\.m2\repository\io\netty\netty-transport-native-unix-common\4.1.79.Final\netty-transport-native-unix-common-4.1.79.Final.jar;C:\Users\lucas.armenio\.m2\repository\io\netty\netty-transport\4.1.79.Final\netty-transport-4.1.79.Final.jar;C:\Users\lucas.armenio\.m2\repository\io\netty\netty-resolver\4.1.79.Final\netty-resolver-4.1.79.Final.jar;C:\Users\lucas.armenio\.m2\repository\io\opentelemetry\opentelemetry-api\1.17.0\opentelemetry-api-1.17.0.jar;C:\Users\lucas.armenio\.m2\repository\io\opentelemetry\opentelemetry-context\1.17.0\opentelemetry-context-1.17.0.jar;C:\Users\lucas.armenio\.m2\repository\io\opentelemetry\opentelemetry-exporter-logging\1.17.0\opentelemetry-exporter-logging-1.17.0.jar;C:\Users\lucas.armenio\.m2\repository\io\opentelemetry\opentelemetry-sdk-metrics\1.17.0\opentelemetry-sdk-metrics-1.17.0.jar;C:\Users\lucas.armenio\.m2\repository\io\opentelemetry\opentelemetry-sdk-logs\1.17.0-alpha\opentelemetry-sdk-logs-1.17.0-alpha.jar;C:\Users\lucas.armenio\.m2\repository\io\opentelemetry\opentelemetry-sdk-common\1.17.0\opentelemetry-sdk-common-1.17.0.jar;C:\Users\lucas.armenio\.m2\repository\io\opentelemetry\opentelemetry-sdk-extension-autoconfigure-spi\1.17.0\opentelemetry-sdk-extension-autoconfigure-spi-1.17.0.jar;C:\Users\lucas.armenio\.m2\repository\io\opentelemetry\opentelemetry-sdk-extension-autoconfigure\1.17.0-alpha\opentelemetry-sdk-extension-autoconfigure-1.17.0-alpha.jar;C:\Users\lucas.armenio\.m2\repository\io\opentelemetry\opentelemetry-exporter-common\1.17.0\opentelemetry-exporter-common-1.17.0.jar;C:\Users\lucas.armenio\.m2\repository\io\opentelemetry\opentelemetry-sdk-trace\1.17.0\opentelemetry-sdk-trace-1.17.0.jar;C:\Users\lucas.armenio\.m2\repository\io\opentelemetry\opentelemetry-sdk\1.17.0\opentelemetry-sdk-1.17.0.jar;C:\Users\lucas.armenio\.m2\repository\io\opentelemetry\opentelemetry-semconv\1.17.0-alpha\opentelemetry-semconv-1.17.0-alpha.jar;C:\Users\lucas.armenio\.m2\repository\io\ous\jtoml\2.0.0\jtoml-2.0.0.jar;C:\Users\lucas.armenio\.m2\repository\net\bytebuddy\byte-buddy\1.12.14\byte-buddy-1.12.14.jar;C:\Users\lucas.armenio\.m2\repository\org\apache\commons\commons-exec\1.3\commons-exec-1.3.jar;C:\Users\lucas.armenio\.m2\repository\org\asynchttpclient\async-http-client\2.12.3\async-http-client-2.12.3.jar;C:\Users\lucas.armenio\.m2\repository\org\asynchttpclient\async-http-client-netty-utils\2.12.3\async-http-client-netty-utils-2.12.3.jar;C:\Users\lucas.armenio\.m2\repository\io\netty\netty-codec-socks\4.1.60.Final\netty-codec-socks-4.1.60.Final.jar;C:\Users\lucas.armenio\.m2\repository\io\netty\netty-handler-proxy\4.1.60.Final\netty-handler-proxy-4.1.60.Final.jar;C:\Users\lucas.armenio\.m2\repository\io\netty\netty-transport-native-epoll\4.1.60.Final\netty-transport-native-epoll-4.1.60.Final-linux-x86_64.jar;C:\Users\lucas.armenio\.m2\repository\io\netty\netty-transport-native-kqueue\4.1.60.Final\netty-transport-native-kqueue-4.1.60.Final-osx-x86_64.jar;C:\Users\lucas.armenio\.m2\repository\org\reactivestreams\reactive-streams\1.0.3\reactive-streams-1.0.3.jar;C:\Users\lucas.armenio\.m2\repository\com\typesafe\netty\netty-reactive-streams\2.0.4\netty-reactive-streams-2.0.4.jar;C:\Users\lucas.armenio\.m2\repository\com\sun\activation\jakarta.activation\1.2.2\jakarta.activation-1.2.2.jar;C:\Users\lucas.armenio\.m2\repository\org\seleniumhq\selenium\selenium-http\4.5.0\selenium-http-4.5.0.jar;C:\Users\lucas.armenio\.m2\repository\dev\failsafe\failsafe\3.2.4\failsafe-3.2.4.jar;C:\Users\lucas.armenio\.m2\repository\org\seleniumhq\selenium\selenium-safari-driver\4.5.0\selenium-safari-driver-4.5.0.jar;C:\Users\lucas.armenio\.m2\repository\org\seleniumhq\selenium\selenium-support\4.5.0\selenium-support-4.5.0.jar;C:\Users\lucas.armenio\.m2\repository\org\assertj\assertj-core\3.17.2\assertj-core-3.17.2.jar;C:\Users\lucas.armenio\.m2\repository\io\github\hakky54\logcaptor\2.3.1\logcaptor-2.3.1.jar;C:\Users\lucas.armenio\.m2\repository\ch\qos\logback\logback-classic\1.2.3\logback-classic-1.2.3.jar;C:\Users\lucas.armenio\.m2\repository\ch\qos\logback\logback-core\1.2.3\logback-core-1.2.3.jar;C:\Users\lucas.armenio\.m2\repository\org\slf4j\slf4j-api\1.7.25\slf4j-api-1.7.25.jar;C:\Users\lucas.armenio\.m2\repository\org\apache\logging\log4j\log4j-to-slf4j\2.14.0\log4j-to-slf4j-2.14.0.jar;C:\Users\lucas.armenio\.m2\repository\org\apache\logging\log4j\log4j-api\2.14.0\log4j-api-2.14.0.jar;C:\Users\lucas.armenio\.m2\repository\commons-io\commons-io\2.17.0\commons-io-2.17.0.jar;"/>
    <property name="java.vm.vendor" value="Oracle Corporation"/>
    <property name="sun.arch.data.model" value="64"/>
    <property name="user.variant" value=""/>
    <property name="java.vendor.url" value="https://java.oracle.com/"/>
    <property name="user.timezone" value="America/Sao_Paulo"/>
    <property name="os.name" value="Windows 10"/>
    <property name="java.vm.specification.version" value="21"/>
    <property name="sun.java.launcher" value="SUN_STANDARD"/>
    <property name="user.country" value="US"/>
    <property name="sun.boot.library.path" value="C:\Program Files\Java\jdk-21\bin"/>
    <property name="sun.java.command" value="C:\Users\lucas.armenio\AppData\Local\Temp\surefire1514207403160723690\surefirebooter-20241114144115689_3.jar C:\Users\lucas.armenio\AppData\Local\Temp\surefire1514207403160723690 2024-11-14T14-41-15_443-jvmRun1 surefire-20241114144115689_1tmp surefire_0-20241114144115689_2tmp"/>
    <property name="jdk.debug" value="release"/>
    <property name="surefire.test.class.path" value="C:\Users\lucas.armenio\Documents\projetoJunit-main\projetoJunit\junit5-maven\target\test-classes;C:\Users\lucas.armenio\Documents\projetoJunit-main\projetoJunit\junit5-maven\target\classes;C:\Users\lucas.armenio\.m2\repository\org\junit\jupiter\junit-jupiter-engine\5.9.0\junit-jupiter-engine-5.9.0.jar;C:\Users\lucas.armenio\.m2\repository\org\junit\platform\junit-platform-engine\1.9.0\junit-platform-engine-1.9.0.jar;C:\Users\lucas.armenio\.m2\repository\org\opentest4j\opentest4j\1.2.0\opentest4j-1.2.0.jar;C:\Users\lucas.armenio\.m2\repository\org\junit\platform\junit-platform-commons\1.9.0\junit-platform-commons-1.9.0.jar;C:\Users\lucas.armenio\.m2\repository\org\junit\jupiter\junit-jupiter-api\5.9.0\junit-jupiter-api-5.9.0.jar;C:\Users\lucas.armenio\.m2\repository\org\apiguardian\apiguardian-api\1.1.2\apiguardian-api-1.1.2.jar;C:\Users\lucas.armenio\.m2\repository\org\seleniumhq\selenium\selenium-java\4.5.0\selenium-java-4.5.0.jar;C:\Users\lucas.armenio\.m2\repository\org\seleniumhq\selenium\selenium-api\4.5.0\selenium-api-4.5.0.jar;C:\Users\lucas.armenio\.m2\repository\org\seleniumhq\selenium\selenium-chrome-driver\4.5.0\selenium-chrome-driver-4.5.0.jar;C:\Users\lucas.armenio\.m2\repository\com\google\auto\service\auto-service-annotations\1.0.1\auto-service-annotations-1.0.1.jar;C:\Users\lucas.armenio\.m2\repository\com\google\auto\service\auto-service\1.0.1\auto-service-1.0.1.jar;C:\Users\lucas.armenio\.m2\repository\com\google\auto\auto-common\1.2\auto-common-1.2.jar;C:\Users\lucas.armenio\.m2\repository\com\google\guava\guava\31.1-jre\guava-31.1-jre.jar;C:\Users\lucas.armenio\.m2\repository\com\google\guava\failureaccess\1.0.1\failureaccess-1.0.1.jar;C:\Users\lucas.armenio\.m2\repository\com\google\guava\listenablefuture\9999.0-empty-to-avoid-conflict-with-guava\listenablefuture-9999.0-empty-to-avoid-conflict-with-guava.jar;C:\Users\lucas.armenio\.m2\repository\com\google\code\findbugs\jsr305\3.0.2\jsr305-3.0.2.jar;C:\Users\lucas.armenio\.m2\repository\org\checkerframework\checker-qual\3.12.0\checker-qual-3.12.0.jar;C:\Users\lucas.armenio\.m2\repository\com\google\errorprone\error_prone_annotations\2.11.0\error_prone_annotations-2.11.0.jar;C:\Users\lucas.armenio\.m2\repository\com\google\j2objc\j2objc-annotations\1.3\j2objc-annotations-1.3.jar;C:\Users\lucas.armenio\.m2\repository\org\seleniumhq\selenium\selenium-chromium-driver\4.5.0\selenium-chromium-driver-4.5.0.jar;C:\Users\lucas.armenio\.m2\repository\org\seleniumhq\selenium\selenium-json\4.5.0\selenium-json-4.5.0.jar;C:\Users\lucas.armenio\.m2\repository\org\seleniumhq\selenium\selenium-devtools-v104\4.5.0\selenium-devtools-v104-4.5.0.jar;C:\Users\lucas.armenio\.m2\repository\org\seleniumhq\selenium\selenium-devtools-v105\4.5.0\selenium-devtools-v105-4.5.0.jar;C:\Users\lucas.armenio\.m2\repository\org\seleniumhq\selenium\selenium-devtools-v106\4.5.0\selenium-devtools-v106-4.5.0.jar;C:\Users\lucas.armenio\.m2\repository\org\seleniumhq\selenium\selenium-devtools-v85\4.5.0\selenium-devtools-v85-4.5.0.jar;C:\Users\lucas.armenio\.m2\repository\org\seleniumhq\selenium\selenium-edge-driver\4.5.0\selenium-edge-driver-4.5.0.jar;C:\Users\lucas.armenio\.m2\repository\org\seleniumhq\selenium\selenium-firefox-driver\4.5.0\selenium-firefox-driver-4.5.0.jar;C:\Users\lucas.armenio\.m2\repository\org\seleniumhq\selenium\selenium-ie-driver\4.5.0\selenium-ie-driver-4.5.0.jar;C:\Users\lucas.armenio\.m2\repository\org\seleniumhq\selenium\selenium-remote-driver\4.5.0\selenium-remote-driver-4.5.0.jar;C:\Users\lucas.armenio\.m2\repository\com\beust\jcommander\1.82\jcommander-1.82.jar;C:\Users\lucas.armenio\.m2\repository\io\netty\netty-buffer\4.1.79.Final\netty-buffer-4.1.79.Final.jar;C:\Users\lucas.armenio\.m2\repository\io\netty\netty-codec-http\4.1.79.Final\netty-codec-http-4.1.79.Final.jar;C:\Users\lucas.armenio\.m2\repository\io\netty\netty-codec\4.1.79.Final\netty-codec-4.1.79.Final.jar;C:\Users\lucas.armenio\.m2\repository\io\netty\netty-handler\4.1.79.Final\netty-handler-4.1.79.Final.jar;C:\Users\lucas.armenio\.m2\repository\io\netty\netty-common\4.1.79.Final\netty-common-4.1.79.Final.jar;C:\Users\lucas.armenio\.m2\repository\io\netty\netty-transport-classes-epoll\4.1.79.Final\netty-transport-classes-epoll-4.1.79.Final.jar;C:\Users\lucas.armenio\.m2\repository\io\netty\netty-transport-classes-kqueue\4.1.79.Final\netty-transport-classes-kqueue-4.1.79.Final.jar;C:\Users\lucas.armenio\.m2\repository\io\netty\netty-transport-native-epoll\4.1.79.Final\netty-transport-native-epoll-4.1.79.Final.jar;C:\Users\lucas.armenio\.m2\repository\io\netty\netty-transport-native-kqueue\4.1.79.Final\netty-transport-native-kqueue-4.1.79.Final.jar;C:\Users\lucas.armenio\.m2\repository\io\netty\netty-transport-native-unix-common\4.1.79.Final\netty-transport-native-unix-common-4.1.79.Final.jar;C:\Users\lucas.armenio\.m2\repository\io\netty\netty-transport\4.1.79.Final\netty-transport-4.1.79.Final.jar;C:\Users\lucas.armenio\.m2\repository\io\netty\netty-resolver\4.1.79.Final\netty-resolver-4.1.79.Final.jar;C:\Users\lucas.armenio\.m2\repository\io\opentelemetry\opentelemetry-api\1.17.0\opentelemetry-api-1.17.0.jar;C:\Users\lucas.armenio\.m2\repository\io\opentelemetry\opentelemetry-context\1.17.0\opentelemetry-context-1.17.0.jar;C:\Users\lucas.armenio\.m2\repository\io\opentelemetry\opentelemetry-exporter-logging\1.17.0\opentelemetry-exporter-logging-1.17.0.jar;C:\Users\lucas.armenio\.m2\repository\io\opentelemetry\opentelemetry-sdk-metrics\1.17.0\opentelemetry-sdk-metrics-1.17.0.jar;C:\Users\lucas.armenio\.m2\repository\io\opentelemetry\opentelemetry-sdk-logs\1.17.0-alpha\opentelemetry-sdk-logs-1.17.0-alpha.jar;C:\Users\lucas.armenio\.m2\repository\io\opentelemetry\opentelemetry-sdk-common\1.17.0\opentelemetry-sdk-common-1.17.0.jar;C:\Users\lucas.armenio\.m2\repository\io\opentelemetry\opentelemetry-sdk-extension-autoconfigure-spi\1.17.0\opentelemetry-sdk-extension-autoconfigure-spi-1.17.0.jar;C:\Users\lucas.armenio\.m2\repository\io\opentelemetry\opentelemetry-sdk-extension-autoconfigure\1.17.0-alpha\opentelemetry-sdk-extension-autoconfigure-1.17.0-alpha.jar;C:\Users\lucas.armenio\.m2\repository\io\opentelemetry\opentelemetry-exporter-common\1.17.0\opentelemetry-exporter-common-1.17.0.jar;C:\Users\lucas.armenio\.m2\repository\io\opentelemetry\opentelemetry-sdk-trace\1.17.0\opentelemetry-sdk-trace-1.17.0.jar;C:\Users\lucas.armenio\.m2\repository\io\opentelemetry\opentelemetry-sdk\1.17.0\opentelemetry-sdk-1.17.0.jar;C:\Users\lucas.armenio\.m2\repository\io\opentelemetry\opentelemetry-semconv\1.17.0-alpha\opentelemetry-semconv-1.17.0-alpha.jar;C:\Users\lucas.armenio\.m2\repository\io\ous\jtoml\2.0.0\jtoml-2.0.0.jar;C:\Users\lucas.armenio\.m2\repository\net\bytebuddy\byte-buddy\1.12.14\byte-buddy-1.12.14.jar;C:\Users\lucas.armenio\.m2\repository\org\apache\commons\commons-exec\1.3\commons-exec-1.3.jar;C:\Users\lucas.armenio\.m2\repository\org\asynchttpclient\async-http-client\2.12.3\async-http-client-2.12.3.jar;C:\Users\lucas.armenio\.m2\repository\org\asynchttpclient\async-http-client-netty-utils\2.12.3\async-http-client-netty-utils-2.12.3.jar;C:\Users\lucas.armenio\.m2\repository\io\netty\netty-codec-socks\4.1.60.Final\netty-codec-socks-4.1.60.Final.jar;C:\Users\lucas.armenio\.m2\repository\io\netty\netty-handler-proxy\4.1.60.Final\netty-handler-proxy-4.1.60.Final.jar;C:\Users\lucas.armenio\.m2\repository\io\netty\netty-transport-native-epoll\4.1.60.Final\netty-transport-native-epoll-4.1.60.Final-linux-x86_64.jar;C:\Users\lucas.armenio\.m2\repository\io\netty\netty-transport-native-kqueue\4.1.60.Final\netty-transport-native-kqueue-4.1.60.Final-osx-x86_64.jar;C:\Users\lucas.armenio\.m2\repository\org\reactivestreams\reactive-streams\1.0.3\reactive-streams-1.0.3.jar;C:\Users\lucas.armenio\.m2\repository\com\typesafe\netty\netty-reactive-streams\2.0.4\netty-reactive-streams-2.0.4.jar;C:\Users\lucas.armenio\.m2\repository\com\sun\activation\jakarta.activation\1.2.2\jakarta.activation-1.2.2.jar;C:\Users\lucas.armenio\.m2\repository\org\seleniumhq\selenium\selenium-http\4.5.0\selenium-http-4.5.0.jar;C:\Users\lucas.armenio\.m2\repository\dev\failsafe\failsafe\3.2.4\failsafe-3.2.4.jar;C:\Users\lucas.armenio\.m2\repository\org\seleniumhq\selenium\selenium-safari-driver\4.5.0\selenium-safari-driver-4.5.0.jar;C:\Users\lucas.armenio\.m2\repository\org\seleniumhq\selenium\selenium-support\4.5.0\selenium-support-4.5.0.jar;C:\Users\lucas.armenio\.m2\repository\org\assertj\assertj-core\3.17.2\assertj-core-3.17.2.jar;C:\Users\lucas.armenio\.m2\repository\io\github\hakky54\logcaptor\2.3.1\logcaptor-2.3.1.jar;C:\Users\lucas.armenio\.m2\repository\ch\qos\logback\logback-classic\1.2.3\logback-classic-1.2.3.jar;C:\Users\lucas.armenio\.m2\repository\ch\qos\logback\logback-core\1.2.3\logback-core-1.2.3.jar;C:\Users\lucas.armenio\.m2\repository\org\slf4j\slf4j-api\1.7.25\slf4j-api-1.7.25.jar;C:\Users\lucas.armenio\.m2\repository\org\apache\logging\log4j\log4j-to-slf4j\2.14.0\log4j-to-slf4j-2.14.0.jar;C:\Users\lucas.armenio\.m2\repository\org\apache\logging\log4j\log4j-api\2.14.0\log4j-api-2.14.0.jar;C:\Users\lucas.armenio\.m2\repository\commons-io\commons-io\2.17.0\commons-io-2.17.0.jar;"/>
    <property name="sun.cpu.endian" value="little"/>
    <property name="user.home" value="C:\Users\lucas.armenio"/>
    <property name="user.language" value="en"/>
    <property name="java.specification.vendor" value="Oracle Corporation"/>
    <property name="java.version.date" value="2024-10-15"/>
    <property name="java.home" value="C:\Program Files\Java\jdk-21"/>
    <property name="file.separator" value="\"/>
    <property name="basedir" value="C:\Users\lucas.armenio\Documents\projetoJunit-main\projetoJunit\junit5-maven"/>
    <property name="java.vm.compressedOopsMode" value="Zero based"/>
    <property name="line.separator" value="&#10;"/>
    <property name="java.vm.specification.vendor" value="Oracle Corporation"/>
    <property name="java.specification.name" value="Java Platform API Specification"/>
    <property name="surefire.real.class.path" value="C:\Users\lucas.armenio\AppData\Local\Temp\surefire1514207403160723690\surefirebooter-20241114144115689_3.jar"/>
    <property name="user.script" value=""/>
    <property name="sun.management.compiler" value="HotSpot 64-Bit Tiered Compilers"/>
    <property name="java.runtime.version" value="21.0.5+9-LTS-239"/>
    <property name="user.name" value="lucas.armenio"/>
    <property name="stdout.encoding" value="Cp1252"/>
    <property name="path.separator" value=";"/>
    <property name="os.version" value="10.0"/>
    <property name="java.runtime.name" value="Java(TM) SE Runtime Environment"/>
    <property name="file.encoding" value="UTF-8"/>
    <property name="java.vm.name" value="Java HotSpot(TM) 64-Bit Server VM"/>
    <property name="localRepository" value="C:\Users\lucas.armenio\.m2\repository"/>
    <property name="java.vendor.url.bug" value="https://bugreport.java.com/bugreport/"/>
    <property name="java.io.tmpdir" value="C:\Users\LUCAS~1.ARM\AppData\Local\Temp\"/>
    <property name="java.version" value="21.0.5"/>
    <property name="user.dir" value="C:\Users\lucas.armenio\Documents\projetoJunit-main\projetoJunit\junit5-maven"/>
    <property name="os.arch" value="amd64"/>
    <property name="java.vm.specification.name" value="Java Virtual Machine Specification"/>
    <property name="sun.os.patch.level" value=""/>
    <property name="native.encoding" value="Cp1252"/>
    <property name="java.library.path" value="C:\Program Files\Java\jdk-21\bin;C:\Windows\Sun\Java\bin;C:\Windows\system32;C:\Windows;C:\Program Files\Common Files\Oracle\Java\javapath;C:\Program Files (x86)\Common Files\Oracle\Java\javapath;C:\Windows\system32;C:\Windows;C:\Windows\System32\Wbem;C:\Windows\System32\WindowsPowerShell\v1.0\;C:\Windows\System32\OpenSSH\;c:\bin;C:\Program Files\Java\jdk-21;C:\Program Files (x86)\Lua\5.1;C:\Program Files (x86)\Lua\5.1\clibs;C:\PHP\;C:\Program Files\Git\cmd;C:\Users\lucas.armenio\AppData\Roaming\Microsoft\Windows\Start Menu\Programs\python;C:\Program Files\apache-maven-3.9.9\bin;C:\Users\lucas.armenio\AppData\Local\Programs\Python\Python313\Scripts\;C:\Users\lucas.armenio\AppData\Local\Programs\Python\Python313\;C:\Users\lucas.armenio\AppData\Local\Programs\Python\Launcher\;C:\Users\lucas.armenio\AppData\Local\Microsoft\WindowsApps;C:\Users\lucas.armenio\AppData\Local\Programs\Microsoft VS Code\bin;."/>
    <property name="java.vm.info" value="mixed mode, sharing"/>
    <property name="stderr.encoding" value="Cp1252"/>
    <property name="java.vendor" value="Oracle Corporation"/>
    <property name="java.vm.version" value="21.0.5+9-LTS-239"/>
    <property name="sun.io.unicode.encoding" value="UnicodeLittle"/>
    <property name="java.class.version" value="65.0"/>
  </properties>
  <testcase name="testLoginInPage" classname="com.example.WebPageTest" time="11.538">
    <system-out><![CDATA[14:41:17.205 [main] INFO com.example.WebPageTest - ------------ Testing Purchase Process --------------
14:41:17.209 [main] INFO com.example.WebPageTest - ------------------Starting Test---------------------
14:41:17.442 [main] DEBUG io.netty.util.internal.logging.InternalLoggerFactory - Using SLF4J as the default logging framework
14:41:17.448 [main] DEBUG io.netty.util.ResourceLeakDetector - -Dio.netty.leakDetection.level: simple
14:41:17.448 [main] DEBUG io.netty.util.ResourceLeakDetector - -Dio.netty.leakDetection.targetRecords: 4
14:41:17.454 [main] DEBUG io.netty.util.ResourceLeakDetectorFactory - Loaded default ResourceLeakDetector: io.netty.util.ResourceLeakDetector@169bb4dd
14:41:17.479 [main] DEBUG io.netty.util.internal.PlatformDependent0 - -Dio.netty.noUnsafe: false
14:41:17.479 [main] DEBUG io.netty.util.internal.PlatformDependent0 - Java version: 21
14:41:17.482 [main] DEBUG io.netty.util.internal.PlatformDependent0 - sun.misc.Unsafe.theUnsafe: available
14:41:17.483 [main] DEBUG io.netty.util.internal.PlatformDependent0 - sun.misc.Unsafe.copyMemory: available
14:41:17.485 [main] DEBUG io.netty.util.internal.PlatformDependent0 - sun.misc.Unsafe.storeFence: available
14:41:17.486 [main] DEBUG io.netty.util.internal.PlatformDependent0 - java.nio.Buffer.address: available
14:41:17.487 [main] DEBUG io.netty.util.internal.PlatformDependent0 - direct buffer constructor: unavailable: java.nio.DirectByteBuffer.<init>(long,int)
14:41:17.488 [main] DEBUG io.netty.util.internal.PlatformDependent0 - java.nio.Bits.unaligned: available, true
14:41:17.490 [main] DEBUG io.netty.util.internal.PlatformDependent0 - jdk.internal.misc.Unsafe.allocateUninitializedArray(int): unavailable: class io.netty.util.internal.PlatformDependent0$7 cannot access class jdk.internal.misc.Unsafe (in module java.base) because module java.base does not export jdk.internal.misc to unnamed module @706a04ae
14:41:17.492 [main] DEBUG io.netty.util.internal.PlatformDependent0 - java.nio.DirectByteBuffer.<init>(long, int): unavailable
14:41:17.492 [main] DEBUG io.netty.util.internal.PlatformDependent - sun.misc.Unsafe: available
14:41:17.494 [main] DEBUG io.netty.util.internal.PlatformDependent - maxDirectMemory: 3210739712 bytes (maybe)
14:41:17.494 [main] DEBUG io.netty.util.internal.PlatformDependent - -Dio.netty.tmpdir: C:\Users\LUCAS~1.ARM\AppData\Local\Temp (java.io.tmpdir)
14:41:17.495 [main] DEBUG io.netty.util.internal.PlatformDependent - -Dio.netty.bitMode: 64 (sun.arch.data.model)
14:41:17.495 [main] DEBUG io.netty.util.internal.PlatformDependent - Platform: Windows
14:41:17.496 [main] DEBUG io.netty.util.internal.PlatformDependent - -Dio.netty.maxDirectMemory: -1 bytes
14:41:17.496 [main] DEBUG io.netty.util.internal.PlatformDependent - -Dio.netty.uninitializedArrayAllocationThreshold: -1
14:41:17.501 [main] DEBUG io.netty.util.internal.CleanerJava9 - java.nio.ByteBuffer.cleaner(): available
14:41:17.501 [main] DEBUG io.netty.util.internal.PlatformDependent - -Dio.netty.noPreferDirect: false
14:41:17.517 [main] DEBUG io.netty.util.internal.PlatformDependent - org.jctools-core.MpscChunkedArrayQueue: available
14:41:17.557 [main] DEBUG io.netty.util.internal.InternalThreadLocalMap - -Dio.netty.threadLocalMap.stringBuilder.initialSize: 1024
14:41:17.558 [main] DEBUG io.netty.util.internal.InternalThreadLocalMap - -Dio.netty.threadLocalMap.stringBuilder.maxSize: 4096
14:41:18.182 [main] DEBUG io.netty.handler.ssl.JdkSslContext - Default protocols (JDK): [TLSv1.3, TLSv1.2] 
14:41:18.182 [main] DEBUG io.netty.handler.ssl.JdkSslContext - Default cipher suites (JDK): [TLS_ECDHE_ECDSA_WITH_AES_256_GCM_SHA384, TLS_ECDHE_ECDSA_WITH_AES_128_GCM_SHA256, TLS_ECDHE_RSA_WITH_AES_128_GCM_SHA256, TLS_ECDHE_RSA_WITH_AES_256_GCM_SHA384, TLS_ECDHE_RSA_WITH_AES_128_CBC_SHA, TLS_ECDHE_RSA_WITH_AES_256_CBC_SHA, TLS_RSA_WITH_AES_128_GCM_SHA256, TLS_RSA_WITH_AES_128_CBC_SHA, TLS_RSA_WITH_AES_256_CBC_SHA, TLS_AES_128_GCM_SHA256, TLS_AES_256_GCM_SHA384]
14:41:18.254 [main] DEBUG io.netty.channel.MultithreadEventLoopGroup - -Dio.netty.eventLoopThreads: 8
14:41:18.275 [main] DEBUG io.netty.channel.nio.NioEventLoop - -Dio.netty.noKeySetOptimization: false
14:41:18.275 [main] DEBUG io.netty.channel.nio.NioEventLoop - -Dio.netty.selectorAutoRebuildThreshold: 512
14:41:18.358 [main] DEBUG io.netty.buffer.PooledByteBufAllocator - -Dio.netty.allocator.numHeapArenas: 8
14:41:18.358 [main] DEBUG io.netty.buffer.PooledByteBufAllocator - -Dio.netty.allocator.numDirectArenas: 8
14:41:18.358 [main] DEBUG io.netty.buffer.PooledByteBufAllocator - -Dio.netty.allocator.pageSize: 8192
14:41:18.358 [main] DEBUG io.netty.buffer.PooledByteBufAllocator - -Dio.netty.allocator.maxOrder: 9
14:41:18.359 [main] DEBUG io.netty.buffer.PooledByteBufAllocator - -Dio.netty.allocator.chunkSize: 4194304
14:41:18.359 [main] DEBUG io.netty.buffer.PooledByteBufAllocator - -Dio.netty.allocator.smallCacheSize: 256
14:41:18.359 [main] DEBUG io.netty.buffer.PooledByteBufAllocator - -Dio.netty.allocator.normalCacheSize: 64
14:41:18.359 [main] DEBUG io.netty.buffer.PooledByteBufAllocator - -Dio.netty.allocator.maxCachedBufferCapacity: 32768
14:41:18.359 [main] DEBUG io.netty.buffer.PooledByteBufAllocator - -Dio.netty.allocator.cacheTrimInterval: 8192
14:41:18.359 [main] DEBUG io.netty.buffer.PooledByteBufAllocator - -Dio.netty.allocator.cacheTrimIntervalMillis: 0
14:41:18.359 [main] DEBUG io.netty.buffer.PooledByteBufAllocator - -Dio.netty.allocator.useCacheForAllThreads: false
14:41:18.360 [main] DEBUG io.netty.buffer.PooledByteBufAllocator - -Dio.netty.allocator.maxCachedByteBuffersPerChunk: 1023
14:41:18.373 [main] DEBUG io.netty.buffer.ByteBufUtil - -Dio.netty.allocator.type: pooled
14:41:18.374 [main] DEBUG io.netty.buffer.ByteBufUtil - -Dio.netty.threadLocalDirectBufferSize: 0
14:41:18.374 [main] DEBUG io.netty.buffer.ByteBufUtil - -Dio.netty.maxThreadLocalCharBufferSize: 16384
14:41:19.357 [Forwarding newSession on session null to remote] DEBUG io.netty.channel.DefaultChannelId - -Dio.netty.processId: 8520 (auto-detected)
14:41:19.359 [Forwarding newSession on session null to remote] DEBUG io.netty.util.NetUtil - -Djava.net.preferIPv4Stack: false
14:41:19.360 [Forwarding newSession on session null to remote] DEBUG io.netty.util.NetUtil - -Djava.net.preferIPv6Addresses: false
14:41:19.363 [Forwarding newSession on session null to remote] DEBUG io.netty.util.NetUtilInitializations - Loopback interface: loopback_0 (Software Loopback Interface 1, 0:0:0:0:0:0:0:1)
14:41:19.364 [Forwarding newSession on session null to remote] DEBUG io.netty.util.NetUtil - Failed to get SOMAXCONN from sysctl and file \proc\sys\net\core\somaxconn. Default: 200
14:41:19.367 [Forwarding newSession on session null to remote] DEBUG io.netty.channel.DefaultChannelId - -Dio.netty.machineId: f0:4d:a2:ff:fe:e5:3a:46 (auto-detected)
14:41:19.429 [AsyncHttpClient-1-2] DEBUG io.netty.buffer.AbstractByteBuf - -Dio.netty.buffer.checkAccessible: true
14:41:19.430 [AsyncHttpClient-1-2] DEBUG io.netty.buffer.AbstractByteBuf - -Dio.netty.buffer.checkBounds: true
14:41:19.430 [AsyncHttpClient-1-2] DEBUG io.netty.util.ResourceLeakDetectorFactory - Loaded default ResourceLeakDetector: io.netty.util.ResourceLeakDetector@1c3677c5
14:41:19.453 [AsyncHttpClient-1-2] DEBUG org.asynchttpclient.netty.channel.NettyConnectListener - Using new Channel '[id: 0x81af7d55, L:/127.0.0.1:59035 - R:localhost/127.0.0.1:53550]' for 'POST' to '/session'
14:41:19.496 [AsyncHttpClient-1-2] DEBUG io.netty.util.Recycler - -Dio.netty.recycler.maxCapacityPerThread: 4096
14:41:19.496 [AsyncHttpClient-1-2] DEBUG io.netty.util.Recycler - -Dio.netty.recycler.ratio: 8
14:41:19.496 [AsyncHttpClient-1-2] DEBUG io.netty.util.Recycler - -Dio.netty.recycler.chunkSize: 32
14:41:19.498 [AsyncHttpClient-1-2] DEBUG io.netty.util.Recycler - -Dio.netty.recycler.blocking: false
14:41:20.832 [AsyncHttpClient-1-2] DEBUG io.netty.handler.codec.compression.Brotli - brotli4j not in the classpath; Brotli support will be unavailable.
14:41:20.833 [AsyncHttpClient-1-2] DEBUG org.asynchttpclient.netty.handler.HttpHandler - 

Request DefaultHttpRequest(decodeResult: success, version: HTTP/1.1)
POST /session HTTP/1.1
User-Agent: selenium/4.5.0 (java windows)
Content-Length: 703
Content-Type: application/json; charset=utf-8
host: localhost:53550
accept: */*

Response DefaultHttpResponse(decodeResult: success, version: HTTP/1.1)
HTTP/1.1 200 OK
Content-Type: application/json; charset=utf-8
cache-control: no-cache
content-length: 887

14:41:20.841 [AsyncHttpClient-1-2] DEBUG org.asynchttpclient.netty.channel.ChannelManager - Adding key: http://localhost:53550 for channel [id: 0x81af7d55, L:/127.0.0.1:59035 - R:localhost/127.0.0.1:53550]
14:41:21.149 [AsyncHttpClient-1-3] DEBUG org.asynchttpclient.netty.channel.NettyConnectListener - Using new Channel '[id: 0x0f45bd73, L:/127.0.0.1:59044 - R:localhost/127.0.0.1:9222]' for 'GET' to '/json/version'
14:41:21.154 [AsyncHttpClient-1-3] DEBUG org.asynchttpclient.netty.handler.HttpHandler - 

Request DefaultFullHttpRequest(decodeResult: success, version: HTTP/1.1, content: EmptyByteBufBE)
GET /json/version HTTP/1.1
User-Agent: selenium/4.5.0 (java windows)
host: localhost:9222
accept: */*

Response DefaultHttpResponse(decodeResult: success, version: HTTP/1.1)
HTTP/1.1 200 OK
Content-Security-Policy: frame-ancestors 'none'
Content-Type: application/json; charset=UTF-8
content-length: 421

14:41:21.155 [AsyncHttpClient-1-3] DEBUG org.asynchttpclient.netty.channel.ChannelManager - Adding key: http://localhost:9222 for channel [id: 0x0f45bd73, L:/127.0.0.1:59044 - R:localhost/127.0.0.1:9222]
14:41:21.194 [main] DEBUG io.netty.util.internal.ThreadLocalRandom - -Dio.netty.initialSeedUniquifier: 0x22062187cf9b7ff4
14:41:21.250 [AsyncHttpClient-1-4] DEBUG org.asynchttpclient.netty.channel.NettyConnectListener - Using new Channel '[id: 0x0e27164f, L:/127.0.0.1:59045 - R:localhost/127.0.0.1:9222]' for 'GET' to '/devtools/browser/44f5dcbf-2ac4-4db0-a24a-55518703b91f'
14:41:21.254 [AsyncHttpClient-1-4] DEBUG org.asynchttpclient.netty.handler.WebSocketHandler - 

Request DefaultFullHttpRequest(decodeResult: success, version: HTTP/1.1, content: EmptyByteBufBE)
GET /devtools/browser/44f5dcbf-2ac4-4db0-a24a-55518703b91f HTTP/1.1
upgrade: websocket
connection: upgrade
sec-websocket-key: QXNDYNkarD2UrwFcqZStAQ==
sec-websocket-version: 13
origin: http://localhost:9222
host: localhost:9222
accept: */*
user-agent: AHC/2.1

Response DefaultHttpResponse(decodeResult: success, version: HTTP/1.1)
HTTP/1.1 101 WebSocket Protocol Handshake
Upgrade: WebSocket
Connection: Upgrade
Sec-WebSocket-Accept: t9O+135C/GCHOg5qc8NY5g36iA0=

14:41:21.336 [Forwarding get on session 7a6f17a82db492013e0b71c425513642 to remote] DEBUG org.asynchttpclient.netty.request.NettyRequestSender - Using pooled Channel '[id: 0x81af7d55, L:/127.0.0.1:59035 - R:localhost/127.0.0.1:53550]' for 'POST' to 'http://localhost:53550/session/7a6f17a82db492013e0b71c425513642/url'
14:41:21.336 [Forwarding get on session 7a6f17a82db492013e0b71c425513642 to remote] DEBUG org.asynchttpclient.netty.request.NettyRequestSender - Using open Channel [id: 0x81af7d55, L:/127.0.0.1:59035 - R:localhost/127.0.0.1:53550] for POST '/session/7a6f17a82db492013e0b71c425513642/url'
14:41:21.443 [AsyncHttpClient-1-1] DEBUG org.asynchttpclient.netty.channel.DefaultChannelPool - Entry count for : http://localhost:9222 : 1
14:41:22.532 [AsyncHttpClient-1-1] DEBUG org.asynchttpclient.netty.channel.DefaultChannelPool - Entry count for : http://localhost:9222 : 1
14:41:23.630 [AsyncHttpClient-1-1] DEBUG org.asynchttpclient.netty.channel.DefaultChannelPool - Entry count for : http://localhost:9222 : 1
14:41:24.731 [AsyncHttpClient-1-1] DEBUG org.asynchttpclient.netty.channel.DefaultChannelPool - Entry count for : http://localhost:9222 : 1
14:41:25.835 [AsyncHttpClient-1-1] DEBUG org.asynchttpclient.netty.channel.DefaultChannelPool - Entry count for : http://localhost:9222 : 1
14:41:25.855 [AsyncHttpClient-1-2] DEBUG org.asynchttpclient.netty.handler.HttpHandler - 

Request DefaultHttpRequest(decodeResult: success, version: HTTP/1.1)
POST /session/7a6f17a82db492013e0b71c425513642/url HTTP/1.1
User-Agent: selenium/4.5.0 (java windows)
Content-Length: 56
Content-Type: application/json; charset=utf-8
host: localhost:53550
accept: */*

Response DefaultHttpResponse(decodeResult: success, version: HTTP/1.1)
HTTP/1.1 200 OK
Content-Type: application/json; charset=utf-8
cache-control: no-cache
content-length: 14

14:41:25.857 [AsyncHttpClient-1-2] DEBUG org.asynchttpclient.netty.channel.ChannelManager - Adding key: http://localhost:53550 for channel [id: 0x81af7d55, L:/127.0.0.1:59035 - R:localhost/127.0.0.1:53550]
14:41:25.866 [Forwarding getTitle on session 7a6f17a82db492013e0b71c425513642 to remote] DEBUG org.asynchttpclient.netty.request.NettyRequestSender - Using pooled Channel '[id: 0x81af7d55, L:/127.0.0.1:59035 - R:localhost/127.0.0.1:53550]' for 'GET' to 'http://localhost:53550/session/7a6f17a82db492013e0b71c425513642/title'
14:41:25.867 [Forwarding getTitle on session 7a6f17a82db492013e0b71c425513642 to remote] DEBUG org.asynchttpclient.netty.request.NettyRequestSender - Using open Channel [id: 0x81af7d55, L:/127.0.0.1:59035 - R:localhost/127.0.0.1:53550] for GET '/session/7a6f17a82db492013e0b71c425513642/title'
14:41:25.878 [AsyncHttpClient-1-2] DEBUG org.asynchttpclient.netty.handler.HttpHandler - 

Request DefaultFullHttpRequest(decodeResult: success, version: HTTP/1.1, content: EmptyByteBufBE)
GET /session/7a6f17a82db492013e0b71c425513642/title HTTP/1.1
User-Agent: selenium/4.5.0 (java windows)
Cache-Control: no-cache
Content-Type: application/json; charset=utf-8
host: localhost:53550
accept: */*

Response DefaultHttpResponse(decodeResult: success, version: HTTP/1.1)
HTTP/1.1 200 OK
Content-Type: application/json; charset=utf-8
cache-control: no-cache
content-length: 21

14:41:25.879 [AsyncHttpClient-1-2] DEBUG org.asynchttpclient.netty.channel.ChannelManager - Adding key: http://localhost:53550 for channel [id: 0x81af7d55, L:/127.0.0.1:59035 - R:localhost/127.0.0.1:53550]
14:41:25.881 [main] INFO com.example.WebPageTest - Swag Labs
14:41:25.881 [main] INFO com.example.WebPageTest - --------------------------Starting Login Process---------------------------
14:41:25.886 [main] INFO com.example.WebPageTest - =========> Username: standard_user <============
14:41:25.886 [main] INFO com.example.WebPageTest - =========> Password: secret_sauce <============
14:41:25.888 [Forwarding findElement on session 7a6f17a82db492013e0b71c425513642 to remote] DEBUG org.asynchttpclient.netty.request.NettyRequestSender - Using pooled Channel '[id: 0x81af7d55, L:/127.0.0.1:59035 - R:localhost/127.0.0.1:53550]' for 'POST' to 'http://localhost:53550/session/7a6f17a82db492013e0b71c425513642/element'
14:41:25.888 [Forwarding findElement on session 7a6f17a82db492013e0b71c425513642 to remote] DEBUG org.asynchttpclient.netty.request.NettyRequestSender - Using open Channel [id: 0x81af7d55, L:/127.0.0.1:59035 - R:localhost/127.0.0.1:53550] for POST '/session/7a6f17a82db492013e0b71c425513642/element'
14:41:25.903 [AsyncHttpClient-1-2] DEBUG org.asynchttpclient.netty.handler.HttpHandler - 

Request DefaultHttpRequest(decodeResult: success, version: HTTP/1.1)
POST /session/7a6f17a82db492013e0b71c425513642/element HTTP/1.1
User-Agent: selenium/4.5.0 (java windows)
Content-Length: 56
Content-Type: application/json; charset=utf-8
host: localhost:53550
accept: */*

Response DefaultHttpResponse(decodeResult: success, version: HTTP/1.1)
HTTP/1.1 200 OK
Content-Type: application/json; charset=utf-8
cache-control: no-cache
content-length: 125

14:41:25.904 [AsyncHttpClient-1-2] DEBUG org.asynchttpclient.netty.channel.ChannelManager - Adding key: http://localhost:53550 for channel [id: 0x81af7d55, L:/127.0.0.1:59035 - R:localhost/127.0.0.1:53550]
14:41:25.912 [Forwarding sendKeysToElement on session 7a6f17a82db492013e0b71c425513642 to remote] DEBUG org.asynchttpclient.netty.request.NettyRequestSender - Using pooled Channel '[id: 0x81af7d55, L:/127.0.0.1:59035 - R:localhost/127.0.0.1:53550]' for 'POST' to 'http://localhost:53550/session/7a6f17a82db492013e0b71c425513642/element/f.A36923C785C34B406A7EB1FACFF229EF.d.3D26DFCB9700718E80792BE5B6928AD7.e.2/value'
14:41:25.914 [Forwarding sendKeysToElement on session 7a6f17a82db492013e0b71c425513642 to remote] DEBUG org.asynchttpclient.netty.request.NettyRequestSender - Using open Channel [id: 0x81af7d55, L:/127.0.0.1:59035 - R:localhost/127.0.0.1:53550] for POST '/session/7a6f17a82db492013e0b71c425513642/element/f.A36923C785C34B406A7EB1FACFF229EF.d.3D26DFCB9700718E80792BE5B6928AD7.e.2/value'
14:41:26.069 [AsyncHttpClient-1-2] DEBUG org.asynchttpclient.netty.handler.HttpHandler - 

Request DefaultHttpRequest(decodeResult: success, version: HTTP/1.1)
POST /session/7a6f17a82db492013e0b71c425513642/element/f.A36923C785C34B406A7EB1FACFF229EF.d.3D26DFCB9700718E80792BE5B6928AD7.e.2/value HTTP/1.1
User-Agent: selenium/4.5.0 (java windows)
Content-Length: 248
Content-Type: application/json; charset=utf-8
host: localhost:53550
accept: */*

Response DefaultHttpResponse(decodeResult: success, version: HTTP/1.1)
HTTP/1.1 200 OK
Content-Type: application/json; charset=utf-8
cache-control: no-cache
content-length: 14

14:41:26.069 [AsyncHttpClient-1-2] DEBUG org.asynchttpclient.netty.channel.ChannelManager - Adding key: http://localhost:53550 for channel [id: 0x81af7d55, L:/127.0.0.1:59035 - R:localhost/127.0.0.1:53550]
14:41:26.071 [Forwarding findElement on session 7a6f17a82db492013e0b71c425513642 to remote] DEBUG org.asynchttpclient.netty.request.NettyRequestSender - Using pooled Channel '[id: 0x81af7d55, L:/127.0.0.1:59035 - R:localhost/127.0.0.1:53550]' for 'POST' to 'http://localhost:53550/session/7a6f17a82db492013e0b71c425513642/element'
14:41:26.072 [Forwarding findElement on session 7a6f17a82db492013e0b71c425513642 to remote] DEBUG org.asynchttpclient.netty.request.NettyRequestSender - Using open Channel [id: 0x81af7d55, L:/127.0.0.1:59035 - R:localhost/127.0.0.1:53550] for POST '/session/7a6f17a82db492013e0b71c425513642/element'
14:41:26.088 [AsyncHttpClient-1-2] DEBUG org.asynchttpclient.netty.handler.HttpHandler - 

Request DefaultHttpRequest(decodeResult: success, version: HTTP/1.1)
POST /session/7a6f17a82db492013e0b71c425513642/element HTTP/1.1
User-Agent: selenium/4.5.0 (java windows)
Content-Length: 53
Content-Type: application/json; charset=utf-8
host: localhost:53550
accept: */*

Response DefaultHttpResponse(decodeResult: success, version: HTTP/1.1)
HTTP/1.1 200 OK
Content-Type: application/json; charset=utf-8
cache-control: no-cache
content-length: 125

14:41:26.088 [AsyncHttpClient-1-2] DEBUG org.asynchttpclient.netty.channel.ChannelManager - Adding key: http://localhost:53550 for channel [id: 0x81af7d55, L:/127.0.0.1:59035 - R:localhost/127.0.0.1:53550]
14:41:26.092 [Forwarding sendKeysToElement on session 7a6f17a82db492013e0b71c425513642 to remote] DEBUG org.asynchttpclient.netty.request.NettyRequestSender - Using pooled Channel '[id: 0x81af7d55, L:/127.0.0.1:59035 - R:localhost/127.0.0.1:53550]' for 'POST' to 'http://localhost:53550/session/7a6f17a82db492013e0b71c425513642/element/f.A36923C785C34B406A7EB1FACFF229EF.d.3D26DFCB9700718E80792BE5B6928AD7.e.4/value'
14:41:26.092 [Forwarding sendKeysToElement on session 7a6f17a82db492013e0b71c425513642 to remote] DEBUG org.asynchttpclient.netty.request.NettyRequestSender - Using open Channel [id: 0x81af7d55, L:/127.0.0.1:59035 - R:localhost/127.0.0.1:53550] for POST '/session/7a6f17a82db492013e0b71c425513642/element/f.A36923C785C34B406A7EB1FACFF229EF.d.3D26DFCB9700718E80792BE5B6928AD7.e.4/value'
14:41:26.174 [AsyncHttpClient-1-2] DEBUG org.asynchttpclient.netty.handler.HttpHandler - 

Request DefaultHttpRequest(decodeResult: success, version: HTTP/1.1)
POST /session/7a6f17a82db492013e0b71c425513642/element/f.A36923C785C34B406A7EB1FACFF229EF.d.3D26DFCB9700718E80792BE5B6928AD7.e.4/value HTTP/1.1
User-Agent: selenium/4.5.0 (java windows)
Content-Length: 238
Content-Type: application/json; charset=utf-8
host: localhost:53550
accept: */*

Response DefaultHttpResponse(decodeResult: success, version: HTTP/1.1)
HTTP/1.1 200 OK
Content-Type: application/json; charset=utf-8
cache-control: no-cache
content-length: 14

14:41:26.174 [AsyncHttpClient-1-2] DEBUG org.asynchttpclient.netty.channel.ChannelManager - Adding key: http://localhost:53550 for channel [id: 0x81af7d55, L:/127.0.0.1:59035 - R:localhost/127.0.0.1:53550]
14:41:26.177 [Forwarding findElement on session 7a6f17a82db492013e0b71c425513642 to remote] DEBUG org.asynchttpclient.netty.request.NettyRequestSender - Using pooled Channel '[id: 0x81af7d55, L:/127.0.0.1:59035 - R:localhost/127.0.0.1:53550]' for 'POST' to 'http://localhost:53550/session/7a6f17a82db492013e0b71c425513642/element'
14:41:26.177 [Forwarding findElement on session 7a6f17a82db492013e0b71c425513642 to remote] DEBUG org.asynchttpclient.netty.request.NettyRequestSender - Using open Channel [id: 0x81af7d55, L:/127.0.0.1:59035 - R:localhost/127.0.0.1:53550] for POST '/session/7a6f17a82db492013e0b71c425513642/element'
14:41:26.193 [AsyncHttpClient-1-2] DEBUG org.asynchttpclient.netty.handler.HttpHandler - 

Request DefaultHttpRequest(decodeResult: success, version: HTTP/1.1)
POST /session/7a6f17a82db492013e0b71c425513642/element HTTP/1.1
User-Agent: selenium/4.5.0 (java windows)
Content-Length: 59
Content-Type: application/json; charset=utf-8
host: localhost:53550
accept: */*

Response DefaultHttpResponse(decodeResult: success, version: HTTP/1.1)
HTTP/1.1 200 OK
Content-Type: application/json; charset=utf-8
cache-control: no-cache
content-length: 125

14:41:26.193 [AsyncHttpClient-1-2] DEBUG org.asynchttpclient.netty.channel.ChannelManager - Adding key: http://localhost:53550 for channel [id: 0x81af7d55, L:/127.0.0.1:59035 - R:localhost/127.0.0.1:53550]
14:41:26.197 [Forwarding clickElement on session 7a6f17a82db492013e0b71c425513642 to remote] DEBUG org.asynchttpclient.netty.request.NettyRequestSender - Using pooled Channel '[id: 0x81af7d55, L:/127.0.0.1:59035 - R:localhost/127.0.0.1:53550]' for 'POST' to 'http://localhost:53550/session/7a6f17a82db492013e0b71c425513642/element/f.A36923C785C34B406A7EB1FACFF229EF.d.3D26DFCB9700718E80792BE5B6928AD7.e.5/click'
14:41:26.198 [Forwarding clickElement on session 7a6f17a82db492013e0b71c425513642 to remote] DEBUG org.asynchttpclient.netty.request.NettyRequestSender - Using open Channel [id: 0x81af7d55, L:/127.0.0.1:59035 - R:localhost/127.0.0.1:53550] for POST '/session/7a6f17a82db492013e0b71c425513642/element/f.A36923C785C34B406A7EB1FACFF229EF.d.3D26DFCB9700718E80792BE5B6928AD7.e.5/click'
14:41:26.352 [AsyncHttpClient-1-2] DEBUG org.asynchttpclient.netty.handler.HttpHandler - 

Request DefaultHttpRequest(decodeResult: success, version: HTTP/1.1)
POST /session/7a6f17a82db492013e0b71c425513642/element/f.A36923C785C34B406A7EB1FACFF229EF.d.3D26DFCB9700718E80792BE5B6928AD7.e.5/click HTTP/1.1
User-Agent: selenium/4.5.0 (java windows)
Content-Length: 87
Content-Type: application/json; charset=utf-8
host: localhost:53550
accept: */*

Response DefaultHttpResponse(decodeResult: success, version: HTTP/1.1)
HTTP/1.1 200 OK
Content-Type: application/json; charset=utf-8
cache-control: no-cache
content-length: 14

14:41:26.352 [AsyncHttpClient-1-2] DEBUG org.asynchttpclient.netty.channel.ChannelManager - Adding key: http://localhost:53550 for channel [id: 0x81af7d55, L:/127.0.0.1:59035 - R:localhost/127.0.0.1:53550]
14:41:26.355 [Forwarding findElements on session 7a6f17a82db492013e0b71c425513642 to remote] DEBUG org.asynchttpclient.netty.request.NettyRequestSender - Using pooled Channel '[id: 0x81af7d55, L:/127.0.0.1:59035 - R:localhost/127.0.0.1:53550]' for 'POST' to 'http://localhost:53550/session/7a6f17a82db492013e0b71c425513642/elements'
14:41:26.355 [Forwarding findElements on session 7a6f17a82db492013e0b71c425513642 to remote] DEBUG org.asynchttpclient.netty.request.NettyRequestSender - Using open Channel [id: 0x81af7d55, L:/127.0.0.1:59035 - R:localhost/127.0.0.1:53550] for POST '/session/7a6f17a82db492013e0b71c425513642/elements'
14:41:26.370 [AsyncHttpClient-1-2] DEBUG org.asynchttpclient.netty.handler.HttpHandler - 

Request DefaultHttpRequest(decodeResult: success, version: HTTP/1.1)
POST /session/7a6f17a82db492013e0b71c425513642/elements HTTP/1.1
User-Agent: selenium/4.5.0 (java windows)
Content-Length: 72
Content-Type: application/json; charset=utf-8
host: localhost:53550
accept: */*

Response DefaultHttpResponse(decodeResult: success, version: HTTP/1.1)
HTTP/1.1 200 OK
Content-Type: application/json; charset=utf-8
cache-control: no-cache
content-length: 128

14:41:26.371 [AsyncHttpClient-1-2] DEBUG org.asynchttpclient.netty.channel.ChannelManager - Adding key: http://localhost:53550 for channel [id: 0x81af7d55, L:/127.0.0.1:59035 - R:localhost/127.0.0.1:53550]
14:41:26.380 [main] INFO com.example.WebPageTest - User: standard_useris loging correctly.
14:41:26.386 [Forwarding findElement on session 7a6f17a82db492013e0b71c425513642 to remote] DEBUG org.asynchttpclient.netty.request.NettyRequestSender - Using pooled Channel '[id: 0x81af7d55, L:/127.0.0.1:59035 - R:localhost/127.0.0.1:53550]' for 'POST' to 'http://localhost:53550/session/7a6f17a82db492013e0b71c425513642/element'
14:41:26.386 [Forwarding findElement on session 7a6f17a82db492013e0b71c425513642 to remote] DEBUG org.asynchttpclient.netty.request.NettyRequestSender - Using open Channel [id: 0x81af7d55, L:/127.0.0.1:59035 - R:localhost/127.0.0.1:53550] for POST '/session/7a6f17a82db492013e0b71c425513642/element'
14:41:26.405 [AsyncHttpClient-1-2] DEBUG org.asynchttpclient.netty.handler.HttpHandler - 

Request DefaultHttpRequest(decodeResult: success, version: HTTP/1.1)
POST /session/7a6f17a82db492013e0b71c425513642/element HTTP/1.1
User-Agent: selenium/4.5.0 (java windows)
Content-Length: 86
Content-Type: application/json; charset=utf-8
host: localhost:53550
accept: */*

Response DefaultHttpResponse(decodeResult: success, version: HTTP/1.1)
HTTP/1.1 200 OK
Content-Type: application/json; charset=utf-8
cache-control: no-cache
content-length: 126

14:41:26.405 [AsyncHttpClient-1-2] DEBUG org.asynchttpclient.netty.channel.ChannelManager - Adding key: http://localhost:53550 for channel [id: 0x81af7d55, L:/127.0.0.1:59035 - R:localhost/127.0.0.1:53550]
14:41:26.409 [Forwarding clickElement on session 7a6f17a82db492013e0b71c425513642 to remote] DEBUG org.asynchttpclient.netty.request.NettyRequestSender - Using pooled Channel '[id: 0x81af7d55, L:/127.0.0.1:59035 - R:localhost/127.0.0.1:53550]' for 'POST' to 'http://localhost:53550/session/7a6f17a82db492013e0b71c425513642/element/f.A36923C785C34B406A7EB1FACFF229EF.d.3D26DFCB9700718E80792BE5B6928AD7.e.18/click'
14:41:26.409 [Forwarding clickElement on session 7a6f17a82db492013e0b71c425513642 to remote] DEBUG org.asynchttpclient.netty.request.NettyRequestSender - Using open Channel [id: 0x81af7d55, L:/127.0.0.1:59035 - R:localhost/127.0.0.1:53550] for POST '/session/7a6f17a82db492013e0b71c425513642/element/f.A36923C785C34B406A7EB1FACFF229EF.d.3D26DFCB9700718E80792BE5B6928AD7.e.18/click'
14:41:26.483 [AsyncHttpClient-1-2] DEBUG org.asynchttpclient.netty.handler.HttpHandler - 

Request DefaultHttpRequest(decodeResult: success, version: HTTP/1.1)
POST /session/7a6f17a82db492013e0b71c425513642/element/f.A36923C785C34B406A7EB1FACFF229EF.d.3D26DFCB9700718E80792BE5B6928AD7.e.18/click HTTP/1.1
User-Agent: selenium/4.5.0 (java windows)
Content-Length: 88
Content-Type: application/json; charset=utf-8
host: localhost:53550
accept: */*

Response DefaultHttpResponse(decodeResult: success, version: HTTP/1.1)
HTTP/1.1 200 OK
Content-Type: application/json; charset=utf-8
cache-control: no-cache
content-length: 14

14:41:26.484 [AsyncHttpClient-1-2] DEBUG org.asynchttpclient.netty.channel.ChannelManager - Adding key: http://localhost:53550 for channel [id: 0x81af7d55, L:/127.0.0.1:59035 - R:localhost/127.0.0.1:53550]
14:41:26.486 [Forwarding findElement on session 7a6f17a82db492013e0b71c425513642 to remote] DEBUG org.asynchttpclient.netty.request.NettyRequestSender - Using pooled Channel '[id: 0x81af7d55, L:/127.0.0.1:59035 - R:localhost/127.0.0.1:53550]' for 'POST' to 'http://localhost:53550/session/7a6f17a82db492013e0b71c425513642/element'
14:41:26.487 [Forwarding findElement on session 7a6f17a82db492013e0b71c425513642 to remote] DEBUG org.asynchttpclient.netty.request.NettyRequestSender - Using open Channel [id: 0x81af7d55, L:/127.0.0.1:59035 - R:localhost/127.0.0.1:53550] for POST '/session/7a6f17a82db492013e0b71c425513642/element'
14:41:26.627 [AsyncHttpClient-1-2] DEBUG org.asynchttpclient.netty.handler.HttpHandler - 

Request DefaultHttpRequest(decodeResult: success, version: HTTP/1.1)
POST /session/7a6f17a82db492013e0b71c425513642/element HTTP/1.1
User-Agent: selenium/4.5.0 (java windows)
Content-Length: 90
Content-Type: application/json; charset=utf-8
host: localhost:53550
accept: */*

Response DefaultHttpResponse(decodeResult: success, version: HTTP/1.1)
HTTP/1.1 200 OK
Content-Type: application/json; charset=utf-8
cache-control: no-cache
content-length: 126

14:41:26.627 [AsyncHttpClient-1-2] DEBUG org.asynchttpclient.netty.channel.ChannelManager - Adding key: http://localhost:53550 for channel [id: 0x81af7d55, L:/127.0.0.1:59035 - R:localhost/127.0.0.1:53550]
14:41:26.631 [Forwarding clickElement on session 7a6f17a82db492013e0b71c425513642 to remote] DEBUG org.asynchttpclient.netty.request.NettyRequestSender - Using pooled Channel '[id: 0x81af7d55, L:/127.0.0.1:59035 - R:localhost/127.0.0.1:53550]' for 'POST' to 'http://localhost:53550/session/7a6f17a82db492013e0b71c425513642/element/f.A36923C785C34B406A7EB1FACFF229EF.d.3D26DFCB9700718E80792BE5B6928AD7.e.19/click'
14:41:26.631 [Forwarding clickElement on session 7a6f17a82db492013e0b71c425513642 to remote] DEBUG org.asynchttpclient.netty.request.NettyRequestSender - Using open Channel [id: 0x81af7d55, L:/127.0.0.1:59035 - R:localhost/127.0.0.1:53550] for POST '/session/7a6f17a82db492013e0b71c425513642/element/f.A36923C785C34B406A7EB1FACFF229EF.d.3D26DFCB9700718E80792BE5B6928AD7.e.19/click'
14:41:26.702 [AsyncHttpClient-1-2] DEBUG org.asynchttpclient.netty.handler.HttpHandler - 

Request DefaultHttpRequest(decodeResult: success, version: HTTP/1.1)
POST /session/7a6f17a82db492013e0b71c425513642/element/f.A36923C785C34B406A7EB1FACFF229EF.d.3D26DFCB9700718E80792BE5B6928AD7.e.19/click HTTP/1.1
User-Agent: selenium/4.5.0 (java windows)
Content-Length: 88
Content-Type: application/json; charset=utf-8
host: localhost:53550
accept: */*

Response DefaultHttpResponse(decodeResult: success, version: HTTP/1.1)
HTTP/1.1 200 OK
Content-Type: application/json; charset=utf-8
cache-control: no-cache
content-length: 14

14:41:26.702 [AsyncHttpClient-1-2] DEBUG org.asynchttpclient.netty.channel.ChannelManager - Adding key: http://localhost:53550 for channel [id: 0x81af7d55, L:/127.0.0.1:59035 - R:localhost/127.0.0.1:53550]
14:41:26.704 [Forwarding get on session 7a6f17a82db492013e0b71c425513642 to remote] DEBUG org.asynchttpclient.netty.request.NettyRequestSender - Using pooled Channel '[id: 0x81af7d55, L:/127.0.0.1:59035 - R:localhost/127.0.0.1:53550]' for 'POST' to 'http://localhost:53550/session/7a6f17a82db492013e0b71c425513642/url'
14:41:26.704 [Forwarding get on session 7a6f17a82db492013e0b71c425513642 to remote] DEBUG org.asynchttpclient.netty.request.NettyRequestSender - Using open Channel [id: 0x81af7d55, L:/127.0.0.1:59035 - R:localhost/127.0.0.1:53550] for POST '/session/7a6f17a82db492013e0b71c425513642/url'
14:41:26.936 [AsyncHttpClient-1-1] DEBUG org.asynchttpclient.netty.channel.DefaultChannelPool - Entry count for : http://localhost:9222 : 1
14:41:27.404 [AsyncHttpClient-1-2] DEBUG org.asynchttpclient.netty.handler.HttpHandler - 

Request DefaultHttpRequest(decodeResult: success, version: HTTP/1.1)
POST /session/7a6f17a82db492013e0b71c425513642/url HTTP/1.1
User-Agent: selenium/4.5.0 (java windows)
Content-Length: 65
Content-Type: application/json; charset=utf-8
host: localhost:53550
accept: */*

Response DefaultHttpResponse(decodeResult: success, version: HTTP/1.1)
HTTP/1.1 200 OK
Content-Type: application/json; charset=utf-8
cache-control: no-cache
content-length: 14

14:41:27.405 [AsyncHttpClient-1-2] DEBUG org.asynchttpclient.netty.channel.ChannelManager - Adding key: http://localhost:53550 for channel [id: 0x81af7d55, L:/127.0.0.1:59035 - R:localhost/127.0.0.1:53550]
14:41:27.408 [Forwarding findElement on session 7a6f17a82db492013e0b71c425513642 to remote] DEBUG org.asynchttpclient.netty.request.NettyRequestSender - Using pooled Channel '[id: 0x81af7d55, L:/127.0.0.1:59035 - R:localhost/127.0.0.1:53550]' for 'POST' to 'http://localhost:53550/session/7a6f17a82db492013e0b71c425513642/element'
14:41:27.408 [Forwarding findElement on session 7a6f17a82db492013e0b71c425513642 to remote] DEBUG org.asynchttpclient.netty.request.NettyRequestSender - Using open Channel [id: 0x81af7d55, L:/127.0.0.1:59035 - R:localhost/127.0.0.1:53550] for POST '/session/7a6f17a82db492013e0b71c425513642/element'
14:41:27.429 [AsyncHttpClient-1-2] DEBUG org.asynchttpclient.netty.handler.HttpHandler - 

Request DefaultHttpRequest(decodeResult: success, version: HTTP/1.1)
POST /session/7a6f17a82db492013e0b71c425513642/element HTTP/1.1
User-Agent: selenium/4.5.0 (java windows)
Content-Length: 81
Content-Type: application/json; charset=utf-8
host: localhost:53550
accept: */*

Response DefaultHttpResponse(decodeResult: success, version: HTTP/1.1)
HTTP/1.1 200 OK
Content-Type: application/json; charset=utf-8
cache-control: no-cache
content-length: 126

14:41:27.430 [AsyncHttpClient-1-2] DEBUG org.asynchttpclient.netty.channel.ChannelManager - Adding key: http://localhost:53550 for channel [id: 0x81af7d55, L:/127.0.0.1:59035 - R:localhost/127.0.0.1:53550]
14:41:27.435 [Forwarding clickElement on session 7a6f17a82db492013e0b71c425513642 to remote] DEBUG org.asynchttpclient.netty.request.NettyRequestSender - Using pooled Channel '[id: 0x81af7d55, L:/127.0.0.1:59035 - R:localhost/127.0.0.1:53550]' for 'POST' to 'http://localhost:53550/session/7a6f17a82db492013e0b71c425513642/element/f.A36923C785C34B406A7EB1FACFF229EF.d.66610ADEF437DC3FD0342AFA941DA238.e.42/click'
14:41:27.435 [Forwarding clickElement on session 7a6f17a82db492013e0b71c425513642 to remote] DEBUG org.asynchttpclient.netty.request.NettyRequestSender - Using open Channel [id: 0x81af7d55, L:/127.0.0.1:59035 - R:localhost/127.0.0.1:53550] for POST '/session/7a6f17a82db492013e0b71c425513642/element/f.A36923C785C34B406A7EB1FACFF229EF.d.66610ADEF437DC3FD0342AFA941DA238.e.42/click'
14:41:27.508 [AsyncHttpClient-1-2] DEBUG org.asynchttpclient.netty.handler.HttpHandler - 

Request DefaultHttpRequest(decodeResult: success, version: HTTP/1.1)
POST /session/7a6f17a82db492013e0b71c425513642/element/f.A36923C785C34B406A7EB1FACFF229EF.d.66610ADEF437DC3FD0342AFA941DA238.e.42/click HTTP/1.1
User-Agent: selenium/4.5.0 (java windows)
Content-Length: 88
Content-Type: application/json; charset=utf-8
host: localhost:53550
accept: */*

Response DefaultHttpResponse(decodeResult: success, version: HTTP/1.1)
HTTP/1.1 200 OK
Content-Type: application/json; charset=utf-8
cache-control: no-cache
content-length: 14

14:41:27.509 [AsyncHttpClient-1-2] DEBUG org.asynchttpclient.netty.channel.ChannelManager - Adding key: http://localhost:53550 for channel [id: 0x81af7d55, L:/127.0.0.1:59035 - R:localhost/127.0.0.1:53550]
14:41:27.511 [Forwarding findElement on session 7a6f17a82db492013e0b71c425513642 to remote] DEBUG org.asynchttpclient.netty.request.NettyRequestSender - Using pooled Channel '[id: 0x81af7d55, L:/127.0.0.1:59035 - R:localhost/127.0.0.1:53550]' for 'POST' to 'http://localhost:53550/session/7a6f17a82db492013e0b71c425513642/element'
14:41:27.511 [Forwarding findElement on session 7a6f17a82db492013e0b71c425513642 to remote] DEBUG org.asynchttpclient.netty.request.NettyRequestSender - Using open Channel [id: 0x81af7d55, L:/127.0.0.1:59035 - R:localhost/127.0.0.1:53550] for POST '/session/7a6f17a82db492013e0b71c425513642/element'
14:41:27.527 [AsyncHttpClient-1-2] DEBUG org.asynchttpclient.netty.handler.HttpHandler - 

Request DefaultHttpRequest(decodeResult: success, version: HTTP/1.1)
POST /session/7a6f17a82db492013e0b71c425513642/element HTTP/1.1
User-Agent: selenium/4.5.0 (java windows)
Content-Length: 53
Content-Type: application/json; charset=utf-8
host: localhost:53550
accept: */*

Response DefaultHttpResponse(decodeResult: success, version: HTTP/1.1)
HTTP/1.1 200 OK
Content-Type: application/json; charset=utf-8
cache-control: no-cache
content-length: 126

14:41:27.527 [AsyncHttpClient-1-2] DEBUG org.asynchttpclient.netty.channel.ChannelManager - Adding key: http://localhost:53550 for channel [id: 0x81af7d55, L:/127.0.0.1:59035 - R:localhost/127.0.0.1:53550]
14:41:27.532 [Forwarding clickElement on session 7a6f17a82db492013e0b71c425513642 to remote] DEBUG org.asynchttpclient.netty.request.NettyRequestSender - Using pooled Channel '[id: 0x81af7d55, L:/127.0.0.1:59035 - R:localhost/127.0.0.1:53550]' for 'POST' to 'http://localhost:53550/session/7a6f17a82db492013e0b71c425513642/element/f.A36923C785C34B406A7EB1FACFF229EF.d.66610ADEF437DC3FD0342AFA941DA238.e.49/click'
14:41:27.533 [Forwarding clickElement on session 7a6f17a82db492013e0b71c425513642 to remote] DEBUG org.asynchttpclient.netty.request.NettyRequestSender - Using open Channel [id: 0x81af7d55, L:/127.0.0.1:59035 - R:localhost/127.0.0.1:53550] for POST '/session/7a6f17a82db492013e0b71c425513642/element/f.A36923C785C34B406A7EB1FACFF229EF.d.66610ADEF437DC3FD0342AFA941DA238.e.49/click'
14:41:27.668 [AsyncHttpClient-1-2] DEBUG org.asynchttpclient.netty.handler.HttpHandler - 

Request DefaultHttpRequest(decodeResult: success, version: HTTP/1.1)
POST /session/7a6f17a82db492013e0b71c425513642/element/f.A36923C785C34B406A7EB1FACFF229EF.d.66610ADEF437DC3FD0342AFA941DA238.e.49/click HTTP/1.1
User-Agent: selenium/4.5.0 (java windows)
Content-Length: 88
Content-Type: application/json; charset=utf-8
host: localhost:53550
accept: */*

Response DefaultHttpResponse(decodeResult: success, version: HTTP/1.1)
HTTP/1.1 200 OK
Content-Type: application/json; charset=utf-8
cache-control: no-cache
content-length: 14

14:41:27.668 [AsyncHttpClient-1-2] DEBUG org.asynchttpclient.netty.channel.ChannelManager - Adding key: http://localhost:53550 for channel [id: 0x81af7d55, L:/127.0.0.1:59035 - R:localhost/127.0.0.1:53550]
14:41:27.671 [Forwarding findElement on session 7a6f17a82db492013e0b71c425513642 to remote] DEBUG org.asynchttpclient.netty.request.NettyRequestSender - Using pooled Channel '[id: 0x81af7d55, L:/127.0.0.1:59035 - R:localhost/127.0.0.1:53550]' for 'POST' to 'http://localhost:53550/session/7a6f17a82db492013e0b71c425513642/element'
14:41:27.672 [Forwarding findElement on session 7a6f17a82db492013e0b71c425513642 to remote] DEBUG org.asynchttpclient.netty.request.NettyRequestSender - Using open Channel [id: 0x81af7d55, L:/127.0.0.1:59035 - R:localhost/127.0.0.1:53550] for POST '/session/7a6f17a82db492013e0b71c425513642/element'
14:41:27.715 [AsyncHttpClient-1-2] DEBUG org.asynchttpclient.netty.handler.HttpHandler - 

Request DefaultHttpRequest(decodeResult: success, version: HTTP/1.1)
POST /session/7a6f17a82db492013e0b71c425513642/element HTTP/1.1
User-Agent: selenium/4.5.0 (java windows)
Content-Length: 57
Content-Type: application/json; charset=utf-8
host: localhost:53550
accept: */*

Response DefaultHttpResponse(decodeResult: success, version: HTTP/1.1)
HTTP/1.1 200 OK
Content-Type: application/json; charset=utf-8
cache-control: no-cache
content-length: 126

14:41:27.715 [AsyncHttpClient-1-2] DEBUG org.asynchttpclient.netty.channel.ChannelManager - Adding key: http://localhost:53550 for channel [id: 0x81af7d55, L:/127.0.0.1:59035 - R:localhost/127.0.0.1:53550]
14:41:27.718 [Forwarding sendKeysToElement on session 7a6f17a82db492013e0b71c425513642 to remote] DEBUG org.asynchttpclient.netty.request.NettyRequestSender - Using pooled Channel '[id: 0x81af7d55, L:/127.0.0.1:59035 - R:localhost/127.0.0.1:53550]' for 'POST' to 'http://localhost:53550/session/7a6f17a82db492013e0b71c425513642/element/f.A36923C785C34B406A7EB1FACFF229EF.d.66610ADEF437DC3FD0342AFA941DA238.e.59/value'
14:41:27.718 [Forwarding sendKeysToElement on session 7a6f17a82db492013e0b71c425513642 to remote] DEBUG org.asynchttpclient.netty.request.NettyRequestSender - Using open Channel [id: 0x81af7d55, L:/127.0.0.1:59035 - R:localhost/127.0.0.1:53550] for POST '/session/7a6f17a82db492013e0b71c425513642/element/f.A36923C785C34B406A7EB1FACFF229EF.d.66610ADEF437DC3FD0342AFA941DA238.e.59/value'
14:41:27.854 [AsyncHttpClient-1-2] DEBUG org.asynchttpclient.netty.handler.HttpHandler - 

Request DefaultHttpRequest(decodeResult: success, version: HTTP/1.1)
POST /session/7a6f17a82db492013e0b71c425513642/element/f.A36923C785C34B406A7EB1FACFF229EF.d.66610ADEF437DC3FD0342AFA941DA238.e.59/value HTTP/1.1
User-Agent: selenium/4.5.0 (java windows)
Content-Length: 169
Content-Type: application/json; charset=utf-8
host: localhost:53550
accept: */*

Response DefaultHttpResponse(decodeResult: success, version: HTTP/1.1)
HTTP/1.1 200 OK
Content-Type: application/json; charset=utf-8
cache-control: no-cache
content-length: 14

14:41:27.855 [AsyncHttpClient-1-2] DEBUG org.asynchttpclient.netty.channel.ChannelManager - Adding key: http://localhost:53550 for channel [id: 0x81af7d55, L:/127.0.0.1:59035 - R:localhost/127.0.0.1:53550]
14:41:27.857 [Forwarding findElement on session 7a6f17a82db492013e0b71c425513642 to remote] DEBUG org.asynchttpclient.netty.request.NettyRequestSender - Using pooled Channel '[id: 0x81af7d55, L:/127.0.0.1:59035 - R:localhost/127.0.0.1:53550]' for 'POST' to 'http://localhost:53550/session/7a6f17a82db492013e0b71c425513642/element'
14:41:27.857 [Forwarding findElement on session 7a6f17a82db492013e0b71c425513642 to remote] DEBUG org.asynchttpclient.netty.request.NettyRequestSender - Using open Channel [id: 0x81af7d55, L:/127.0.0.1:59035 - R:localhost/127.0.0.1:53550] for POST '/session/7a6f17a82db492013e0b71c425513642/element'
14:41:27.877 [AsyncHttpClient-1-2] DEBUG org.asynchttpclient.netty.handler.HttpHandler - 

Request DefaultHttpRequest(decodeResult: success, version: HTTP/1.1)
POST /session/7a6f17a82db492013e0b71c425513642/element HTTP/1.1
User-Agent: selenium/4.5.0 (java windows)
Content-Length: 56
Content-Type: application/json; charset=utf-8
host: localhost:53550
accept: */*

Response DefaultHttpResponse(decodeResult: success, version: HTTP/1.1)
HTTP/1.1 200 OK
Content-Type: application/json; charset=utf-8
cache-control: no-cache
content-length: 126

14:41:27.878 [AsyncHttpClient-1-2] DEBUG org.asynchttpclient.netty.channel.ChannelManager - Adding key: http://localhost:53550 for channel [id: 0x81af7d55, L:/127.0.0.1:59035 - R:localhost/127.0.0.1:53550]
14:41:27.881 [Forwarding sendKeysToElement on session 7a6f17a82db492013e0b71c425513642 to remote] DEBUG org.asynchttpclient.netty.request.NettyRequestSender - Using pooled Channel '[id: 0x81af7d55, L:/127.0.0.1:59035 - R:localhost/127.0.0.1:53550]' for 'POST' to 'http://localhost:53550/session/7a6f17a82db492013e0b71c425513642/element/f.A36923C785C34B406A7EB1FACFF229EF.d.66610ADEF437DC3FD0342AFA941DA238.e.62/value'
14:41:27.881 [Forwarding sendKeysToElement on session 7a6f17a82db492013e0b71c425513642 to remote] DEBUG org.asynchttpclient.netty.request.NettyRequestSender - Using open Channel [id: 0x81af7d55, L:/127.0.0.1:59035 - R:localhost/127.0.0.1:53550] for POST '/session/7a6f17a82db492013e0b71c425513642/element/f.A36923C785C34B406A7EB1FACFF229EF.d.66610ADEF437DC3FD0342AFA941DA238.e.62/value'
14:41:28.053 [AsyncHttpClient-1-1] DEBUG org.asynchttpclient.netty.channel.DefaultChannelPool - Entry count for : http://localhost:9222 : 1
14:41:28.092 [AsyncHttpClient-1-2] DEBUG org.asynchttpclient.netty.handler.HttpHandler - 

Request DefaultHttpRequest(decodeResult: success, version: HTTP/1.1)
POST /session/7a6f17a82db492013e0b71c425513642/element/f.A36923C785C34B406A7EB1FACFF229EF.d.66610ADEF437DC3FD0342AFA941DA238.e.62/value HTTP/1.1
User-Agent: selenium/4.5.0 (java windows)
Content-Length: 189
Content-Type: application/json; charset=utf-8
host: localhost:53550
accept: */*

Response DefaultHttpResponse(decodeResult: success, version: HTTP/1.1)
HTTP/1.1 200 OK
Content-Type: application/json; charset=utf-8
cache-control: no-cache
content-length: 14

14:41:28.093 [AsyncHttpClient-1-2] DEBUG org.asynchttpclient.netty.channel.ChannelManager - Adding key: http://localhost:53550 for channel [id: 0x81af7d55, L:/127.0.0.1:59035 - R:localhost/127.0.0.1:53550]
14:41:28.098 [Forwarding findElement on session 7a6f17a82db492013e0b71c425513642 to remote] DEBUG org.asynchttpclient.netty.request.NettyRequestSender - Using pooled Channel '[id: 0x81af7d55, L:/127.0.0.1:59035 - R:localhost/127.0.0.1:53550]' for 'POST' to 'http://localhost:53550/session/7a6f17a82db492013e0b71c425513642/element'
14:41:28.099 [Forwarding findElement on session 7a6f17a82db492013e0b71c425513642 to remote] DEBUG org.asynchttpclient.netty.request.NettyRequestSender - Using open Channel [id: 0x81af7d55, L:/127.0.0.1:59035 - R:localhost/127.0.0.1:53550] for POST '/session/7a6f17a82db492013e0b71c425513642/element'
14:41:28.128 [AsyncHttpClient-1-2] DEBUG org.asynchttpclient.netty.handler.HttpHandler - 

Request DefaultHttpRequest(decodeResult: success, version: HTTP/1.1)
POST /session/7a6f17a82db492013e0b71c425513642/element HTTP/1.1
User-Agent: selenium/4.5.0 (java windows)
Content-Length: 58
Content-Type: application/json; charset=utf-8
host: localhost:53550
accept: */*

Response DefaultHttpResponse(decodeResult: success, version: HTTP/1.1)
HTTP/1.1 200 OK
Content-Type: application/json; charset=utf-8
cache-control: no-cache
content-length: 126

14:41:28.129 [AsyncHttpClient-1-2] DEBUG org.asynchttpclient.netty.channel.ChannelManager - Adding key: http://localhost:53550 for channel [id: 0x81af7d55, L:/127.0.0.1:59035 - R:localhost/127.0.0.1:53550]
14:41:28.157 [Forwarding sendKeysToElement on session 7a6f17a82db492013e0b71c425513642 to remote] DEBUG org.asynchttpclient.netty.request.NettyRequestSender - Using pooled Channel '[id: 0x81af7d55, L:/127.0.0.1:59035 - R:localhost/127.0.0.1:53550]' for 'POST' to 'http://localhost:53550/session/7a6f17a82db492013e0b71c425513642/element/f.A36923C785C34B406A7EB1FACFF229EF.d.66610ADEF437DC3FD0342AFA941DA238.e.63/value'
14:41:28.159 [Forwarding sendKeysToElement on session 7a6f17a82db492013e0b71c425513642 to remote] DEBUG org.asynchttpclient.netty.request.NettyRequestSender - Using open Channel [id: 0x81af7d55, L:/127.0.0.1:59035 - R:localhost/127.0.0.1:53550] for POST '/session/7a6f17a82db492013e0b71c425513642/element/f.A36923C785C34B406A7EB1FACFF229EF.d.66610ADEF437DC3FD0342AFA941DA238.e.63/value'
14:41:28.314 [AsyncHttpClient-1-2] DEBUG org.asynchttpclient.netty.handler.HttpHandler - 

Request DefaultHttpRequest(decodeResult: success, version: HTTP/1.1)
POST /session/7a6f17a82db492013e0b71c425513642/element/f.A36923C785C34B406A7EB1FACFF229EF.d.66610ADEF437DC3FD0342AFA941DA238.e.63/value HTTP/1.1
User-Agent: selenium/4.5.0 (java windows)
Content-Length: 179
Content-Type: application/json; charset=utf-8
host: localhost:53550
accept: */*

Response DefaultHttpResponse(decodeResult: success, version: HTTP/1.1)
HTTP/1.1 200 OK
Content-Type: application/json; charset=utf-8
cache-control: no-cache
content-length: 14

14:41:28.315 [AsyncHttpClient-1-2] DEBUG org.asynchttpclient.netty.channel.ChannelManager - Adding key: http://localhost:53550 for channel [id: 0x81af7d55, L:/127.0.0.1:59035 - R:localhost/127.0.0.1:53550]
14:41:28.317 [Forwarding findElement on session 7a6f17a82db492013e0b71c425513642 to remote] DEBUG org.asynchttpclient.netty.request.NettyRequestSender - Using pooled Channel '[id: 0x81af7d55, L:/127.0.0.1:59035 - R:localhost/127.0.0.1:53550]' for 'POST' to 'http://localhost:53550/session/7a6f17a82db492013e0b71c425513642/element'
14:41:28.317 [Forwarding findElement on session 7a6f17a82db492013e0b71c425513642 to remote] DEBUG org.asynchttpclient.netty.request.NettyRequestSender - Using open Channel [id: 0x81af7d55, L:/127.0.0.1:59035 - R:localhost/127.0.0.1:53550] for POST '/session/7a6f17a82db492013e0b71c425513642/element'
14:41:28.333 [AsyncHttpClient-1-2] DEBUG org.asynchttpclient.netty.handler.HttpHandler - 

Request DefaultHttpRequest(decodeResult: success, version: HTTP/1.1)
POST /session/7a6f17a82db492013e0b71c425513642/element HTTP/1.1
User-Agent: selenium/4.5.0 (java windows)
Content-Length: 53
Content-Type: application/json; charset=utf-8
host: localhost:53550
accept: */*

Response DefaultHttpResponse(decodeResult: success, version: HTTP/1.1)
HTTP/1.1 200 OK
Content-Type: application/json; charset=utf-8
cache-control: no-cache
content-length: 126

14:41:28.333 [AsyncHttpClient-1-2] DEBUG org.asynchttpclient.netty.channel.ChannelManager - Adding key: http://localhost:53550 for channel [id: 0x81af7d55, L:/127.0.0.1:59035 - R:localhost/127.0.0.1:53550]
14:41:28.336 [Forwarding clickElement on session 7a6f17a82db492013e0b71c425513642 to remote] DEBUG org.asynchttpclient.netty.request.NettyRequestSender - Using pooled Channel '[id: 0x81af7d55, L:/127.0.0.1:59035 - R:localhost/127.0.0.1:53550]' for 'POST' to 'http://localhost:53550/session/7a6f17a82db492013e0b71c425513642/element/f.A36923C785C34B406A7EB1FACFF229EF.d.66610ADEF437DC3FD0342AFA941DA238.e.67/click'
14:41:28.337 [Forwarding clickElement on session 7a6f17a82db492013e0b71c425513642 to remote] DEBUG org.asynchttpclient.netty.request.NettyRequestSender - Using open Channel [id: 0x81af7d55, L:/127.0.0.1:59035 - R:localhost/127.0.0.1:53550] for POST '/session/7a6f17a82db492013e0b71c425513642/element/f.A36923C785C34B406A7EB1FACFF229EF.d.66610ADEF437DC3FD0342AFA941DA238.e.67/click'
14:41:28.456 [AsyncHttpClient-1-2] DEBUG org.asynchttpclient.netty.handler.HttpHandler - 

Request DefaultHttpRequest(decodeResult: success, version: HTTP/1.1)
POST /session/7a6f17a82db492013e0b71c425513642/element/f.A36923C785C34B406A7EB1FACFF229EF.d.66610ADEF437DC3FD0342AFA941DA238.e.67/click HTTP/1.1
User-Agent: selenium/4.5.0 (java windows)
Content-Length: 88
Content-Type: application/json; charset=utf-8
host: localhost:53550
accept: */*

Response DefaultHttpResponse(decodeResult: success, version: HTTP/1.1)
HTTP/1.1 200 OK
Content-Type: application/json; charset=utf-8
cache-control: no-cache
content-length: 14

14:41:28.456 [AsyncHttpClient-1-2] DEBUG org.asynchttpclient.netty.channel.ChannelManager - Adding key: http://localhost:53550 for channel [id: 0x81af7d55, L:/127.0.0.1:59035 - R:localhost/127.0.0.1:53550]
14:41:28.459 [Forwarding findElement on session 7a6f17a82db492013e0b71c425513642 to remote] DEBUG org.asynchttpclient.netty.request.NettyRequestSender - Using pooled Channel '[id: 0x81af7d55, L:/127.0.0.1:59035 - R:localhost/127.0.0.1:53550]' for 'POST' to 'http://localhost:53550/session/7a6f17a82db492013e0b71c425513642/element'
14:41:28.459 [Forwarding findElement on session 7a6f17a82db492013e0b71c425513642 to remote] DEBUG org.asynchttpclient.netty.request.NettyRequestSender - Using open Channel [id: 0x81af7d55, L:/127.0.0.1:59035 - R:localhost/127.0.0.1:53550] for POST '/session/7a6f17a82db492013e0b71c425513642/element'
14:41:28.474 [AsyncHttpClient-1-2] DEBUG org.asynchttpclient.netty.handler.HttpHandler - 

Request DefaultHttpRequest(decodeResult: success, version: HTTP/1.1)
POST /session/7a6f17a82db492013e0b71c425513642/element HTTP/1.1
User-Agent: selenium/4.5.0 (java windows)
Content-Length: 51
Content-Type: application/json; charset=utf-8
host: localhost:53550
accept: */*

Response DefaultHttpResponse(decodeResult: success, version: HTTP/1.1)
HTTP/1.1 200 OK
Content-Type: application/json; charset=utf-8
cache-control: no-cache
content-length: 126

14:41:28.474 [AsyncHttpClient-1-2] DEBUG org.asynchttpclient.netty.channel.ChannelManager - Adding key: http://localhost:53550 for channel [id: 0x81af7d55, L:/127.0.0.1:59035 - R:localhost/127.0.0.1:53550]
14:41:28.476 [Forwarding clickElement on session 7a6f17a82db492013e0b71c425513642 to remote] DEBUG org.asynchttpclient.netty.request.NettyRequestSender - Using pooled Channel '[id: 0x81af7d55, L:/127.0.0.1:59035 - R:localhost/127.0.0.1:53550]' for 'POST' to 'http://localhost:53550/session/7a6f17a82db492013e0b71c425513642/element/f.A36923C785C34B406A7EB1FACFF229EF.d.66610ADEF437DC3FD0342AFA941DA238.e.75/click'
14:41:28.476 [Forwarding clickElement on session 7a6f17a82db492013e0b71c425513642 to remote] DEBUG org.asynchttpclient.netty.request.NettyRequestSender - Using open Channel [id: 0x81af7d55, L:/127.0.0.1:59035 - R:localhost/127.0.0.1:53550] for POST '/session/7a6f17a82db492013e0b71c425513642/element/f.A36923C785C34B406A7EB1FACFF229EF.d.66610ADEF437DC3FD0342AFA941DA238.e.75/click'
14:41:28.551 [AsyncHttpClient-1-2] DEBUG org.asynchttpclient.netty.handler.HttpHandler - 

Request DefaultHttpRequest(decodeResult: success, version: HTTP/1.1)
POST /session/7a6f17a82db492013e0b71c425513642/element/f.A36923C785C34B406A7EB1FACFF229EF.d.66610ADEF437DC3FD0342AFA941DA238.e.75/click HTTP/1.1
User-Agent: selenium/4.5.0 (java windows)
Content-Length: 88
Content-Type: application/json; charset=utf-8
host: localhost:53550
accept: */*

Response DefaultHttpResponse(decodeResult: success, version: HTTP/1.1)
HTTP/1.1 200 OK
Content-Type: application/json; charset=utf-8
cache-control: no-cache
content-length: 14

14:41:28.552 [AsyncHttpClient-1-2] DEBUG org.asynchttpclient.netty.channel.ChannelManager - Adding key: http://localhost:53550 for channel [id: 0x81af7d55, L:/127.0.0.1:59035 - R:localhost/127.0.0.1:53550]
14:41:28.556 [Forwarding screenshot on session 7a6f17a82db492013e0b71c425513642 to remote] DEBUG org.asynchttpclient.netty.request.NettyRequestSender - Using pooled Channel '[id: 0x81af7d55, L:/127.0.0.1:59035 - R:localhost/127.0.0.1:53550]' for 'GET' to 'http://localhost:53550/session/7a6f17a82db492013e0b71c425513642/screenshot'
14:41:28.556 [Forwarding screenshot on session 7a6f17a82db492013e0b71c425513642 to remote] DEBUG org.asynchttpclient.netty.request.NettyRequestSender - Using open Channel [id: 0x81af7d55, L:/127.0.0.1:59035 - R:localhost/127.0.0.1:53550] for GET '/session/7a6f17a82db492013e0b71c425513642/screenshot'
14:41:28.642 [AsyncHttpClient-1-2] DEBUG org.asynchttpclient.netty.handler.HttpHandler - 

Request DefaultFullHttpRequest(decodeResult: success, version: HTTP/1.1, content: EmptyByteBufBE)
GET /session/7a6f17a82db492013e0b71c425513642/screenshot HTTP/1.1
User-Agent: selenium/4.5.0 (java windows)
Cache-Control: no-cache
Content-Type: application/json; charset=utf-8
host: localhost:53550
accept: */*

Response DefaultHttpResponse(decodeResult: success, version: HTTP/1.1)
HTTP/1.1 200 OK
Content-Type: application/json; charset=utf-8
cache-control: no-cache
content-length: 45344

14:41:28.645 [AsyncHttpClient-1-2] DEBUG org.asynchttpclient.netty.channel.ChannelManager - Adding key: http://localhost:53550 for channel [id: 0x81af7d55, L:/127.0.0.1:59035 - R:localhost/127.0.0.1:53550]
]]></system-out>
    <system-err><![CDATA[Starting ChromeDriver 131.0.6778.69 (77e2244bbcda3ab9362d5b8aeeb006a86a6d4832-refs/branch-heads/6778@{#2141}) on port 53550
Only local connections are allowed.
Please see https://chromedriver.chromium.org/security-considerations for suggestions on keeping ChromeDriver safe.
ChromeDriver was started successfully on port 53550.
Nov 14, 2024 2:41:20 PM org.openqa.selenium.remote.ProtocolHandshake createSession
INFO: Detected upstream dialect: W3C
Nov 14, 2024 2:41:21 PM org.openqa.selenium.devtools.CdpVersionFinder findNearestMatch
WARNING: Unable to find an exact match for CDP version 131, so returning the closest version found: a no-op implementation
Nov 14, 2024 2:41:21 PM org.openqa.selenium.devtools.CdpVersionFinder findNearestMatch
INFO: Unable to find CDP implementation matching 131.
Nov 14, 2024 2:41:21 PM org.openqa.selenium.chromium.ChromiumDriver lambda$new$3
WARNING: Unable to find version of CDP to use for . You may need to include a dependency on a specific version of the CDP using something similar to `org.seleniumhq.selenium:selenium-devtools-v86:4.5.0` where the version ("v86") matches the version of the chromium-based browser you're using and the version number of the artifact is the same as Selenium's.
]]></system-err>
  </testcase>
</testsuite>